./bin/vbsvvhjets_semimerged --input_ttree=Events --output_dir=/home/users/eslam.zenhom/public_html/uf_work/vbs2/analysis/studies/vbsvvhjets_semimerged/output_abcdnet_v3/2016preVFP --output_name=QCD_HT700to1000 --output_ttree=tree --variation=nominal --scale_factor=8.39881104119923094231126015074551105499267578125 /home/users/eslam.zenhom/public_html/skimdata/bkg_0lep_2ak4_2ak8_ttH/QCD_HT700to1000_TuneCP5_PSWeights_13TeV-madgraph-pythia8_RunIISummer20UL16NanoAODAPVv9-106X_mcRun2_asymptotic_preVFP_v11-v1_NANOAODSIM_bkg_0lep_2ak4_2ak8_ttH/merged.root
Cutflow
└☑─Bookkeeping
   pass: 1193699 (raw) 9.91747e+06 (wgt)
   fail: 0 (raw)
   └☑─SaveSystWeights
      pass: 1193699 (raw) 9.91747e+06 (wgt)
      fail: 0 (raw)
      └☑─PassesEventFilters
         pass: 1192734 (raw) 9.90963e+06 (wgt)
         fail: 965 (raw) 7831.94 (wgt)
         └☑─PassesTriggers
            pass: 1109800 (raw) 9.22819e+06 (wgt)
            fail: 82934 (raw) 681441 (wgt)
            └☑─SelectLeptons
               pass: 1109800 (raw) 9.22819e+06 (wgt)
               fail: 0 (raw)
               └☑─NoLeptons
                  pass: 1109800 (raw) 9.22819e+06 (wgt)
                  fail: 0 (raw)
                  └☑─SelectFatJets
                     pass: 1109800 (raw) 9.22819e+06 (wgt)
                     fail: 0 (raw)
                     └☑─TriggerPlateauCuts
                        pass: 10665 (raw) 89224.2 (wgt)
                        fail: 1099135 (raw) 9.13897e+06 (wgt)
                        └☑─Geq3FatJets
                           pass: 66 (raw) 536.784 (wgt)
                           fail: 10599 (raw) 88687.4 (wgt)
                           ├☑─AllMerged_SelectVVHFatJets
                           │  pass: 66 (raw) 536.784 (wgt)
                           │  fail: 0 (raw)
                           │  └☑─AllMerged_SelectJets
                           │     pass: 66 (raw) 537.465 (wgt)
                           │     fail: 0 (raw)
                           │     └☑─AllMerged_SelectVBSJets
                           │        pass: 23 (raw) 183.086 (wgt)
                           │        fail: 43 (raw) 354.379 (wgt)
                           │        └☑─AllMerged_SaveVariables
                           │           pass: 23 (raw) 183.086 (wgt)
                           │           fail: 0 (raw)
                           │           └☑─AllMerged_MjjGt500
                           │              pass: 3 (raw) 24.3559 (wgt)
                           │              fail: 20 (raw) 158.73 (wgt)
                           │              └☑─AllMerged_detajjGt3
                           │                 pass: 3 (raw) 24.3559 (wgt)
                           │                 fail: 0 (raw)
                           │                 └☑─AllMerged_XbbGt0p9
                           │                    pass: 0 (raw)
                           │                    fail: 3 (raw) 24.3559 (wgt)
                           │                    └☑─AllMerged_XVqqGt0p9
                           │                       pass: 0 (raw)
                           │                       fail: 0 (raw)
                           │                       └☑─AllMerged_STGt1300
                           │                          pass: 0 (raw)
                           │                          fail: 0 (raw)
                           │                          └☑─AllMerged_HbbMSDLt150
                           │                             pass: 0 (raw)
                           │                             fail: 0 (raw)
                           │                             └☑─AllMerged_VqqMSDLt120
                           │                                pass: 0 (raw)
                           │                                fail: 0 (raw)
                           └☒─Exactly2FatJets
                              └☑─SemiMerged_SelectVVHFatJets
                                 pass: 10599 (raw) 88687.4 (wgt)
                                 fail: 0 (raw)
                                 └☑─SemiMerged_SelectJets
                                    pass: 10599 (raw) 88886.4 (wgt)
                                    fail: 0 (raw)
                                    └☑─SemiMerged_Geq4Jets
                                       pass: 1623 (raw) 13260.4 (wgt)
                                       fail: 8976 (raw) 75626 (wgt)
                                       └☑─SemiMerged_SelectVJets
                                          pass: 1623 (raw) 13260.4 (wgt)
                                          fail: 0 (raw)
                                          └☑─SemiMerged_SelectVBSJets
                                             pass: 825 (raw) 6716.2 (wgt)
                                             fail: 798 (raw) 6544.21 (wgt)
                                             └☑─SemiMerged_SaveVariables
                                                pass: 825 (raw) 6716.2 (wgt)
                                                fail: 0 (raw)
                                                └☑─Addition_Vqqjets
                                                   pass: 825 (raw) 6716.2 (wgt)
                                                   fail: 0 (raw)
                                                   └☑─Cut1
                                                      pass: 159 (raw) 1270.82 (wgt)
                                                      fail: 666 (raw) 5445.38 (wgt)
                                                      └☑─Cut2
                                                         pass: 11 (raw) 88.7262 (wgt)
                                                         fail: 148 (raw) 1182.1 (wgt)
                                                         └☑─Cut3
                                                            pass: 7 (raw) 54.4246 (wgt)
                                                            fail: 4 (raw) 34.3016 (wgt)
                                                            └☑─SemiMerged_MjjGt500
                                                               pass: 3 (raw) 24.2497 (wgt)
                                                               fail: 4 (raw) 30.1749 (wgt)
                                                               └☑─SemiMerged_detajjGt3
                                                                  pass: 3 (raw) 24.2497 (wgt)
                                                                  fail: 0 (raw)
                                                                  └☑─SemiMerged_XbbGt0p9
                                                                     pass: 1 (raw) 6.7927 (wgt)
                                                                     fail: 2 (raw) 17.457 (wgt)
                                                                     └☑─SemiMerged_XVqqGt0p9
                                                                        pass: 1 (raw) 6.7927 (wgt)
                                                                        fail: 0 (raw)
                                                                        └☑─SemiMerged_STGt1300
                                                                           pass: 0 (raw)
                                                                           fail: 1 (raw) 6.7927 (wgt)
                                                                           └☑─SemiMerged_HbbMSDLt150
                                                                              pass: 0 (raw)
                                                                              fail: 0 (raw)
                                                                              └☑─SemiMerged_VqqMSDLt120
                                                                                 pass: 0 (raw)
                                                                                 fail: 0 (raw)
                                                                                 └☑─SemiMerged_VqqMjjLt120
                                                                                    pass: 0 (raw)
                                                                                    fail: 0 (raw)
