./bin/vbsvvhjets_semimerged --input_ttree=Events --output_dir=/home/users/eslam.zenhom/public_html/uf_work/vbs2/analysis/studies/vbsvvhjets_semimerged/output_abcdnet_v3/2016preVFP --output_name=TTWZ --output_ttree=tree --variation=nominal --scale_factor=0.00054154057142857142150005334002571544260717928409576416015625 /home/users/eslam.zenhom/public_html/skimdata/bkg_0lep_2ak4_2ak8_ttH/TTWZ_TuneCP5_13TeV-madgraph-pythia8_RunIISummer20UL16NanoAODAPVv9-106X_mcRun2_asymptotic_preVFP_v11-v1_NANOAODSIM_bkg_0lep_2ak4_2ak8_ttH/merged.root
Cutflow
└☑─Bookkeeping
   pass: 8829 (raw) 4.70682 (wgt)
   fail: 0 (raw)
   └☑─SaveSystWeights
      pass: 8829 (raw) 4.70682 (wgt)
      fail: 0 (raw)
      └☑─PassesEventFilters
         pass: 8784 (raw) 4.68254 (wgt)
         fail: 45 (raw) 0.0242799 (wgt)
         └☑─PassesTriggers
            pass: 8681 (raw) 4.62905 (wgt)
            fail: 103 (raw) 0.0534816 (wgt)
            └☑─SelectLeptons
               pass: 8681 (raw) 4.62905 (wgt)
               fail: 0 (raw)
               └☑─NoLeptons
                  pass: 8681 (raw) 4.62905 (wgt)
                  fail: 0 (raw)
                  └☑─SelectFatJets
                     pass: 8681 (raw) 4.62905 (wgt)
                     fail: 0 (raw)
                     └☑─TriggerPlateauCuts
                        pass: 3807 (raw) 2.04298 (wgt)
                        fail: 4874 (raw) 2.58607 (wgt)
                        └☑─Geq3FatJets
                           pass: 603 (raw) 0.326774 (wgt)
                           fail: 3204 (raw) 1.71621 (wgt)
                           ├☑─AllMerged_SelectVVHFatJets
                           │  pass: 603 (raw) 0.326774 (wgt)
                           │  fail: 0 (raw)
                           │  └☑─AllMerged_SelectJets
                           │     pass: 603 (raw) 0.327284 (wgt)
                           │     fail: 0 (raw)
                           │     └☑─AllMerged_SelectVBSJets
                           │        pass: 338 (raw) 0.184489 (wgt)
                           │        fail: 265 (raw) 0.142795 (wgt)
                           │        └☑─AllMerged_SaveVariables
                           │           pass: 338 (raw) 0.184489 (wgt)
                           │           fail: 0 (raw)
                           │           └☑─AllMerged_MjjGt500
                           │              pass: 41 (raw) 0.022182 (wgt)
                           │              fail: 297 (raw) 0.162307 (wgt)
                           │              └☑─AllMerged_detajjGt3
                           │                 pass: 35 (raw) 0.0190832 (wgt)
                           │                 fail: 6 (raw) 0.00309876 (wgt)
                           │                 └☑─AllMerged_XbbGt0p9
                           │                    pass: 18 (raw) 0.00944088 (wgt)
                           │                    fail: 17 (raw) 0.00964234 (wgt)
                           │                    └☑─AllMerged_XVqqGt0p9
                           │                       pass: 2 (raw) 0.00111504 (wgt)
                           │                       fail: 16 (raw) 0.00832584 (wgt)
                           │                       └☑─AllMerged_STGt1300
                           │                          pass: 2 (raw) 0.00111504 (wgt)
                           │                          fail: 0 (raw)
                           │                          └☑─AllMerged_HbbMSDLt150
                           │                             pass: 1 (raw) 0.000564962 (wgt)
                           │                             fail: 1 (raw) 0.000550079 (wgt)
                           │                             └☑─AllMerged_VqqMSDLt120
                           │                                pass: 0 (raw)
                           │                                fail: 1 (raw) 0.000564962 (wgt)
                           └☒─Exactly2FatJets
                              └☑─SemiMerged_SelectVVHFatJets
                                 pass: 3204 (raw) 1.71621 (wgt)
                                 fail: 0 (raw)
                                 └☑─SemiMerged_SelectJets
                                    pass: 3204 (raw) 1.71981 (wgt)
                                    fail: 0 (raw)
                                    └☑─SemiMerged_Geq4Jets
                                       pass: 1783 (raw) 0.951731 (wgt)
                                       fail: 1421 (raw) 0.768083 (wgt)
                                       └☑─SemiMerged_SelectVJets
                                          pass: 1783 (raw) 0.951731 (wgt)
                                          fail: 0 (raw)
                                          └☑─SemiMerged_SelectVBSJets
                                             pass: 1289 (raw) 0.687204 (wgt)
                                             fail: 494 (raw) 0.264527 (wgt)
                                             └☑─SemiMerged_SaveVariables
                                                pass: 1289 (raw) 0.687204 (wgt)
                                                fail: 0 (raw)
                                                └☑─Addition_Vqqjets
                                                   pass: 1289 (raw) 0.687204 (wgt)
                                                   fail: 0 (raw)
                                                   └☑─Cut1
                                                      pass: 1005 (raw) 0.534015 (wgt)
                                                      fail: 284 (raw) 0.15319 (wgt)
                                                      └☑─Cut2
                                                         pass: 582 (raw) 0.309722 (wgt)
                                                         fail: 423 (raw) 0.224293 (wgt)
                                                         └☑─Cut3
                                                            pass: 454 (raw) 0.240395 (wgt)
                                                            fail: 128 (raw) 0.0693273 (wgt)
                                                            └☑─SemiMerged_MjjGt500
                                                               pass: 58 (raw) 0.0302734 (wgt)
                                                               fail: 396 (raw) 0.210121 (wgt)
                                                               └☑─SemiMerged_detajjGt3
                                                                  pass: 51 (raw) 0.0267508 (wgt)
                                                                  fail: 7 (raw) 0.00352263 (wgt)
                                                                  └☑─SemiMerged_XbbGt0p9
                                                                     pass: 37 (raw) 0.0190233 (wgt)
                                                                     fail: 14 (raw) 0.00772748 (wgt)
                                                                     └☑─SemiMerged_XVqqGt0p9
                                                                        pass: 14 (raw) 0.00739456 (wgt)
                                                                        fail: 23 (raw) 0.0116288 (wgt)
                                                                        └☑─SemiMerged_STGt1300
                                                                           pass: 5 (raw) 0.00266748 (wgt)
                                                                           fail: 9 (raw) 0.00472709 (wgt)
                                                                           └☑─SemiMerged_HbbMSDLt150
                                                                              pass: 3 (raw) 0.00171802 (wgt)
                                                                              fail: 2 (raw) 0.00094946 (wgt)
                                                                              └☑─SemiMerged_VqqMSDLt120
                                                                                 pass: 2 (raw) 0.00111238 (wgt)
                                                                                 fail: 1 (raw) 0.000605639 (wgt)
                                                                                 └☑─SemiMerged_VqqMjjLt120
                                                                                    pass: 2 (raw) 0.00111238 (wgt)
                                                                                    fail: 0 (raw)
