./bin/vbsvvhjets_semimerged --input_ttree=Events --output_dir=/home/users/eslam.zenhom/public_html/uf_work/vbs2/analysis/studies/vbsvvhjets_semimerged/output_abcdnet_v3/2016preVFP --output_name=VBSWWH_SS_VBSCuts --output_ttree=tree --variation=nominal --is_signal --scale_factor=0.0005520256000000000294603008654803488752804696559906005859375 /home/users/eslam.zenhom/public_html/skimdata/sig_0lep_2ak4_2ak8_ttH/VBSWWH_SS_VBSCuts_TuneCP5_RunIISummer20UL16APV-106X_privateMC_NANOGEN_v2/merged.root
Cutflow
└☑─Bookkeeping
   pass: 100000 (raw) 53.1831 (wgt)
   fail: 0 (raw)
   └☑─SaveSystWeights
      pass: 100000 (raw) 53.1831 (wgt)
      fail: 0 (raw)
      └☑─PassesEventFilters
         pass: 99249 (raw) 52.7832 (wgt)
         fail: 751 (raw) 0.399903 (wgt)
         └☑─PassesTriggers
            pass: 64272 (raw) 34.2743 (wgt)
            fail: 34977 (raw) 18.5089 (wgt)
            └☑─SelectLeptons
               pass: 64272 (raw) 34.2743 (wgt)
               fail: 0 (raw)
               └☑─NoLeptons
                  pass: 35034 (raw) 18.6845 (wgt)
                  fail: 29238 (raw) 15.5899 (wgt)
                  └☑─SelectFatJets
                     pass: 35034 (raw) 18.6845 (wgt)
                     fail: 0 (raw)
                     └☑─TriggerPlateauCuts
                        pass: 22382 (raw) 12.0151 (wgt)
                        fail: 12652 (raw) 6.66939 (wgt)
                        └☑─Geq3FatJets
                           pass: 4549 (raw) 2.45839 (wgt)
                           fail: 17833 (raw) 9.55671 (wgt)
                           ├☑─AllMerged_SelectVVHFatJets
                           │  pass: 4549 (raw) 2.45839 (wgt)
                           │  fail: 0 (raw)
                           │  └☑─AllMerged_SelectJets
                           │     pass: 4549 (raw) 2.47532 (wgt)
                           │     fail: 0 (raw)
                           │     └☑─AllMerged_SelectVBSJets
                           │        pass: 1940 (raw) 1.04271 (wgt)
                           │        fail: 2609 (raw) 1.43261 (wgt)
                           │        └☑─AllMerged_SaveVariables
                           │           pass: 1940 (raw) 1.04271 (wgt)
                           │           fail: 0 (raw)
                           │           └☑─AllMerged_MjjGt500
                           │              pass: 1693 (raw) 0.909626 (wgt)
                           │              fail: 247 (raw) 0.133085 (wgt)
                           │              └☑─AllMerged_detajjGt3
                           │                 pass: 1685 (raw) 0.905424 (wgt)
                           │                 fail: 8 (raw) 0.00420213 (wgt)
                           │                 └☑─AllMerged_XbbGt0p9
                           │                    pass: 1110 (raw) 0.595276 (wgt)
                           │                    fail: 575 (raw) 0.310147 (wgt)
                           │                    └☑─AllMerged_XVqqGt0p9
                           │                       pass: 447 (raw) 0.239389 (wgt)
                           │                       fail: 663 (raw) 0.355887 (wgt)
                           │                       └☑─AllMerged_STGt1300
                           │                          pass: 442 (raw) 0.236694 (wgt)
                           │                          fail: 5 (raw) 0.00269516 (wgt)
                           │                          └☑─AllMerged_HbbMSDLt150
                           │                             pass: 438 (raw) 0.234822 (wgt)
                           │                             fail: 4 (raw) 0.00187137 (wgt)
                           │                             └☑─AllMerged_VqqMSDLt120
                           │                                pass: 422 (raw) 0.226561 (wgt)
                           │                                fail: 16 (raw) 0.00826155 (wgt)
                           └☒─Exactly2FatJets
                              └☑─SemiMerged_SelectVVHFatJets
                                 pass: 12344 (raw) 6.62492 (wgt)
                                 fail: 0 (raw)
                                 └☑─SemiMerged_SelectJets
                                    pass: 12344 (raw) 6.66937 (wgt)
                                    fail: 0 (raw)
                                    └☑─SemiMerged_Geq4Jets
                                       pass: 4527 (raw) 2.41318 (wgt)
                                       fail: 7817 (raw) 4.25619 (wgt)
                                       └☑─SemiMerged_SelectVJets
                                          pass: 4527 (raw) 2.41318 (wgt)
                                          fail: 0 (raw)
                                          └☑─SemiMerged_SelectVBSJets
                                             pass: 3027 (raw) 1.61017 (wgt)
                                             fail: 1500 (raw) 0.803005 (wgt)
                                             └☑─SemiMerged_SaveVariables
                                                pass: 3027 (raw) 1.61017 (wgt)
                                                fail: 0 (raw)
                                                └☑─Addition_Vqqjets
                                                   pass: 3027 (raw) 1.61017 (wgt)
                                                   fail: 0 (raw)
                                                   └☑─Cut1
                                                      pass: 2545 (raw) 1.35111 (wgt)
                                                      fail: 482 (raw) 0.259059 (wgt)
                                                      └☑─Cut2
                                                         pass: 1190 (raw) 0.630606 (wgt)
                                                         fail: 1355 (raw) 0.720508 (wgt)
                                                         └☑─Cut3
                                                            pass: 1166 (raw) 0.618028 (wgt)
                                                            fail: 24 (raw) 0.0125776 (wgt)
                                                            └☑─SemiMerged_MjjGt500
                                                               pass: 913 (raw) 0.486318 (wgt)
                                                               fail: 253 (raw) 0.13171 (wgt)
                                                               └☑─SemiMerged_detajjGt3
                                                                  pass: 866 (raw) 0.461214 (wgt)
                                                                  fail: 47 (raw) 0.0251044 (wgt)
                                                                  └☑─SemiMerged_XbbGt0p9
                                                                     pass: 728 (raw) 0.387815 (wgt)
                                                                     fail: 138 (raw) 0.0733994 (wgt)
                                                                     └☑─SemiMerged_XVqqGt0p9
                                                                        pass: 512 (raw) 0.272434 (wgt)
                                                                        fail: 216 (raw) 0.11538 (wgt)
                                                                        └☑─SemiMerged_STGt1300
                                                                           pass: 442 (raw) 0.23444 (wgt)
                                                                           fail: 70 (raw) 0.0379945 (wgt)
                                                                           └☑─SemiMerged_HbbMSDLt150
                                                                              pass: 429 (raw) 0.227033 (wgt)
                                                                              fail: 13 (raw) 0.00740682 (wgt)
                                                                              └☑─SemiMerged_VqqMSDLt120
                                                                                 pass: 421 (raw) 0.222833 (wgt)
                                                                                 fail: 8 (raw) 0.00420043 (wgt)
                                                                                 └☑─SemiMerged_VqqMjjLt120
                                                                                    pass: 378 (raw) 0.199952 (wgt)
                                                                                    fail: 43 (raw) 0.0228805 (wgt)
