./bin/vbsvvhjets_semimerged --input_ttree=Events --output_dir=/home/users/eslam.zenhom/public_html/uf_work/vbs2/analysis/studies/vbsvvhjets_semimerged/output_abcdnet_v3/2016preVFP --output_name=VBSWWH_OS_VBSCuts_tthfix --output_ttree=tree --variation=nominal --is_signal --scale_factor=0.00014893760000000001546271999330883772927336394786834716796875 /home/users/eslam.zenhom/public_html/skimdata/sig_0lep_2ak4_2ak8_ttH/VBSWWH_OS_VBSCuts_TuneCP5_RunIISummer20UL16APV-106X_privateMC_NANOGEN_v2/merged_tthfix.root
Cutflow
└☑─Bookkeeping
   pass: 100000 (raw) 14.3675 (wgt)
   fail: 0 (raw)
   └☑─SaveSystWeights
      pass: 100000 (raw) 14.3675 (wgt)
      fail: 0 (raw)
      └☑─PassesEventFilters
         pass: 99440 (raw) 14.2866 (wgt)
         fail: 560 (raw) 0.0808702 (wgt)
         └☑─PassesTriggers
            pass: 56943 (raw) 8.20652 (wgt)
            fail: 42497 (raw) 6.08013 (wgt)
            └☑─SelectLeptons
               pass: 56943 (raw) 8.20652 (wgt)
               fail: 0 (raw)
               └☑─NoLeptons
                  pass: 31518 (raw) 4.54618 (wgt)
                  fail: 25425 (raw) 3.66034 (wgt)
                  └☑─SelectFatJets
                     pass: 31518 (raw) 4.54618 (wgt)
                     fail: 0 (raw)
                     └☑─TriggerPlateauCuts
                        pass: 18184 (raw) 2.64114 (wgt)
                        fail: 13334 (raw) 1.90505 (wgt)
                        └☑─Geq3FatJets
                           pass: 3258 (raw) 0.47453 (wgt)
                           fail: 14926 (raw) 2.16661 (wgt)
                           ├☑─AllMerged_SelectVVHFatJets
                           │  pass: 3258 (raw) 0.47453 (wgt)
                           │  fail: 0 (raw)
                           │  └☑─AllMerged_SelectJets
                           │     pass: 3258 (raw) 0.477193 (wgt)
                           │     fail: 0 (raw)
                           │     └☑─AllMerged_SelectVBSJets
                           │        pass: 1145 (raw) 0.165331 (wgt)
                           │        fail: 2113 (raw) 0.311862 (wgt)
                           │        └☑─AllMerged_SaveVariables
                           │           pass: 1145 (raw) 0.165331 (wgt)
                           │           fail: 0 (raw)
                           │           └☑─AllMerged_MjjGt500
                           │              pass: 982 (raw) 0.141702 (wgt)
                           │              fail: 163 (raw) 0.0236294 (wgt)
                           │              └☑─AllMerged_detajjGt3
                           │                 pass: 975 (raw) 0.140736 (wgt)
                           │                 fail: 7 (raw) 0.000966108 (wgt)
                           │                 └☑─AllMerged_XbbGt0p9
                           │                    pass: 643 (raw) 0.0920334 (wgt)
                           │                    fail: 332 (raw) 0.0487022 (wgt)
                           │                    └☑─AllMerged_XVqqGt0p9
                           │                       pass: 272 (raw) 0.0391881 (wgt)
                           │                       fail: 371 (raw) 0.0528453 (wgt)
                           │                       └☑─AllMerged_STGt1300
                           │                          pass: 271 (raw) 0.0390348 (wgt)
                           │                          fail: 1 (raw) 0.000153362 (wgt)
                           │                          └☑─AllMerged_HbbMSDLt150
                           │                             pass: 268 (raw) 0.0385828 (wgt)
                           │                             fail: 3 (raw) 0.000451908 (wgt)
                           │                             └☑─AllMerged_VqqMSDLt120
                           │                                pass: 256 (raw) 0.0368252 (wgt)
                           │                                fail: 12 (raw) 0.00175768 (wgt)
                           └☒─Exactly2FatJets
                              └☑─SemiMerged_SelectVVHFatJets
                                 pass: 10229 (raw) 1.48538 (wgt)
                                 fail: 0 (raw)
                                 └☑─SemiMerged_SelectJets
                                    pass: 10229 (raw) 1.49411 (wgt)
                                    fail: 0 (raw)
                                    └☑─SemiMerged_Geq4Jets
                                       pass: 3261 (raw) 0.467459 (wgt)
                                       fail: 6968 (raw) 1.02665 (wgt)
                                       └☑─SemiMerged_SelectVJets
                                          pass: 3261 (raw) 0.467459 (wgt)
                                          fail: 0 (raw)
                                          └☑─SemiMerged_SelectVBSJets
                                             pass: 2162 (raw) 0.309141 (wgt)
                                             fail: 1099 (raw) 0.158317 (wgt)
                                             └☑─SemiMerged_SaveVariables
                                                pass: 2162 (raw) 0.309141 (wgt)
                                                fail: 0 (raw)
                                                └☑─Addition_Vqqjets
                                                   pass: 2162 (raw) 0.309141 (wgt)
                                                   fail: 0 (raw)
                                                   └☑─Cut1
                                                      pass: 1836 (raw) 0.262287 (wgt)
                                                      fail: 326 (raw) 0.0468542 (wgt)
                                                      └☑─Cut2
                                                         pass: 916 (raw) 0.130547 (wgt)
                                                         fail: 920 (raw) 0.13174 (wgt)
                                                         └☑─Cut3
                                                            pass: 900 (raw) 0.128327 (wgt)
                                                            fail: 16 (raw) 0.00221997 (wgt)
                                                            └☑─SemiMerged_MjjGt500
                                                               pass: 645 (raw) 0.0922636 (wgt)
                                                               fail: 255 (raw) 0.0360634 (wgt)
                                                               └☑─SemiMerged_detajjGt3
                                                                  pass: 606 (raw) 0.0870052 (wgt)
                                                                  fail: 39 (raw) 0.00525842 (wgt)
                                                                  └☑─SemiMerged_XbbGt0p9
                                                                     pass: 530 (raw) 0.0761191 (wgt)
                                                                     fail: 76 (raw) 0.0108862 (wgt)
                                                                     └☑─SemiMerged_XVqqGt0p9
                                                                        pass: 377 (raw) 0.054548 (wgt)
                                                                        fail: 153 (raw) 0.021571 (wgt)
                                                                        └☑─SemiMerged_STGt1300
                                                                           pass: 309 (raw) 0.0446388 (wgt)
                                                                           fail: 68 (raw) 0.00990924 (wgt)
                                                                           └☑─SemiMerged_HbbMSDLt150
                                                                              pass: 296 (raw) 0.0428595 (wgt)
                                                                              fail: 13 (raw) 0.00177935 (wgt)
                                                                              └☑─SemiMerged_VqqMSDLt120
                                                                                 pass: 286 (raw) 0.0413738 (wgt)
                                                                                 fail: 10 (raw) 0.00148562 (wgt)
                                                                                 └☑─SemiMerged_VqqMjjLt120
                                                                                    pass: 261 (raw) 0.0376619 (wgt)
                                                                                    fail: 25 (raw) 0.0037119 (wgt)
