./bin/vbsvvhjets_semimerged --input_ttree=Events --output_dir=/home/users/eslam.zenhom/public_html/uf_work/vbs2/analysis/studies/vbsvvhjets_semimerged/output_abcdnet_v3/2016preVFP --output_name=WZTo1L1Nu2Q_4f --output_ttree=tree --variation=nominal --scale_factor=0.0174781345273302413101390584415639750659465789794921875 /home/users/eslam.zenhom/public_html/skimdata/bkg_0lep_2ak4_2ak8_ttH/WZTo1L1Nu2Q_4f_TuneCP5_13TeV-amcatnloFXFX-pythia8_RunIISummer20UL16NanoAODAPVv9-106X_mcRun2_asymptotic_preVFP_v11-v1_NANOAODSIM_bkg_0lep_2ak4_2ak8_ttH/merged.root
Cutflow
└☑─Bookkeeping
   pass: 2330 (raw) 678.856 (wgt)
   fail: 0 (raw)
   └☑─SaveSystWeights
      pass: 2330 (raw) 678.856 (wgt)
      fail: 0 (raw)
      └☑─PassesEventFilters
         pass: 2316 (raw) 674.175 (wgt)
         fail: 14 (raw) 4.68084 (wgt)
         └☑─PassesTriggers
            pass: 2175 (raw) 640.026 (wgt)
            fail: 141 (raw) 34.1491 (wgt)
            └☑─SelectLeptons
               pass: 2175 (raw) 640.026 (wgt)
               fail: 0 (raw)
               └☑─NoLeptons
                  pass: 2175 (raw) 640.026 (wgt)
                  fail: 0 (raw)
                  └☑─SelectFatJets
                     pass: 2175 (raw) 640.026 (wgt)
                     fail: 0 (raw)
                     └☑─TriggerPlateauCuts
                        pass: 727 (raw) 220.389 (wgt)
                        fail: 1448 (raw) 419.637 (wgt)
                        └☑─Geq3FatJets
                           pass: 20 (raw) 5.0468 (wgt)
                           fail: 707 (raw) 215.342 (wgt)
                           ├☑─AllMerged_SelectVVHFatJets
                           │  pass: 20 (raw) 5.0468 (wgt)
                           │  fail: 0 (raw)
                           │  └☑─AllMerged_SelectJets
                           │     pass: 20 (raw) 5.05436 (wgt)
                           │     fail: 0 (raw)
                           │     └☑─AllMerged_SelectVBSJets
                           │        pass: 6 (raw) 0.524799 (wgt)
                           │        fail: 14 (raw) 4.52956 (wgt)
                           │        └☑─AllMerged_SaveVariables
                           │           pass: 6 (raw) 0.524799 (wgt)
                           │           fail: 0 (raw)
                           │           └☑─AllMerged_MjjGt500
                           │              pass: 2 (raw) -0.176205 (wgt)
                           │              fail: 4 (raw) 0.701004 (wgt)
                           │              └☑─AllMerged_detajjGt3
                           │                 pass: 1 (raw) -0.491919 (wgt)
                           │                 fail: 1 (raw) 0.315714 (wgt)
                           │                 └☑─AllMerged_XbbGt0p9
                           │                    pass: 0 (raw)
                           │                    fail: 1 (raw) -0.491919 (wgt)
                           │                    └☑─AllMerged_XVqqGt0p9
                           │                       pass: 0 (raw)
                           │                       fail: 0 (raw)
                           │                       └☑─AllMerged_STGt1300
                           │                          pass: 0 (raw)
                           │                          fail: 0 (raw)
                           │                          └☑─AllMerged_HbbMSDLt150
                           │                             pass: 0 (raw)
                           │                             fail: 0 (raw)
                           │                             └☑─AllMerged_VqqMSDLt120
                           │                                pass: 0 (raw)
                           │                                fail: 0 (raw)
                           └☒─Exactly2FatJets
                              └☑─SemiMerged_SelectVVHFatJets
                                 pass: 707 (raw) 215.342 (wgt)
                                 fail: 0 (raw)
                                 └☑─SemiMerged_SelectJets
                                    pass: 707 (raw) 215.799 (wgt)
                                    fail: 0 (raw)
                                    └☑─SemiMerged_Geq4Jets
                                       pass: 145 (raw) 44.482 (wgt)
                                       fail: 562 (raw) 171.317 (wgt)
                                       └☑─SemiMerged_SelectVJets
                                          pass: 145 (raw) 44.482 (wgt)
                                          fail: 0 (raw)
                                          └☑─SemiMerged_SelectVBSJets
                                             pass: 81 (raw) 25.8042 (wgt)
                                             fail: 64 (raw) 18.6778 (wgt)
                                             └☑─SemiMerged_SaveVariables
                                                pass: 81 (raw) 25.8042 (wgt)
                                                fail: 0 (raw)
                                                └☑─Addition_Vqqjets
                                                   pass: 81 (raw) 25.8042 (wgt)
                                                   fail: 0 (raw)
                                                   └☑─Cut1
                                                      pass: 35 (raw) 12.4937 (wgt)
                                                      fail: 46 (raw) 13.3105 (wgt)
                                                      └☑─Cut2
                                                         pass: 3 (raw) 1.44438 (wgt)
                                                         fail: 32 (raw) 11.0493 (wgt)
                                                         └☑─Cut3
                                                            pass: 3 (raw) 1.44438 (wgt)
                                                            fail: 0 (raw)
                                                            └☑─SemiMerged_MjjGt500
                                                               pass: 2 (raw) 1.02802 (wgt)
                                                               fail: 1 (raw) 0.416353 (wgt)
                                                               └☑─SemiMerged_detajjGt3
                                                                  pass: 2 (raw) 1.02802 (wgt)
                                                                  fail: 0 (raw)
                                                                  └☑─SemiMerged_XbbGt0p9
                                                                     pass: 2 (raw) 1.02802 (wgt)
                                                                     fail: 0 (raw)
                                                                     └☑─SemiMerged_XVqqGt0p9
                                                                        pass: 1 (raw) 0.501924 (wgt)
                                                                        fail: 1 (raw) 0.526099 (wgt)
                                                                        └☑─SemiMerged_STGt1300
                                                                           pass: 0 (raw)
                                                                           fail: 1 (raw) 0.501924 (wgt)
                                                                           └☑─SemiMerged_HbbMSDLt150
                                                                              pass: 0 (raw)
                                                                              fail: 0 (raw)
                                                                              └☑─SemiMerged_VqqMSDLt120
                                                                                 pass: 0 (raw)
                                                                                 fail: 0 (raw)
                                                                                 └☑─SemiMerged_VqqMjjLt120
                                                                                    pass: 0 (raw)
                                                                                    fail: 0 (raw)
