./bin/vbsvvhjets_semimerged --input_ttree=Events --output_dir=/home/users/eslam.zenhom/public_html/uf_work/vbs2/analysis/studies/vbsvvhjets_semimerged/output_abcdnet_v3/2016preVFP --output_name=ZJetsToQQ_HT-600to800 --output_ttree=tree --variation=nominal --scale_factor=0.0811698484816410770203987112836330197751522064208984375 /home/users/eslam.zenhom/public_html/skimdata/bkg_0lep_2ak4_2ak8_ttH/ZJetsToQQ_HT-600to800_TuneCP5_13TeV-madgraphMLM-pythia8_RunIISummer20UL16NanoAODAPVv9-106X_mcRun2_asymptotic_preVFP_v11-v2_NANOAODSIM_bkg_0lep_2ak4_2ak8_ttH/merged.root
Cutflow
└☑─Bookkeeping
   pass: 201467 (raw) 16239.5 (wgt)
   fail: 0 (raw)
   └☑─SaveSystWeights
      pass: 201467 (raw) 16239.5 (wgt)
      fail: 0 (raw)
      └☑─PassesEventFilters
         pass: 201265 (raw) 16223.4 (wgt)
         fail: 202 (raw) 16.079 (wgt)
         └☑─PassesTriggers
            pass: 140670 (raw) 11370.5 (wgt)
            fail: 60595 (raw) 4852.88 (wgt)
            └☑─SelectLeptons
               pass: 140670 (raw) 11370.5 (wgt)
               fail: 0 (raw)
               └☑─NoLeptons
                  pass: 140670 (raw) 11370.5 (wgt)
                  fail: 0 (raw)
                  └☑─SelectFatJets
                     pass: 140670 (raw) 11370.5 (wgt)
                     fail: 0 (raw)
                     └☑─TriggerPlateauCuts
                        pass: 44 (raw) 3.46082 (wgt)
                        fail: 140626 (raw) 11367.1 (wgt)
                        └☑─Geq3FatJets
                           pass: 1 (raw) 0.0778464 (wgt)
                           fail: 43 (raw) 3.38297 (wgt)
                           ├☑─AllMerged_SelectVVHFatJets
                           │  pass: 1 (raw) 0.0778464 (wgt)
                           │  fail: 0 (raw)
                           │  └☑─AllMerged_SelectJets
                           │     pass: 1 (raw) 0.0778451 (wgt)
                           │     fail: 0 (raw)
                           │     └☑─AllMerged_SelectVBSJets
                           │        pass: 1 (raw) 0.0778451 (wgt)
                           │        fail: 0 (raw)
                           │        └☑─AllMerged_SaveVariables
                           │           pass: 1 (raw) 0.0778451 (wgt)
                           │           fail: 0 (raw)
                           │           └☑─AllMerged_MjjGt500
                           │              pass: 0 (raw)
                           │              fail: 1 (raw) 0.0778451 (wgt)
                           │              └☑─AllMerged_detajjGt3
                           │                 pass: 0 (raw)
                           │                 fail: 0 (raw)
                           │                 └☑─AllMerged_XbbGt0p9
                           │                    pass: 0 (raw)
                           │                    fail: 0 (raw)
                           │                    └☑─AllMerged_XVqqGt0p9
                           │                       pass: 0 (raw)
                           │                       fail: 0 (raw)
                           │                       └☑─AllMerged_STGt1300
                           │                          pass: 0 (raw)
                           │                          fail: 0 (raw)
                           │                          └☑─AllMerged_HbbMSDLt150
                           │                             pass: 0 (raw)
                           │                             fail: 0 (raw)
                           │                             └☑─AllMerged_VqqMSDLt120
                           │                                pass: 0 (raw)
                           │                                fail: 0 (raw)
                           └☒─Exactly2FatJets
                              └☑─SemiMerged_SelectVVHFatJets
                                 pass: 43 (raw) 3.38297 (wgt)
                                 fail: 0 (raw)
                                 └☑─SemiMerged_SelectJets
                                    pass: 43 (raw) 3.38794 (wgt)
                                    fail: 0 (raw)
                                    └☑─SemiMerged_Geq4Jets
                                       pass: 12 (raw) 0.933758 (wgt)
                                       fail: 31 (raw) 2.45418 (wgt)
                                       └☑─SemiMerged_SelectVJets
                                          pass: 12 (raw) 0.933758 (wgt)
                                          fail: 0 (raw)
                                          └☑─SemiMerged_SelectVBSJets
                                             pass: 12 (raw) 0.933758 (wgt)
                                             fail: 0 (raw)
                                             └☑─SemiMerged_SaveVariables
                                                pass: 12 (raw) 0.933758 (wgt)
                                                fail: 0 (raw)
                                                └☑─Addition_Vqqjets
                                                   pass: 12 (raw) 0.933758 (wgt)
                                                   fail: 0 (raw)
                                                   └☑─Cut1
                                                      pass: 2 (raw) 0.158541 (wgt)
                                                      fail: 10 (raw) 0.775217 (wgt)
                                                      └☑─Cut2
                                                         pass: 0 (raw)
                                                         fail: 2 (raw) 0.158541 (wgt)
                                                         └☑─Cut3
                                                            pass: 0 (raw)
                                                            fail: 0 (raw)
                                                            └☑─SemiMerged_MjjGt500
                                                               pass: 0 (raw)
                                                               fail: 0 (raw)
                                                               └☑─SemiMerged_detajjGt3
                                                                  pass: 0 (raw)
                                                                  fail: 0 (raw)
                                                                  └☑─SemiMerged_XbbGt0p9
                                                                     pass: 0 (raw)
                                                                     fail: 0 (raw)
                                                                     └☑─SemiMerged_XVqqGt0p9
                                                                        pass: 0 (raw)
                                                                        fail: 0 (raw)
                                                                        └☑─SemiMerged_STGt1300
                                                                           pass: 0 (raw)
                                                                           fail: 0 (raw)
                                                                           └☑─SemiMerged_HbbMSDLt150
                                                                              pass: 0 (raw)
                                                                              fail: 0 (raw)
                                                                              └☑─SemiMerged_VqqMSDLt120
                                                                                 pass: 0 (raw)
                                                                                 fail: 0 (raw)
                                                                                 └☑─SemiMerged_VqqMjjLt120
                                                                                    pass: 0 (raw)
                                                                                    fail: 0 (raw)
