./bin/vbsvvhjets_semimerged --input_ttree=Events --output_dir=/home/users/eslam.zenhom/public_html/uf_work/vbs2/analysis/studies/vbsvvhjets_semimerged/output_abcdnet_v3/2016preVFP --output_name=ZZTo2Nu2Q_5f --output_ttree=tree --variation=nominal --scale_factor=0.004777893740471641538525293668726590112783014774322509765625 /home/users/eslam.zenhom/public_html/skimdata/bkg_0lep_2ak4_2ak8_ttH/ZZTo2Nu2Q_5f_TuneCP5_13TeV-amcatnloFXFX-pythia8_RunIISummer20UL16NanoAODAPVv9-106X_mcRun2_asymptotic_preVFP_v11-v1_NANOAODSIM_bkg_0lep_2ak4_2ak8_ttH/merged.root
Cutflow
└☑─Bookkeeping
   pass: 1077 (raw) 41.0638 (wgt)
   fail: 0 (raw)
   └☑─SaveSystWeights
      pass: 1077 (raw) 41.0638 (wgt)
      fail: 0 (raw)
      └☑─PassesEventFilters
         pass: 1071 (raw) 40.7015 (wgt)
         fail: 6 (raw) 0.362329 (wgt)
         └☑─PassesTriggers
            pass: 1002 (raw) 37.665 (wgt)
            fail: 69 (raw) 3.03648 (wgt)
            └☑─SelectLeptons
               pass: 1002 (raw) 37.665 (wgt)
               fail: 0 (raw)
               └☑─NoLeptons
                  pass: 1002 (raw) 37.665 (wgt)
                  fail: 0 (raw)
                  └☑─SelectFatJets
                     pass: 1002 (raw) 37.665 (wgt)
                     fail: 0 (raw)
                     └☑─TriggerPlateauCuts
                        pass: 332 (raw) 13.4505 (wgt)
                        fail: 670 (raw) 24.2145 (wgt)
                        └☑─Geq3FatJets
                           pass: 4 (raw) 0.248743 (wgt)
                           fail: 328 (raw) 13.2017 (wgt)
                           ├☑─AllMerged_SelectVVHFatJets
                           │  pass: 4 (raw) 0.248743 (wgt)
                           │  fail: 0 (raw)
                           │  └☑─AllMerged_SelectJets
                           │     pass: 4 (raw) 0.24858 (wgt)
                           │     fail: 0 (raw)
                           │     └☑─AllMerged_SelectVBSJets
                           │        pass: 2 (raw) 0.131322 (wgt)
                           │        fail: 2 (raw) 0.117258 (wgt)
                           │        └☑─AllMerged_SaveVariables
                           │           pass: 2 (raw) 0.131322 (wgt)
                           │           fail: 0 (raw)
                           │           └☑─AllMerged_MjjGt500
                           │              pass: 1 (raw) 0.0656768 (wgt)
                           │              fail: 1 (raw) 0.0656449 (wgt)
                           │              └☑─AllMerged_detajjGt3
                           │                 pass: 1 (raw) 0.0656768 (wgt)
                           │                 fail: 0 (raw)
                           │                 └☑─AllMerged_XbbGt0p9
                           │                    pass: 0 (raw)
                           │                    fail: 1 (raw) 0.0656768 (wgt)
                           │                    └☑─AllMerged_XVqqGt0p9
                           │                       pass: 0 (raw)
                           │                       fail: 0 (raw)
                           │                       └☑─AllMerged_STGt1300
                           │                          pass: 0 (raw)
                           │                          fail: 0 (raw)
                           │                          └☑─AllMerged_HbbMSDLt150
                           │                             pass: 0 (raw)
                           │                             fail: 0 (raw)
                           │                             └☑─AllMerged_VqqMSDLt120
                           │                                pass: 0 (raw)
                           │                                fail: 0 (raw)
                           └☒─Exactly2FatJets
                              └☑─SemiMerged_SelectVVHFatJets
                                 pass: 328 (raw) 13.2017 (wgt)
                                 fail: 0 (raw)
                                 └☑─SemiMerged_SelectJets
                                    pass: 328 (raw) 13.2383 (wgt)
                                    fail: 0 (raw)
                                    └☑─SemiMerged_Geq4Jets
                                       pass: 39 (raw) 2.03898 (wgt)
                                       fail: 289 (raw) 11.1993 (wgt)
                                       └☑─SemiMerged_SelectVJets
                                          pass: 39 (raw) 2.03898 (wgt)
                                          fail: 0 (raw)
                                          └☑─SemiMerged_SelectVBSJets
                                             pass: 16 (raw) 0.814535 (wgt)
                                             fail: 23 (raw) 1.22445 (wgt)
                                             └☑─SemiMerged_SaveVariables
                                                pass: 16 (raw) 0.814535 (wgt)
                                                fail: 0 (raw)
                                                └☑─Addition_Vqqjets
                                                   pass: 16 (raw) 0.814535 (wgt)
                                                   fail: 0 (raw)
                                                   └☑─Cut1
                                                      pass: 6 (raw) 0.240048 (wgt)
                                                      fail: 10 (raw) 0.574487 (wgt)
                                                      └☑─Cut2
                                                         pass: 1 (raw) 0.0664472 (wgt)
                                                         fail: 5 (raw) 0.173601 (wgt)
                                                         └☑─Cut3
                                                            pass: 1 (raw) 0.0664472 (wgt)
                                                            fail: 0 (raw)
                                                            └☑─SemiMerged_MjjGt500
                                                               pass: 0 (raw)
                                                               fail: 1 (raw) 0.0664472 (wgt)
                                                               └☑─SemiMerged_detajjGt3
                                                                  pass: 0 (raw)
                                                                  fail: 0 (raw)
                                                                  └☑─SemiMerged_XbbGt0p9
                                                                     pass: 0 (raw)
                                                                     fail: 0 (raw)
                                                                     └☑─SemiMerged_XVqqGt0p9
                                                                        pass: 0 (raw)
                                                                        fail: 0 (raw)
                                                                        └☑─SemiMerged_STGt1300
                                                                           pass: 0 (raw)
                                                                           fail: 0 (raw)
                                                                           └☑─SemiMerged_HbbMSDLt150
                                                                              pass: 0 (raw)
                                                                              fail: 0 (raw)
                                                                              └☑─SemiMerged_VqqMSDLt120
                                                                                 pass: 0 (raw)
                                                                                 fail: 0 (raw)
                                                                                 └☑─SemiMerged_VqqMjjLt120
                                                                                    pass: 0 (raw)
                                                                                    fail: 0 (raw)
