./bin/vbsvvhjets_semimerged --input_ttree=Events --output_dir=/home/users/eslam.zenhom/public_html/uf_work/vbs2/analysis/studies/vbsvvhjets_semimerged/output_abcdnet_v3/2016preVFP --output_name=ZZTo4Q_5f --output_ttree=tree --variation=nominal --scale_factor=0.009504944094453161851365763368448824621737003326416015625 /home/users/eslam.zenhom/public_html/skimdata/bkg_0lep_2ak4_2ak8_ttH/ZZTo4Q_5f_TuneCP5_13TeV-amcatnloFXFX-pythia8_RunIISummer20UL16NanoAODAPVv9-106X_mcRun2_asymptotic_preVFP_v11-v1_NANOAODSIM_bkg_0lep_2ak4_2ak8_ttH/merged.root
Cutflow
└☑─Bookkeeping
   pass: 6815 (raw) 387.804 (wgt)
   fail: 0 (raw)
   └☑─SaveSystWeights
      pass: 6815 (raw) 387.804 (wgt)
      fail: 0 (raw)
      └☑─PassesEventFilters
         pass: 6801 (raw) 387.198 (wgt)
         fail: 14 (raw) 0.605528 (wgt)
         └☑─PassesTriggers
            pass: 6191 (raw) 357.083 (wgt)
            fail: 610 (raw) 30.1155 (wgt)
            └☑─SelectLeptons
               pass: 6191 (raw) 357.083 (wgt)
               fail: 0 (raw)
               └☑─NoLeptons
                  pass: 6191 (raw) 357.083 (wgt)
                  fail: 0 (raw)
                  └☑─SelectFatJets
                     pass: 6191 (raw) 357.083 (wgt)
                     fail: 0 (raw)
                     └☑─TriggerPlateauCuts
                        pass: 1420 (raw) 92.6452 (wgt)
                        fail: 4771 (raw) 264.438 (wgt)
                        └☑─Geq3FatJets
                           pass: 50 (raw) 4.27833 (wgt)
                           fail: 1370 (raw) 88.3668 (wgt)
                           ├☑─AllMerged_SelectVVHFatJets
                           │  pass: 50 (raw) 4.27833 (wgt)
                           │  fail: 0 (raw)
                           │  └☑─AllMerged_SelectJets
                           │     pass: 50 (raw) 4.28679 (wgt)
                           │     fail: 0 (raw)
                           │     └☑─AllMerged_SelectVBSJets
                           │        pass: 19 (raw) 2.06137 (wgt)
                           │        fail: 31 (raw) 2.22543 (wgt)
                           │        └☑─AllMerged_SaveVariables
                           │           pass: 19 (raw) 2.06137 (wgt)
                           │           fail: 0 (raw)
                           │           └☑─AllMerged_MjjGt500
                           │              pass: 4 (raw) 0.566295 (wgt)
                           │              fail: 15 (raw) 1.49507 (wgt)
                           │              └☑─AllMerged_detajjGt3
                           │                 pass: 3 (raw) 0.422161 (wgt)
                           │                 fail: 1 (raw) 0.144134 (wgt)
                           │                 └☑─AllMerged_XbbGt0p9
                           │                    pass: 1 (raw) 0.144123 (wgt)
                           │                    fail: 2 (raw) 0.278038 (wgt)
                           │                    └☑─AllMerged_XVqqGt0p9
                           │                       pass: 0 (raw)
                           │                       fail: 1 (raw) 0.144123 (wgt)
                           │                       └☑─AllMerged_STGt1300
                           │                          pass: 0 (raw)
                           │                          fail: 0 (raw)
                           │                          └☑─AllMerged_HbbMSDLt150
                           │                             pass: 0 (raw)
                           │                             fail: 0 (raw)
                           │                             └☑─AllMerged_VqqMSDLt120
                           │                                pass: 0 (raw)
                           │                                fail: 0 (raw)
                           └☒─Exactly2FatJets
                              └☑─SemiMerged_SelectVVHFatJets
                                 pass: 1370 (raw) 88.3668 (wgt)
                                 fail: 0 (raw)
                                 └☑─SemiMerged_SelectJets
                                    pass: 1370 (raw) 88.5051 (wgt)
                                    fail: 0 (raw)
                                    └☑─SemiMerged_Geq4Jets
                                       pass: 274 (raw) 18.017 (wgt)
                                       fail: 1096 (raw) 70.4881 (wgt)
                                       └☑─SemiMerged_SelectVJets
                                          pass: 274 (raw) 18.017 (wgt)
                                          fail: 0 (raw)
                                          └☑─SemiMerged_SelectVBSJets
                                             pass: 167 (raw) 12.2403 (wgt)
                                             fail: 107 (raw) 5.77667 (wgt)
                                             └☑─SemiMerged_SaveVariables
                                                pass: 167 (raw) 12.2403 (wgt)
                                                fail: 0 (raw)
                                                └☑─Addition_Vqqjets
                                                   pass: 167 (raw) 12.2403 (wgt)
                                                   fail: 0 (raw)
                                                   └☑─Cut1
                                                      pass: 77 (raw) 5.02748 (wgt)
                                                      fail: 90 (raw) 7.21285 (wgt)
                                                      └☑─Cut2
                                                         pass: 24 (raw) 2.52346 (wgt)
                                                         fail: 53 (raw) 2.50403 (wgt)
                                                         └☑─Cut3
                                                            pass: 22 (raw) 2.31534 (wgt)
                                                            fail: 2 (raw) 0.208114 (wgt)
                                                            └☑─SemiMerged_MjjGt500
                                                               pass: 6 (raw) 0.705841 (wgt)
                                                               fail: 16 (raw) 1.6095 (wgt)
                                                               └☑─SemiMerged_detajjGt3
                                                                  pass: 5 (raw) 0.61464 (wgt)
                                                                  fail: 1 (raw) 0.0912011 (wgt)
                                                                  └☑─SemiMerged_XbbGt0p9
                                                                     pass: 3 (raw) 0.3578 (wgt)
                                                                     fail: 2 (raw) 0.25684 (wgt)
                                                                     └☑─SemiMerged_XVqqGt0p9
                                                                        pass: 2 (raw) 0.259315 (wgt)
                                                                        fail: 1 (raw) 0.098485 (wgt)
                                                                        └☑─SemiMerged_STGt1300
                                                                           pass: 1 (raw) 0.126315 (wgt)
                                                                           fail: 1 (raw) 0.133 (wgt)
                                                                           └☑─SemiMerged_HbbMSDLt150
                                                                              pass: 1 (raw) 0.126315 (wgt)
                                                                              fail: 0 (raw)
                                                                              └☑─SemiMerged_VqqMSDLt120
                                                                                 pass: 1 (raw) 0.126315 (wgt)
                                                                                 fail: 0 (raw)
                                                                                 └☑─SemiMerged_VqqMjjLt120
                                                                                    pass: 1 (raw) 0.126315 (wgt)
                                                                                    fail: 0 (raw)
