./bin/vbsvvhjets_semimerged --input_ttree=Events --output_dir=/home/users/eslam.zenhom/public_html/uf_work/vbs2/analysis/studies/vbsvvhjets_semimerged/output_abcdnet_v3/2018 --output_name=EWKZ2Jets_ZToNuNu_M-50 --output_ttree=tree --variation=nominal --scale_factor=0.21602478949141123987232049330486916005611419677734375 /home/users/eslam.zenhom/public_html/skimdata/bkg_0lep_2ak4_2ak8_ttH/EWKZ2Jets_ZToNuNu_M-50_TuneCP5_withDipoleRecoil_13TeV-madgraph-pythia8_RunIISummer20UL18NanoAODv9-106X_upgrade2018_realistic_v16_L1v1-v2_NANOAODSIM_bkg_0lep_2ak4_2ak8_ttH/merged.root
Cutflow
└☑─Bookkeeping
   pass: 1531 (raw) 330.936 (wgt)
   fail: 0 (raw)
   └☑─SaveSystWeights
      pass: 1531 (raw) 330.936 (wgt)
      fail: 0 (raw)
      └☑─PassesEventFilters
         pass: 1527 (raw) 330.077 (wgt)
         fail: 4 (raw) 0.858212 (wgt)
         └☑─PassesTriggers
            pass: 1100 (raw) 237.483 (wgt)
            fail: 427 (raw) 92.5943 (wgt)
            └☑─SelectLeptons
               pass: 1100 (raw) 237.483 (wgt)
               fail: 0 (raw)
               └☑─NoLeptons
                  pass: 1100 (raw) 237.483 (wgt)
                  fail: 0 (raw)
                  └☑─SelectFatJets
                     pass: 1100 (raw) 237.483 (wgt)
                     fail: 0 (raw)
                     └☑─TriggerPlateauCuts
                        pass: 577 (raw) 124.447 (wgt)
                        fail: 523 (raw) 113.036 (wgt)
                        └☑─Geq3FatJets
                           pass: 6 (raw) 1.25724 (wgt)
                           fail: 571 (raw) 123.19 (wgt)
                           ├☑─AllMerged_SelectVVHFatJets
                           │  pass: 6 (raw) 1.25724 (wgt)
                           │  fail: 0 (raw)
                           │  └☑─AllMerged_SelectJets
                           │     pass: 6 (raw) 1.25591 (wgt)
                           │     fail: 0 (raw)
                           │     └☑─AllMerged_SelectVBSJets
                           │        pass: 2 (raw) 0.41219 (wgt)
                           │        fail: 4 (raw) 0.843723 (wgt)
                           │        └☑─AllMerged_SaveVariables
                           │           pass: 2 (raw) 0.41219 (wgt)
                           │           fail: 0 (raw)
                           │           └☑─AllMerged_MjjGt500
                           │              pass: 0 (raw)
                           │              fail: 2 (raw) 0.41219 (wgt)
                           │              └☑─AllMerged_detajjGt3
                           │                 pass: 0 (raw)
                           │                 fail: 0 (raw)
                           │                 └☑─AllMerged_XbbGt0p9
                           │                    pass: 0 (raw)
                           │                    fail: 0 (raw)
                           │                    └☑─AllMerged_XVqqGt0p9
                           │                       pass: 0 (raw)
                           │                       fail: 0 (raw)
                           │                       └☑─AllMerged_STGt1300
                           │                          pass: 0 (raw)
                           │                          fail: 0 (raw)
                           │                          └☑─AllMerged_HbbMSDLt150
                           │                             pass: 0 (raw)
                           │                             fail: 0 (raw)
                           │                             └☑─AllMerged_VqqMSDLt120
                           │                                pass: 0 (raw)
                           │                                fail: 0 (raw)
                           └☒─Exactly2FatJets
                              └☑─SemiMerged_SelectVVHFatJets
                                 pass: 571 (raw) 123.19 (wgt)
                                 fail: 0 (raw)
                                 └☑─SemiMerged_SelectJets
                                    pass: 571 (raw) 122.719 (wgt)
                                    fail: 0 (raw)
                                    └☑─SemiMerged_Geq4Jets
                                       pass: 37 (raw) 8.06809 (wgt)
                                       fail: 534 (raw) 114.651 (wgt)
                                       └☑─SemiMerged_SelectVJets
                                          pass: 37 (raw) 8.06809 (wgt)
                                          fail: 0 (raw)
                                          └☑─SemiMerged_SelectVBSJets
                                             pass: 16 (raw) 3.44348 (wgt)
                                             fail: 21 (raw) 4.6246 (wgt)
                                             └☑─SemiMerged_SaveVariables
                                                pass: 16 (raw) 3.44348 (wgt)
                                                fail: 0 (raw)
                                                └☑─Addition_Vqqjets
                                                   pass: 16 (raw) 3.44348 (wgt)
                                                   fail: 0 (raw)
                                                   └☑─Cut1
                                                      pass: 5 (raw) 1.07192 (wgt)
                                                      fail: 11 (raw) 2.37156 (wgt)
                                                      └☑─Cut2
                                                         pass: 1 (raw) 0.217114 (wgt)
                                                         fail: 4 (raw) 0.854811 (wgt)
                                                         └☑─Cut3
                                                            pass: 0 (raw)
                                                            fail: 1 (raw) 0.217114 (wgt)
                                                            └☑─SemiMerged_MjjGt500
                                                               pass: 0 (raw)
                                                               fail: 0 (raw)
                                                               └☑─SemiMerged_detajjGt3
                                                                  pass: 0 (raw)
                                                                  fail: 0 (raw)
                                                                  └☑─SemiMerged_XbbGt0p9
                                                                     pass: 0 (raw)
                                                                     fail: 0 (raw)
                                                                     └☑─SemiMerged_XVqqGt0p9
                                                                        pass: 0 (raw)
                                                                        fail: 0 (raw)
                                                                        └☑─SemiMerged_STGt1300
                                                                           pass: 0 (raw)
                                                                           fail: 0 (raw)
                                                                           └☑─SemiMerged_HbbMSDLt150
                                                                              pass: 0 (raw)
                                                                              fail: 0 (raw)
                                                                              └☑─SemiMerged_VqqMSDLt120
                                                                                 pass: 0 (raw)
                                                                                 fail: 0 (raw)
                                                                                 └☑─SemiMerged_VqqMjjLt120
                                                                                    pass: 0 (raw)
                                                                                    fail: 0 (raw)
