./bin/vbsvvhjets_semimerged --input_ttree=Events --output_dir=/home/users/eslam.zenhom/public_html/uf_work/vbs2/analysis/studies/vbsvvhjets_semimerged/output_abcdnet_v3/2018 --output_name=EWKZ2Jets_ZToLL_M-50 --output_ttree=tree --variation=nominal --scale_factor=0.37214259999999999006803363954531960189342498779296875 /home/users/eslam.zenhom/public_html/skimdata/bkg_0lep_2ak4_2ak8_ttH/EWKZ2Jets_ZToLL_M-50_TuneCP5_withDipoleRecoil_13TeV-madgraph-pythia8_RunIISummer20UL18NanoAODv9-106X_upgrade2018_realistic_v16_L1v1-v2_NANOAODSIM_bkg_0lep_2ak4_2ak8_ttH/merged.root
Cutflow
└☑─Bookkeeping
   pass: 269 (raw) 99.919 (wgt)
   fail: 0 (raw)
   └☑─SaveSystWeights
      pass: 269 (raw) 99.919 (wgt)
      fail: 0 (raw)
      └☑─PassesEventFilters
         pass: 268 (raw) 99.5495 (wgt)
         fail: 1 (raw) 0.369487 (wgt)
         └☑─PassesTriggers
            pass: 190 (raw) 70.6864 (wgt)
            fail: 78 (raw) 28.8631 (wgt)
            └☑─SelectLeptons
               pass: 190 (raw) 70.6864 (wgt)
               fail: 0 (raw)
               └☑─NoLeptons
                  pass: 190 (raw) 70.6864 (wgt)
                  fail: 0 (raw)
                  └☑─SelectFatJets
                     pass: 190 (raw) 70.6864 (wgt)
                     fail: 0 (raw)
                     └☑─TriggerPlateauCuts
                        pass: 97 (raw) 36.005 (wgt)
                        fail: 93 (raw) 34.6815 (wgt)
                        └☑─Geq3FatJets
                           pass: 3 (raw) 1.06224 (wgt)
                           fail: 94 (raw) 34.9427 (wgt)
                           ├☑─AllMerged_SelectVVHFatJets
                           │  pass: 3 (raw) 1.06224 (wgt)
                           │  fail: 0 (raw)
                           │  └☑─AllMerged_SelectJets
                           │     pass: 3 (raw) 1.04994 (wgt)
                           │     fail: 0 (raw)
                           │     └☑─AllMerged_SelectVBSJets
                           │        pass: 1 (raw) 0.365048 (wgt)
                           │        fail: 2 (raw) 0.684895 (wgt)
                           │        └☑─AllMerged_SaveVariables
                           │           pass: 1 (raw) 0.365048 (wgt)
                           │           fail: 0 (raw)
                           │           └☑─AllMerged_MjjGt500
                           │              pass: 1 (raw) 0.365048 (wgt)
                           │              fail: 0 (raw)
                           │              └☑─AllMerged_detajjGt3
                           │                 pass: 1 (raw) 0.365048 (wgt)
                           │                 fail: 0 (raw)
                           │                 └☑─AllMerged_XbbGt0p9
                           │                    pass: 0 (raw)
                           │                    fail: 1 (raw) 0.365048 (wgt)
                           │                    └☑─AllMerged_XVqqGt0p9
                           │                       pass: 0 (raw)
                           │                       fail: 0 (raw)
                           │                       └☑─AllMerged_STGt1300
                           │                          pass: 0 (raw)
                           │                          fail: 0 (raw)
                           │                          └☑─AllMerged_HbbMSDLt150
                           │                             pass: 0 (raw)
                           │                             fail: 0 (raw)
                           │                             └☑─AllMerged_VqqMSDLt120
                           │                                pass: 0 (raw)
                           │                                fail: 0 (raw)
                           └☒─Exactly2FatJets
                              └☑─SemiMerged_SelectVVHFatJets
                                 pass: 93 (raw) 34.5488 (wgt)
                                 fail: 0 (raw)
                                 └☑─SemiMerged_SelectJets
                                    pass: 93 (raw) 34.356 (wgt)
                                    fail: 0 (raw)
                                    └☑─SemiMerged_Geq4Jets
                                       pass: 13 (raw) 4.61648 (wgt)
                                       fail: 80 (raw) 29.7395 (wgt)
                                       └☑─SemiMerged_SelectVJets
                                          pass: 13 (raw) 4.61648 (wgt)
                                          fail: 0 (raw)
                                          └☑─SemiMerged_SelectVBSJets
                                             pass: 8 (raw) 2.80048 (wgt)
                                             fail: 5 (raw) 1.816 (wgt)
                                             └☑─SemiMerged_SaveVariables
                                                pass: 8 (raw) 2.80048 (wgt)
                                                fail: 0 (raw)
                                                └☑─Addition_Vqqjets
                                                   pass: 8 (raw) 2.80048 (wgt)
                                                   fail: 0 (raw)
                                                   └☑─Cut1
                                                      pass: 1 (raw) 0.309245 (wgt)
                                                      fail: 7 (raw) 2.49124 (wgt)
                                                      └☑─Cut2
                                                         pass: 0 (raw)
                                                         fail: 1 (raw) 0.309245 (wgt)
                                                         └☑─Cut3
                                                            pass: 0 (raw)
                                                            fail: 0 (raw)
                                                            └☑─SemiMerged_MjjGt500
                                                               pass: 0 (raw)
                                                               fail: 0 (raw)
                                                               └☑─SemiMerged_detajjGt3
                                                                  pass: 0 (raw)
                                                                  fail: 0 (raw)
                                                                  └☑─SemiMerged_XbbGt0p9
                                                                     pass: 0 (raw)
                                                                     fail: 0 (raw)
                                                                     └☑─SemiMerged_XVqqGt0p9
                                                                        pass: 0 (raw)
                                                                        fail: 0 (raw)
                                                                        └☑─SemiMerged_STGt1300
                                                                           pass: 0 (raw)
                                                                           fail: 0 (raw)
                                                                           └☑─SemiMerged_HbbMSDLt150
                                                                              pass: 0 (raw)
                                                                              fail: 0 (raw)
                                                                              └☑─SemiMerged_VqqMSDLt120
                                                                                 pass: 0 (raw)
                                                                                 fail: 0 (raw)
                                                                                 └☑─SemiMerged_VqqMjjLt120
                                                                                    pass: 0 (raw)
                                                                                    fail: 0 (raw)
