./bin/vbsvvhjets_semimerged --input_ttree=Events --output_dir=/home/users/eslam.zenhom/public_html/uf_work/vbs2/analysis/studies/vbsvvhjets_semimerged/output_abcdnet_v3/2018 --output_name=QCD_HT1000to1500_1 --output_ttree=tree --variation=nominal --scale_factor=5.01257747075920434554063831456005573272705078125 /home/users/eslam.zenhom/public_html/skimdata/bkg_0lep_2ak4_2ak8_ttH/QCD_HT1000to1500_TuneCP5_PSWeights_13TeV-madgraph-pythia8_RunIISummer20UL18NanoAODv9-106X_upgrade2018_realistic_v16_L1v1-v1_NANOAODSIM_bkg_0lep_2ak4_2ak8_ttH/merged_1.root
Cutflow
└☑─Bookkeeping
   pass: 1011911 (raw) 5.07106e+06 (wgt)
   fail: 0 (raw)
   └☑─SaveSystWeights
      pass: 1011911 (raw) 5.07106e+06 (wgt)
      fail: 0 (raw)
      └☑─PassesEventFilters
         pass: 1009049 (raw) 5.0567e+06 (wgt)
         fail: 2862 (raw) 14360.5 (wgt)
         └☑─PassesTriggers
            pass: 981921 (raw) 4.92059e+06 (wgt)
            fail: 27128 (raw) 136112 (wgt)
            └☑─SelectLeptons
               pass: 981921 (raw) 4.92059e+06 (wgt)
               fail: 0 (raw)
               └☑─NoLeptons
                  pass: 981921 (raw) 4.92059e+06 (wgt)
                  fail: 0 (raw)
                  └☑─SelectFatJets
                     pass: 981921 (raw) 4.92059e+06 (wgt)
                     fail: 0 (raw)
                     └☑─TriggerPlateauCuts
                        pass: 513255 (raw) 2.57189e+06 (wgt)
                        fail: 468666 (raw) 2.3487e+06 (wgt)
                        └☑─Geq3FatJets
                           pass: 6223 (raw) 31151.1 (wgt)
                           fail: 507032 (raw) 2.54074e+06 (wgt)
                           ├☑─AllMerged_SelectVVHFatJets
                           │  pass: 6223 (raw) 31151.1 (wgt)
                           │  fail: 0 (raw)
                           │  └☑─AllMerged_SelectJets
                           │     pass: 6223 (raw) 30937.8 (wgt)
                           │     fail: 0 (raw)
                           │     └☑─AllMerged_SelectVBSJets
                           │        pass: 2036 (raw) 10077.1 (wgt)
                           │        fail: 4187 (raw) 20860.7 (wgt)
                           │        └☑─AllMerged_SaveVariables
                           │           pass: 2036 (raw) 10077.1 (wgt)
                           │           fail: 0 (raw)
                           │           └☑─AllMerged_MjjGt500
                           │              pass: 380 (raw) 1879.99 (wgt)
                           │              fail: 1656 (raw) 8197.12 (wgt)
                           │              └☑─AllMerged_detajjGt3
                           │                 pass: 363 (raw) 1795.62 (wgt)
                           │                 fail: 17 (raw) 84.3644 (wgt)
                           │                 └☑─AllMerged_XbbGt0p9
                           │                    pass: 17 (raw) 83.8825 (wgt)
                           │                    fail: 346 (raw) 1711.74 (wgt)
                           │                    └☑─AllMerged_XVqqGt0p9
                           │                       pass: 0 (raw)
                           │                       fail: 17 (raw) 83.8825 (wgt)
                           │                       └☑─AllMerged_STGt1300
                           │                          pass: 0 (raw)
                           │                          fail: 0 (raw)
                           │                          └☑─AllMerged_HbbMSDLt150
                           │                             pass: 0 (raw)
                           │                             fail: 0 (raw)
                           │                             └☑─AllMerged_VqqMSDLt120
                           │                                pass: 0 (raw)
                           │                                fail: 0 (raw)
                           └☒─Exactly2FatJets
                              └☑─SemiMerged_SelectVVHFatJets
                                 pass: 506605 (raw) 2.53859e+06 (wgt)
                                 fail: 0 (raw)
                                 └☑─SemiMerged_SelectJets
                                    pass: 506605 (raw) 2.5225e+06 (wgt)
                                    fail: 0 (raw)
                                    └☑─SemiMerged_Geq4Jets
                                       pass: 88854 (raw) 442596 (wgt)
                                       fail: 417751 (raw) 2.07991e+06 (wgt)
                                       └☑─SemiMerged_SelectVJets
                                          pass: 88854 (raw) 442596 (wgt)
                                          fail: 0 (raw)
                                          └☑─SemiMerged_SelectVBSJets
                                             pass: 45084 (raw) 223909 (wgt)
                                             fail: 43770 (raw) 218687 (wgt)
                                             └☑─SemiMerged_SaveVariables
                                                pass: 45084 (raw) 223909 (wgt)
                                                fail: 0 (raw)
                                                └☑─Addition_Vqqjets
                                                   pass: 45084 (raw) 223909 (wgt)
                                                   fail: 0 (raw)
                                                   └☑─Cut1
                                                      pass: 5946 (raw) 29547.1 (wgt)
                                                      fail: 39138 (raw) 194362 (wgt)
                                                      └☑─Cut2
                                                         pass: 519 (raw) 2566.31 (wgt)
                                                         fail: 5427 (raw) 26980.8 (wgt)
                                                         └☑─Cut3
                                                            pass: 446 (raw) 2204.48 (wgt)
                                                            fail: 73 (raw) 361.827 (wgt)
                                                            └☑─SemiMerged_MjjGt500
                                                               pass: 100 (raw) 490.214 (wgt)
                                                               fail: 346 (raw) 1714.27 (wgt)
                                                               └☑─SemiMerged_detajjGt3
                                                                  pass: 95 (raw) 464.651 (wgt)
                                                                  fail: 5 (raw) 25.5631 (wgt)
                                                                  └☑─SemiMerged_XbbGt0p9
                                                                     pass: 64 (raw) 313.05 (wgt)
                                                                     fail: 31 (raw) 151.6 (wgt)
                                                                     └☑─SemiMerged_XVqqGt0p9
                                                                        pass: 16 (raw) 77.1169 (wgt)
                                                                        fail: 48 (raw) 235.934 (wgt)
                                                                        └☑─SemiMerged_STGt1300
                                                                           pass: 5 (raw) 23.7257 (wgt)
                                                                           fail: 11 (raw) 53.3912 (wgt)
                                                                           └☑─SemiMerged_HbbMSDLt150
                                                                              pass: 2 (raw) 9.59813 (wgt)
                                                                              fail: 3 (raw) 14.1276 (wgt)
                                                                              └☑─SemiMerged_VqqMSDLt120
                                                                                 pass: 1 (raw) 4.85414 (wgt)
                                                                                 fail: 1 (raw) 4.74399 (wgt)
                                                                                 └☑─SemiMerged_VqqMjjLt120
                                                                                    pass: 0 (raw)
                                                                                    fail: 1 (raw) 4.85414 (wgt)
