./bin/vbsvvhjets_semimerged --input_ttree=Events --output_dir=/home/users/eslam.zenhom/public_html/uf_work/vbs2/analysis/studies/vbsvvhjets_semimerged/output_abcdnet_v3/2018 --output_name=QCD_HT200to300 --output_ttree=tree --variation=nominal --scale_factor=1791.66342792808018202777020633220672607421875 /home/users/eslam.zenhom/public_html/skimdata/bkg_0lep_2ak4_2ak8_ttH/QCD_HT200to300_TuneCP5_PSWeights_13TeV-madgraph-pythia8_RunIISummer20UL18NanoAODv9-106X_upgrade2018_realistic_v16_L1v1-v1_NANOAODSIM_bkg_0lep_2ak4_2ak8_ttH/merged.root
Cutflow
└☑─Bookkeeping
   pass: 22 (raw) 39661.1 (wgt)
   fail: 0 (raw)
   └☑─SaveSystWeights
      pass: 22 (raw) 39661.1 (wgt)
      fail: 0 (raw)
      └☑─PassesEventFilters
         pass: 22 (raw) 39661.1 (wgt)
         fail: 0 (raw)
         └☑─PassesTriggers
            pass: 17 (raw) 30319.4 (wgt)
            fail: 5 (raw) 9341.7 (wgt)
            └☑─SelectLeptons
               pass: 17 (raw) 30319.4 (wgt)
               fail: 0 (raw)
               └☑─NoLeptons
                  pass: 17 (raw) 30319.4 (wgt)
                  fail: 0 (raw)
                  └☑─SelectFatJets
                     pass: 17 (raw) 30319.4 (wgt)
                     fail: 0 (raw)
                     └☑─TriggerPlateauCuts
                        pass: 8 (raw) 14557.8 (wgt)
                        fail: 9 (raw) 15761.6 (wgt)
                        └☑─Geq3FatJets
                           pass: 0 (raw)
                           fail: 8 (raw) 14557.8 (wgt)
                           ├☑─AllMerged_SelectVVHFatJets
                           │  pass: 0 (raw)
                           │  fail: 0 (raw)
                           │  └☑─AllMerged_SelectJets
                           │     pass: 0 (raw)
                           │     fail: 0 (raw)
                           │     └☑─AllMerged_SelectVBSJets
                           │        pass: 0 (raw)
                           │        fail: 0 (raw)
                           │        └☑─AllMerged_SaveVariables
                           │           pass: 0 (raw)
                           │           fail: 0 (raw)
                           │           └☑─AllMerged_MjjGt500
                           │              pass: 0 (raw)
                           │              fail: 0 (raw)
                           │              └☑─AllMerged_detajjGt3
                           │                 pass: 0 (raw)
                           │                 fail: 0 (raw)
                           │                 └☑─AllMerged_XbbGt0p9
                           │                    pass: 0 (raw)
                           │                    fail: 0 (raw)
                           │                    └☑─AllMerged_XVqqGt0p9
                           │                       pass: 0 (raw)
                           │                       fail: 0 (raw)
                           │                       └☑─AllMerged_STGt1300
                           │                          pass: 0 (raw)
                           │                          fail: 0 (raw)
                           │                          └☑─AllMerged_HbbMSDLt150
                           │                             pass: 0 (raw)
                           │                             fail: 0 (raw)
                           │                             └☑─AllMerged_VqqMSDLt120
                           │                                pass: 0 (raw)
                           │                                fail: 0 (raw)
                           └☒─Exactly2FatJets
                              └☑─SemiMerged_SelectVVHFatJets
                                 pass: 8 (raw) 14557.8 (wgt)
                                 fail: 0 (raw)
                                 └☑─SemiMerged_SelectJets
                                    pass: 8 (raw) 14486.8 (wgt)
                                    fail: 0 (raw)
                                    └☑─SemiMerged_Geq4Jets
                                       pass: 2 (raw) 3501.49 (wgt)
                                       fail: 6 (raw) 10985.4 (wgt)
                                       └☑─SemiMerged_SelectVJets
                                          pass: 2 (raw) 3501.49 (wgt)
                                          fail: 0 (raw)
                                          └☑─SemiMerged_SelectVBSJets
                                             pass: 1 (raw) 1735.03 (wgt)
                                             fail: 1 (raw) 1766.45 (wgt)
                                             └☑─SemiMerged_SaveVariables
                                                pass: 1 (raw) 1735.03 (wgt)
                                                fail: 0 (raw)
                                                └☑─Addition_Vqqjets
                                                   pass: 1 (raw) 1735.03 (wgt)
                                                   fail: 0 (raw)
                                                   └☑─Cut1
                                                      pass: 0 (raw)
                                                      fail: 1 (raw) 1735.03 (wgt)
                                                      └☑─Cut2
                                                         pass: 0 (raw)
                                                         fail: 0 (raw)
                                                         └☑─Cut3
                                                            pass: 0 (raw)
                                                            fail: 0 (raw)
                                                            └☑─SemiMerged_MjjGt500
                                                               pass: 0 (raw)
                                                               fail: 0 (raw)
                                                               └☑─SemiMerged_detajjGt3
                                                                  pass: 0 (raw)
                                                                  fail: 0 (raw)
                                                                  └☑─SemiMerged_XbbGt0p9
                                                                     pass: 0 (raw)
                                                                     fail: 0 (raw)
                                                                     └☑─SemiMerged_XVqqGt0p9
                                                                        pass: 0 (raw)
                                                                        fail: 0 (raw)
                                                                        └☑─SemiMerged_STGt1300
                                                                           pass: 0 (raw)
                                                                           fail: 0 (raw)
                                                                           └☑─SemiMerged_HbbMSDLt150
                                                                              pass: 0 (raw)
                                                                              fail: 0 (raw)
                                                                              └☑─SemiMerged_VqqMSDLt120
                                                                                 pass: 0 (raw)
                                                                                 fail: 0 (raw)
                                                                                 └☑─SemiMerged_VqqMjjLt120
                                                                                    pass: 0 (raw)
                                                                                    fail: 0 (raw)
