./bin/vbsvvhjets_semimerged --input_ttree=Events --output_dir=/home/users/eslam.zenhom/public_html/uf_work/vbs2/analysis/studies/vbsvvhjets_semimerged/output_abcdnet_v3/2018 --output_name=QCD_HT500to700 --output_ttree=tree --variation=nominal --scale_factor=38.47578958942393256847935845144093036651611328125 /home/users/eslam.zenhom/public_html/skimdata/bkg_0lep_2ak4_2ak8_ttH/QCD_HT500to700_TuneCP5_PSWeights_13TeV-madgraph-pythia8_RunIISummer20UL18NanoAODv9-106X_upgrade2018_realistic_v16_L1v1-v1_NANOAODSIM_bkg_0lep_2ak4_2ak8_ttH/merged.root
Cutflow
└☑─Bookkeeping
   pass: 385040 (raw) 1.48119e+07 (wgt)
   fail: 0 (raw)
   └☑─SaveSystWeights
      pass: 385040 (raw) 1.48119e+07 (wgt)
      fail: 0 (raw)
      └☑─PassesEventFilters
         pass: 384901 (raw) 1.48065e+07 (wgt)
         fail: 139 (raw) 5402.72 (wgt)
         └☑─PassesTriggers
            pass: 5342 (raw) 205742 (wgt)
            fail: 379559 (raw) 1.46008e+07 (wgt)
            └☑─SelectLeptons
               pass: 5342 (raw) 205742 (wgt)
               fail: 0 (raw)
               └☑─NoLeptons
                  pass: 5342 (raw) 205742 (wgt)
                  fail: 0 (raw)
                  └☑─SelectFatJets
                     pass: 5342 (raw) 205742 (wgt)
                     fail: 0 (raw)
                     └☑─TriggerPlateauCuts
                        pass: 42 (raw) 1639.85 (wgt)
                        fail: 5300 (raw) 204102 (wgt)
                        └☑─Geq3FatJets
                           pass: 0 (raw)
                           fail: 42 (raw) 1639.85 (wgt)
                           ├☑─AllMerged_SelectVVHFatJets
                           │  pass: 0 (raw)
                           │  fail: 0 (raw)
                           │  └☑─AllMerged_SelectJets
                           │     pass: 0 (raw)
                           │     fail: 0 (raw)
                           │     └☑─AllMerged_SelectVBSJets
                           │        pass: 0 (raw)
                           │        fail: 0 (raw)
                           │        └☑─AllMerged_SaveVariables
                           │           pass: 0 (raw)
                           │           fail: 0 (raw)
                           │           └☑─AllMerged_MjjGt500
                           │              pass: 0 (raw)
                           │              fail: 0 (raw)
                           │              └☑─AllMerged_detajjGt3
                           │                 pass: 0 (raw)
                           │                 fail: 0 (raw)
                           │                 └☑─AllMerged_XbbGt0p9
                           │                    pass: 0 (raw)
                           │                    fail: 0 (raw)
                           │                    └☑─AllMerged_XVqqGt0p9
                           │                       pass: 0 (raw)
                           │                       fail: 0 (raw)
                           │                       └☑─AllMerged_STGt1300
                           │                          pass: 0 (raw)
                           │                          fail: 0 (raw)
                           │                          └☑─AllMerged_HbbMSDLt150
                           │                             pass: 0 (raw)
                           │                             fail: 0 (raw)
                           │                             └☑─AllMerged_VqqMSDLt120
                           │                                pass: 0 (raw)
                           │                                fail: 0 (raw)
                           └☒─Exactly2FatJets
                              └☑─SemiMerged_SelectVVHFatJets
                                 pass: 42 (raw) 1639.85 (wgt)
                                 fail: 0 (raw)
                                 └☑─SemiMerged_SelectJets
                                    pass: 42 (raw) 1629.63 (wgt)
                                    fail: 0 (raw)
                                    └☑─SemiMerged_Geq4Jets
                                       pass: 13 (raw) 500.811 (wgt)
                                       fail: 29 (raw) 1128.82 (wgt)
                                       └☑─SemiMerged_SelectVJets
                                          pass: 13 (raw) 500.811 (wgt)
                                          fail: 0 (raw)
                                          └☑─SemiMerged_SelectVBSJets
                                             pass: 6 (raw) 232.112 (wgt)
                                             fail: 7 (raw) 268.699 (wgt)
                                             └☑─SemiMerged_SaveVariables
                                                pass: 6 (raw) 232.112 (wgt)
                                                fail: 0 (raw)
                                                └☑─Addition_Vqqjets
                                                   pass: 6 (raw) 232.112 (wgt)
                                                   fail: 0 (raw)
                                                   └☑─Cut1
                                                      pass: 2 (raw) 76.7684 (wgt)
                                                      fail: 4 (raw) 155.344 (wgt)
                                                      └☑─Cut2
                                                         pass: 0 (raw)
                                                         fail: 2 (raw) 76.7684 (wgt)
                                                         └☑─Cut3
                                                            pass: 0 (raw)
                                                            fail: 0 (raw)
                                                            └☑─SemiMerged_MjjGt500
                                                               pass: 0 (raw)
                                                               fail: 0 (raw)
                                                               └☑─SemiMerged_detajjGt3
                                                                  pass: 0 (raw)
                                                                  fail: 0 (raw)
                                                                  └☑─SemiMerged_XbbGt0p9
                                                                     pass: 0 (raw)
                                                                     fail: 0 (raw)
                                                                     └☑─SemiMerged_XVqqGt0p9
                                                                        pass: 0 (raw)
                                                                        fail: 0 (raw)
                                                                        └☑─SemiMerged_STGt1300
                                                                           pass: 0 (raw)
                                                                           fail: 0 (raw)
                                                                           └☑─SemiMerged_HbbMSDLt150
                                                                              pass: 0 (raw)
                                                                              fail: 0 (raw)
                                                                              └☑─SemiMerged_VqqMSDLt120
                                                                                 pass: 0 (raw)
                                                                                 fail: 0 (raw)
                                                                                 └☑─SemiMerged_VqqMjjLt120
                                                                                    pass: 0 (raw)
                                                                                    fail: 0 (raw)
