./bin/vbsvvhjets_semimerged --input_ttree=Events --output_dir=/home/users/eslam.zenhom/public_html/uf_work/vbs2/analysis/studies/vbsvvhjets_semimerged/output_abcdnet_v3/2018 --output_name=QCD_HT700to1000_3 --output_ttree=tree --variation=nominal --scale_factor=8.3898354684691209826041813357733190059661865234375 /home/users/eslam.zenhom/public_html/skimdata/bkg_0lep_2ak4_2ak8_ttH/QCD_HT700to1000_TuneCP5_PSWeights_13TeV-madgraph-pythia8_RunIISummer20UL18NanoAODv9-106X_upgrade2018_realistic_v16_L1v1-v2_NANOAODSIM_bkg_0lep_2ak4_2ak8_ttH/merged_3.root
Cutflow
└☑─Bookkeeping
   pass: 915097 (raw) 7.67589e+06 (wgt)
   fail: 0 (raw)
   └☑─SaveSystWeights
      pass: 915097 (raw) 7.67589e+06 (wgt)
      fail: 0 (raw)
      └☑─PassesEventFilters
         pass: 914556 (raw) 7.67135e+06 (wgt)
         fail: 541 (raw) 4538.4 (wgt)
         └☑─PassesTriggers
            pass: 363504 (raw) 3.04787e+06 (wgt)
            fail: 551052 (raw) 4.62348e+06 (wgt)
            └☑─SelectLeptons
               pass: 363504 (raw) 3.04787e+06 (wgt)
               fail: 0 (raw)
               └☑─NoLeptons
                  pass: 363504 (raw) 3.04787e+06 (wgt)
                  fail: 0 (raw)
                  └☑─SelectFatJets
                     pass: 363504 (raw) 3.04787e+06 (wgt)
                     fail: 0 (raw)
                     └☑─TriggerPlateauCuts
                        pass: 8165 (raw) 68469.2 (wgt)
                        fail: 355339 (raw) 2.97941e+06 (wgt)
                        └☑─Geq3FatJets
                           pass: 48 (raw) 395.243 (wgt)
                           fail: 8117 (raw) 68073.9 (wgt)
                           ├☑─AllMerged_SelectVVHFatJets
                           │  pass: 48 (raw) 395.243 (wgt)
                           │  fail: 0 (raw)
                           │  └☑─AllMerged_SelectJets
                           │     pass: 48 (raw) 392.19 (wgt)
                           │     fail: 0 (raw)
                           │     └☑─AllMerged_SelectVBSJets
                           │        pass: 12 (raw) 98.8991 (wgt)
                           │        fail: 36 (raw) 293.29 (wgt)
                           │        └☑─AllMerged_SaveVariables
                           │           pass: 12 (raw) 98.8991 (wgt)
                           │           fail: 0 (raw)
                           │           └☑─AllMerged_MjjGt500
                           │              pass: 2 (raw) 15.9354 (wgt)
                           │              fail: 10 (raw) 82.9636 (wgt)
                           │              └☑─AllMerged_detajjGt3
                           │                 pass: 2 (raw) 15.9354 (wgt)
                           │                 fail: 0 (raw)
                           │                 └☑─AllMerged_XbbGt0p9
                           │                    pass: 0 (raw)
                           │                    fail: 2 (raw) 15.9354 (wgt)
                           │                    └☑─AllMerged_XVqqGt0p9
                           │                       pass: 0 (raw)
                           │                       fail: 0 (raw)
                           │                       └☑─AllMerged_STGt1300
                           │                          pass: 0 (raw)
                           │                          fail: 0 (raw)
                           │                          └☑─AllMerged_HbbMSDLt150
                           │                             pass: 0 (raw)
                           │                             fail: 0 (raw)
                           │                             └☑─AllMerged_VqqMSDLt120
                           │                                pass: 0 (raw)
                           │                                fail: 0 (raw)
                           └☒─Exactly2FatJets
                              └☑─SemiMerged_SelectVVHFatJets
                                 pass: 8104 (raw) 67963.9 (wgt)
                                 fail: 0 (raw)
                                 └☑─SemiMerged_SelectJets
                                    pass: 8104 (raw) 67506.7 (wgt)
                                    fail: 0 (raw)
                                    └☑─SemiMerged_Geq4Jets
                                       pass: 1432 (raw) 11915.9 (wgt)
                                       fail: 6672 (raw) 55590.8 (wgt)
                                       └☑─SemiMerged_SelectVJets
                                          pass: 1432 (raw) 11915.9 (wgt)
                                          fail: 0 (raw)
                                          └☑─SemiMerged_SelectVBSJets
                                             pass: 683 (raw) 5652.44 (wgt)
                                             fail: 749 (raw) 6263.47 (wgt)
                                             └☑─SemiMerged_SaveVariables
                                                pass: 683 (raw) 5652.44 (wgt)
                                                fail: 0 (raw)
                                                └☑─Addition_Vqqjets
                                                   pass: 683 (raw) 5652.44 (wgt)
                                                   fail: 0 (raw)
                                                   └☑─Cut1
                                                      pass: 104 (raw) 857.81 (wgt)
                                                      fail: 579 (raw) 4794.63 (wgt)
                                                      └☑─Cut2
                                                         pass: 6 (raw) 49.5922 (wgt)
                                                         fail: 98 (raw) 808.218 (wgt)
                                                         └☑─Cut3
                                                            pass: 2 (raw) 16.7424 (wgt)
                                                            fail: 4 (raw) 32.8498 (wgt)
                                                            └☑─SemiMerged_MjjGt500
                                                               pass: 0 (raw)
                                                               fail: 2 (raw) 16.7424 (wgt)
                                                               └☑─SemiMerged_detajjGt3
                                                                  pass: 0 (raw)
                                                                  fail: 0 (raw)
                                                                  └☑─SemiMerged_XbbGt0p9
                                                                     pass: 0 (raw)
                                                                     fail: 0 (raw)
                                                                     └☑─SemiMerged_XVqqGt0p9
                                                                        pass: 0 (raw)
                                                                        fail: 0 (raw)
                                                                        └☑─SemiMerged_STGt1300
                                                                           pass: 0 (raw)
                                                                           fail: 0 (raw)
                                                                           └☑─SemiMerged_HbbMSDLt150
                                                                              pass: 0 (raw)
                                                                              fail: 0 (raw)
                                                                              └☑─SemiMerged_VqqMSDLt120
                                                                                 pass: 0 (raw)
                                                                                 fail: 0 (raw)
                                                                                 └☑─SemiMerged_VqqMjjLt120
                                                                                    pass: 0 (raw)
                                                                                    fail: 0 (raw)
