./bin/vbsvvhjets_semimerged --input_ttree=Events --output_dir=/home/users/eslam.zenhom/public_html/uf_work/vbs2/analysis/studies/vbsvvhjets_semimerged/output_abcdnet_v3/2018 --output_name=ST_t-channel_antitop_4f_InclusiveDecays --output_ttree=tree --variation=nominal --scale_factor=0.0007920324078537453738046991702503873966634273529052734375 /home/users/eslam.zenhom/public_html/skimdata/bkg_0lep_2ak4_2ak8_ttH/ST_t-channel_antitop_4f_InclusiveDecays_TuneCP5_13TeV-powheg-madspin-pythia8_RunIISummer20UL18NanoAODv9-106X_upgrade2018_realistic_v16_L1v1-v1_NANOAODSIM_bkg_0lep_2ak4_2ak8_ttH/merged.root
Cutflow
└☑─Bookkeeping
   pass: 65383 (raw) 2851.93 (wgt)
   fail: 0 (raw)
   └☑─SaveSystWeights
      pass: 65383 (raw) 2851.93 (wgt)
      fail: 0 (raw)
      └☑─PassesEventFilters
         pass: 65248 (raw) 2845.8 (wgt)
         fail: 135 (raw) 6.13332 (wgt)
         └☑─PassesTriggers
            pass: 36587 (raw) 1562.16 (wgt)
            fail: 28661 (raw) 1283.64 (wgt)
            └☑─SelectLeptons
               pass: 36587 (raw) 1562.16 (wgt)
               fail: 0 (raw)
               └☑─NoLeptons
                  pass: 36587 (raw) 1562.16 (wgt)
                  fail: 0 (raw)
                  └☑─SelectFatJets
                     pass: 36587 (raw) 1562.16 (wgt)
                     fail: 0 (raw)
                     └☑─TriggerPlateauCuts
                        pass: 12286 (raw) 502.471 (wgt)
                        fail: 24301 (raw) 1059.68 (wgt)
                        └☑─Geq3FatJets
                           pass: 445 (raw) 20.6104 (wgt)
                           fail: 11841 (raw) 481.861 (wgt)
                           ├☑─AllMerged_SelectVVHFatJets
                           │  pass: 445 (raw) 20.6104 (wgt)
                           │  fail: 0 (raw)
                           │  └☑─AllMerged_SelectJets
                           │     pass: 445 (raw) 20.4217 (wgt)
                           │     fail: 0 (raw)
                           │     └☑─AllMerged_SelectVBSJets
                           │        pass: 283 (raw) 13.3365 (wgt)
                           │        fail: 162 (raw) 7.08523 (wgt)
                           │        └☑─AllMerged_SaveVariables
                           │           pass: 283 (raw) 13.3365 (wgt)
                           │           fail: 0 (raw)
                           │           └☑─AllMerged_MjjGt500
                           │              pass: 91 (raw) 4.51591 (wgt)
                           │              fail: 192 (raw) 8.8206 (wgt)
                           │              └☑─AllMerged_detajjGt3
                           │                 pass: 80 (raw) 3.93866 (wgt)
                           │                 fail: 11 (raw) 0.57725 (wgt)
                           │                 └☑─AllMerged_XbbGt0p9
                           │                    pass: 15 (raw) 0.784065 (wgt)
                           │                    fail: 65 (raw) 3.15459 (wgt)
                           │                    └☑─AllMerged_XVqqGt0p9
                           │                       pass: 0 (raw)
                           │                       fail: 15 (raw) 0.784065 (wgt)
                           │                       └☑─AllMerged_STGt1300
                           │                          pass: 0 (raw)
                           │                          fail: 0 (raw)
                           │                          └☑─AllMerged_HbbMSDLt150
                           │                             pass: 0 (raw)
                           │                             fail: 0 (raw)
                           │                             └☑─AllMerged_VqqMSDLt120
                           │                                pass: 0 (raw)
                           │                                fail: 0 (raw)
                           └☒─Exactly2FatJets
                              └☑─SemiMerged_SelectVVHFatJets
                                 pass: 11829 (raw) 481.23 (wgt)
                                 fail: 0 (raw)
                                 └☑─SemiMerged_SelectJets
                                    pass: 11829 (raw) 476.637 (wgt)
                                    fail: 0 (raw)
                                    └☑─SemiMerged_Geq4Jets
                                       pass: 3995 (raw) 177.828 (wgt)
                                       fail: 7834 (raw) 298.809 (wgt)
                                       └☑─SemiMerged_SelectVJets
                                          pass: 3995 (raw) 177.828 (wgt)
                                          fail: 0 (raw)
                                          └☑─SemiMerged_SelectVBSJets
                                             pass: 2656 (raw) 121.708 (wgt)
                                             fail: 1339 (raw) 56.1199 (wgt)
                                             └☑─SemiMerged_SaveVariables
                                                pass: 2656 (raw) 121.708 (wgt)
                                                fail: 0 (raw)
                                                └☑─Addition_Vqqjets
                                                   pass: 2656 (raw) 121.708 (wgt)
                                                   fail: 0 (raw)
                                                   └☑─Cut1
                                                      pass: 1042 (raw) 45.4047 (wgt)
                                                      fail: 1614 (raw) 76.3032 (wgt)
                                                      └☑─Cut2
                                                         pass: 484 (raw) 21.4053 (wgt)
                                                         fail: 558 (raw) 23.9994 (wgt)
                                                         └☑─Cut3
                                                            pass: 307 (raw) 13.5029 (wgt)
                                                            fail: 177 (raw) 7.90246 (wgt)
                                                            └☑─SemiMerged_MjjGt500
                                                               pass: 101 (raw) 4.67527 (wgt)
                                                               fail: 206 (raw) 8.8276 (wgt)
                                                               └☑─SemiMerged_detajjGt3
                                                                  pass: 94 (raw) 4.42348 (wgt)
                                                                  fail: 7 (raw) 0.251794 (wgt)
                                                                  └☑─SemiMerged_XbbGt0p9
                                                                     pass: 61 (raw) 3.07084 (wgt)
                                                                     fail: 33 (raw) 1.35264 (wgt)
                                                                     └☑─SemiMerged_XVqqGt0p9
                                                                        pass: 12 (raw) 0.512257 (wgt)
                                                                        fail: 49 (raw) 2.55858 (wgt)
                                                                        └☑─SemiMerged_STGt1300
                                                                           pass: 5 (raw) 0.252753 (wgt)
                                                                           fail: 7 (raw) 0.259503 (wgt)
                                                                           └☑─SemiMerged_HbbMSDLt150
                                                                              pass: 3 (raw) 0.14657 (wgt)
                                                                              fail: 2 (raw) 0.106183 (wgt)
                                                                              └☑─SemiMerged_VqqMSDLt120
                                                                                 pass: 2 (raw) 0.0929469 (wgt)
                                                                                 fail: 1 (raw) 0.0536232 (wgt)
                                                                                 └☑─SemiMerged_VqqMjjLt120
                                                                                    pass: 2 (raw) 0.0929469 (wgt)
                                                                                    fail: 0 (raw)
