./bin/vbsvvhjets_semimerged --input_ttree=Events --output_dir=/home/users/eslam.zenhom/public_html/uf_work/vbs2/analysis/studies/vbsvvhjets_semimerged/output_abcdnet_v3/2018 --output_name=TTWW --output_ttree=tree --variation=nominal --scale_factor=0.000728861228813559272783628717462534041260369122028350830078125 /home/users/eslam.zenhom/public_html/skimdata/bkg_0lep_2ak4_2ak8_ttH/TTWW_TuneCP5_13TeV-madgraph-pythia8_RunIISummer20UL18NanoAODv9-106X_upgrade2018_realistic_v16_L1v1-v1_NANOAODSIM_bkg_0lep_2ak4_2ak8_ttH/merged.root
Cutflow
└☑─Bookkeeping
   pass: 48536 (raw) 35.3527 (wgt)
   fail: 0 (raw)
   └☑─SaveSystWeights
      pass: 48536 (raw) 35.3527 (wgt)
      fail: 0 (raw)
      └☑─PassesEventFilters
         pass: 48375 (raw) 35.2354 (wgt)
         fail: 161 (raw) 0.117297 (wgt)
         └☑─PassesTriggers
            pass: 39610 (raw) 28.8428 (wgt)
            fail: 8765 (raw) 6.39266 (wgt)
            └☑─SelectLeptons
               pass: 39610 (raw) 28.8428 (wgt)
               fail: 0 (raw)
               └☑─NoLeptons
                  pass: 39610 (raw) 28.8428 (wgt)
                  fail: 0 (raw)
                  └☑─SelectFatJets
                     pass: 39610 (raw) 28.8428 (wgt)
                     fail: 0 (raw)
                     └☑─TriggerPlateauCuts
                        pass: 19492 (raw) 14.1957 (wgt)
                        fail: 20118 (raw) 14.6471 (wgt)
                        └☑─Geq3FatJets
                           pass: 3386 (raw) 2.46662 (wgt)
                           fail: 16106 (raw) 11.7291 (wgt)
                           ├☑─AllMerged_SelectVVHFatJets
                           │  pass: 3386 (raw) 2.46662 (wgt)
                           │  fail: 0 (raw)
                           │  └☑─AllMerged_SelectJets
                           │     pass: 3386 (raw) 2.44559 (wgt)
                           │     fail: 0 (raw)
                           │     └☑─AllMerged_SelectVBSJets
                           │        pass: 2358 (raw) 1.70099 (wgt)
                           │        fail: 1028 (raw) 0.744599 (wgt)
                           │        └☑─AllMerged_SaveVariables
                           │           pass: 2358 (raw) 1.70099 (wgt)
                           │           fail: 0 (raw)
                           │           └☑─AllMerged_MjjGt500
                           │              pass: 493 (raw) 0.354684 (wgt)
                           │              fail: 1865 (raw) 1.34631 (wgt)
                           │              └☑─AllMerged_detajjGt3
                           │                 pass: 430 (raw) 0.309454 (wgt)
                           │                 fail: 63 (raw) 0.0452306 (wgt)
                           │                 └☑─AllMerged_XbbGt0p9
                           │                    pass: 159 (raw) 0.114038 (wgt)
                           │                    fail: 271 (raw) 0.195415 (wgt)
                           │                    └☑─AllMerged_XVqqGt0p9
                           │                       pass: 10 (raw) 0.00710825 (wgt)
                           │                       fail: 149 (raw) 0.10693 (wgt)
                           │                       └☑─AllMerged_STGt1300
                           │                          pass: 8 (raw) 0.00569941 (wgt)
                           │                          fail: 2 (raw) 0.00140885 (wgt)
                           │                          └☑─AllMerged_HbbMSDLt150
                           │                             pass: 6 (raw) 0.00435105 (wgt)
                           │                             fail: 2 (raw) 0.00134835 (wgt)
                           │                             └☑─AllMerged_VqqMSDLt120
                           │                                pass: 2 (raw) 0.00148255 (wgt)
                           │                                fail: 4 (raw) 0.0028685 (wgt)
                           └☒─Exactly2FatJets
                              └☑─SemiMerged_SelectVVHFatJets
                                 pass: 16085 (raw) 11.714 (wgt)
                                 fail: 0 (raw)
                                 └☑─SemiMerged_SelectJets
                                    pass: 16085 (raw) 11.5964 (wgt)
                                    fail: 0 (raw)
                                    └☑─SemiMerged_Geq4Jets
                                       pass: 11074 (raw) 7.97439 (wgt)
                                       fail: 5011 (raw) 3.62199 (wgt)
                                       └☑─SemiMerged_SelectVJets
                                          pass: 11074 (raw) 7.97439 (wgt)
                                          fail: 0 (raw)
                                          └☑─SemiMerged_SelectVBSJets
                                             pass: 8621 (raw) 6.1992 (wgt)
                                             fail: 2453 (raw) 1.7752 (wgt)
                                             └☑─SemiMerged_SaveVariables
                                                pass: 8621 (raw) 6.1992 (wgt)
                                                fail: 0 (raw)
                                                └☑─Addition_Vqqjets
                                                   pass: 8621 (raw) 6.1992 (wgt)
                                                   fail: 0 (raw)
                                                   └☑─Cut1
                                                      pass: 6266 (raw) 4.5042 (wgt)
                                                      fail: 2355 (raw) 1.69499 (wgt)
                                                      └☑─Cut2
                                                         pass: 2988 (raw) 2.15275 (wgt)
                                                         fail: 3278 (raw) 2.35146 (wgt)
                                                         └☑─Cut3
                                                            pass: 2401 (raw) 1.72871 (wgt)
                                                            fail: 587 (raw) 0.424036 (wgt)
                                                            └☑─SemiMerged_MjjGt500
                                                               pass: 482 (raw) 0.347808 (wgt)
                                                               fail: 1919 (raw) 1.3809 (wgt)
                                                               └☑─SemiMerged_detajjGt3
                                                                  pass: 425 (raw) 0.306532 (wgt)
                                                                  fail: 57 (raw) 0.041276 (wgt)
                                                                  └☑─SemiMerged_XbbGt0p9
                                                                     pass: 266 (raw) 0.192004 (wgt)
                                                                     fail: 159 (raw) 0.114529 (wgt)
                                                                     └☑─SemiMerged_XVqqGt0p9
                                                                        pass: 123 (raw) 0.0884528 (wgt)
                                                                        fail: 143 (raw) 0.103551 (wgt)
                                                                        └☑─SemiMerged_STGt1300
                                                                           pass: 67 (raw) 0.0483663 (wgt)
                                                                           fail: 56 (raw) 0.0400865 (wgt)
                                                                           └☑─SemiMerged_HbbMSDLt150
                                                                              pass: 25 (raw) 0.0182801 (wgt)
                                                                              fail: 42 (raw) 0.0300862 (wgt)
                                                                              └☑─SemiMerged_VqqMSDLt120
                                                                                 pass: 17 (raw) 0.0124972 (wgt)
                                                                                 fail: 8 (raw) 0.0057829 (wgt)
                                                                                 └☑─SemiMerged_VqqMjjLt120
                                                                                    pass: 16 (raw) 0.0117471 (wgt)
                                                                                    fail: 1 (raw) 0.00075016 (wgt)
