./bin/vbsvvhjets_semimerged --input_ttree=Events --output_dir=/home/users/eslam.zenhom/public_html/uf_work/vbs2/analysis/studies/vbsvvhjets_semimerged/output_abcdnet_v3/2018 --output_name=VBSWWH_OS_VBSCuts_tthfix --output_ttree=tree --variation=nominal --is_signal --scale_factor=0.000456502899999999996183408512706591864116489887237548828125 /home/users/eslam.zenhom/public_html/skimdata/sig_0lep_2ak4_2ak8_ttH/VBSWWH_OS_VBSCuts_TuneCP5_RunIISummer20UL18-106X_privateMC_NANOGEN_v2/merged_tthfix.root
Cutflow
└☑─Bookkeeping
   pass: 100000 (raw) 45.599 (wgt)
   fail: 0 (raw)
   └☑─SaveSystWeights
      pass: 100000 (raw) 45.599 (wgt)
      fail: 0 (raw)
      └☑─PassesEventFilters
         pass: 99451 (raw) 45.348 (wgt)
         fail: 549 (raw) 0.251037 (wgt)
         └☑─PassesTriggers
            pass: 49065 (raw) 22.3676 (wgt)
            fail: 50386 (raw) 22.9804 (wgt)
            └☑─SelectLeptons
               pass: 49065 (raw) 22.3676 (wgt)
               fail: 0 (raw)
               └☑─NoLeptons
                  pass: 27149 (raw) 12.3846 (wgt)
                  fail: 21916 (raw) 9.98297 (wgt)
                  └☑─SelectFatJets
                     pass: 27149 (raw) 12.3846 (wgt)
                     fail: 0 (raw)
                     └☑─TriggerPlateauCuts
                        pass: 17987 (raw) 8.2088 (wgt)
                        fail: 9162 (raw) 4.1758 (wgt)
                        └☑─Geq3FatJets
                           pass: 3216 (raw) 1.46845 (wgt)
                           fail: 14771 (raw) 6.74035 (wgt)
                           ├☑─AllMerged_SelectVVHFatJets
                           │  pass: 3216 (raw) 1.46845 (wgt)
                           │  fail: 0 (raw)
                           │  └☑─AllMerged_SelectJets
                           │     pass: 3216 (raw) 1.44972 (wgt)
                           │     fail: 0 (raw)
                           │     └☑─AllMerged_SelectVBSJets
                           │        pass: 1234 (raw) 0.556259 (wgt)
                           │        fail: 1982 (raw) 0.893463 (wgt)
                           │        └☑─AllMerged_SaveVariables
                           │           pass: 1234 (raw) 0.556259 (wgt)
                           │           fail: 0 (raw)
                           │           └☑─AllMerged_MjjGt500
                           │              pass: 1025 (raw) 0.461497 (wgt)
                           │              fail: 209 (raw) 0.0947616 (wgt)
                           │              └☑─AllMerged_detajjGt3
                           │                 pass: 1020 (raw) 0.45928 (wgt)
                           │                 fail: 5 (raw) 0.0022169 (wgt)
                           │                 └☑─AllMerged_XbbGt0p9
                           │                    pass: 655 (raw) 0.295108 (wgt)
                           │                    fail: 365 (raw) 0.164173 (wgt)
                           │                    └☑─AllMerged_XVqqGt0p9
                           │                       pass: 261 (raw) 0.11789 (wgt)
                           │                       fail: 394 (raw) 0.177218 (wgt)
                           │                       └☑─AllMerged_STGt1300
                           │                          pass: 259 (raw) 0.116991 (wgt)
                           │                          fail: 2 (raw) 0.00089892 (wgt)
                           │                          └☑─AllMerged_HbbMSDLt150
                           │                             pass: 255 (raw) 0.115134 (wgt)
                           │                             fail: 4 (raw) 0.00185675 (wgt)
                           │                             └☑─AllMerged_VqqMSDLt120
                           │                                pass: 248 (raw) 0.111875 (wgt)
                           │                                fail: 7 (raw) 0.00325889 (wgt)
                           └☒─Exactly2FatJets
                              └☑─SemiMerged_SelectVVHFatJets
                                 pass: 10260 (raw) 4.68286 (wgt)
                                 fail: 0 (raw)
                                 └☑─SemiMerged_SelectJets
                                    pass: 10260 (raw) 4.61932 (wgt)
                                    fail: 0 (raw)
                                    └☑─SemiMerged_Geq4Jets
                                       pass: 3648 (raw) 1.63947 (wgt)
                                       fail: 6612 (raw) 2.97985 (wgt)
                                       └☑─SemiMerged_SelectVJets
                                          pass: 3648 (raw) 1.63947 (wgt)
                                          fail: 0 (raw)
                                          └☑─SemiMerged_SelectVBSJets
                                             pass: 2394 (raw) 1.07577 (wgt)
                                             fail: 1254 (raw) 0.563703 (wgt)
                                             └☑─SemiMerged_SaveVariables
                                                pass: 2394 (raw) 1.07577 (wgt)
                                                fail: 0 (raw)
                                                └☑─Addition_Vqqjets
                                                   pass: 2394 (raw) 1.07577 (wgt)
                                                   fail: 0 (raw)
                                                   └☑─Cut1
                                                      pass: 1966 (raw) 0.883075 (wgt)
                                                      fail: 428 (raw) 0.192693 (wgt)
                                                      └☑─Cut2
                                                         pass: 945 (raw) 0.423738 (wgt)
                                                         fail: 1021 (raw) 0.459337 (wgt)
                                                         └☑─Cut3
                                                            pass: 927 (raw) 0.415461 (wgt)
                                                            fail: 18 (raw) 0.00827697 (wgt)
                                                            └☑─SemiMerged_MjjGt500
                                                               pass: 690 (raw) 0.309443 (wgt)
                                                               fail: 237 (raw) 0.106018 (wgt)
                                                               └☑─SemiMerged_detajjGt3
                                                                  pass: 653 (raw) 0.292913 (wgt)
                                                                  fail: 37 (raw) 0.0165307 (wgt)
                                                                  └☑─SemiMerged_XbbGt0p9
                                                                     pass: 576 (raw) 0.258428 (wgt)
                                                                     fail: 77 (raw) 0.0344848 (wgt)
                                                                     └☑─SemiMerged_XVqqGt0p9
                                                                        pass: 425 (raw) 0.190432 (wgt)
                                                                        fail: 151 (raw) 0.0679957 (wgt)
                                                                        └☑─SemiMerged_STGt1300
                                                                           pass: 344 (raw) 0.154331 (wgt)
                                                                           fail: 81 (raw) 0.0361008 (wgt)
                                                                           └☑─SemiMerged_HbbMSDLt150
                                                                              pass: 327 (raw) 0.146697 (wgt)
                                                                              fail: 17 (raw) 0.00763421 (wgt)
                                                                              └☑─SemiMerged_VqqMSDLt120
                                                                                 pass: 317 (raw) 0.142192 (wgt)
                                                                                 fail: 10 (raw) 0.00450509 (wgt)
                                                                                 └☑─SemiMerged_VqqMjjLt120
                                                                                    pass: 286 (raw) 0.128319 (wgt)
                                                                                    fail: 31 (raw) 0.013873 (wgt)
