./bin/vbsvvhjets_semimerged --input_ttree=Events --output_dir=/home/users/eslam.zenhom/public_html/uf_work/vbs2/analysis/studies/vbsvvhjets_semimerged/output_abcdnet_v3/2018 --output_name=WJetsToQQ_HT-200to400 --output_ttree=tree --variation=nominal --scale_factor=10.5213541032107276151918995310552418231964111328125 /home/users/eslam.zenhom/public_html/skimdata/bkg_0lep_2ak4_2ak8_ttH/WJetsToQQ_HT-200to400_TuneCP5_13TeV-madgraphMLM-pythia8_RunIISummer20UL18NanoAODv9-106X_upgrade2018_realistic_v16_L1v1-v2_NANOAODSIM_bkg_0lep_2ak4_2ak8_ttH/merged.root
Cutflow
└☑─Bookkeeping
   pass: 23 (raw) 244.41 (wgt)
   fail: 0 (raw)
   └☑─SaveSystWeights
      pass: 23 (raw) 244.41 (wgt)
      fail: 0 (raw)
      └☑─PassesEventFilters
         pass: 23 (raw) 244.41 (wgt)
         fail: 0 (raw)
         └☑─PassesTriggers
            pass: 6 (raw) 63.628 (wgt)
            fail: 17 (raw) 180.782 (wgt)
            └☑─SelectLeptons
               pass: 6 (raw) 63.628 (wgt)
               fail: 0 (raw)
               └☑─NoLeptons
                  pass: 6 (raw) 63.628 (wgt)
                  fail: 0 (raw)
                  └☑─SelectFatJets
                     pass: 6 (raw) 63.628 (wgt)
                     fail: 0 (raw)
                     └☑─TriggerPlateauCuts
                        pass: 1 (raw) 10.644 (wgt)
                        fail: 5 (raw) 52.984 (wgt)
                        └☑─Geq3FatJets
                           pass: 0 (raw)
                           fail: 1 (raw) 10.644 (wgt)
                           ├☑─AllMerged_SelectVVHFatJets
                           │  pass: 0 (raw)
                           │  fail: 0 (raw)
                           │  └☑─AllMerged_SelectJets
                           │     pass: 0 (raw)
                           │     fail: 0 (raw)
                           │     └☑─AllMerged_SelectVBSJets
                           │        pass: 0 (raw)
                           │        fail: 0 (raw)
                           │        └☑─AllMerged_SaveVariables
                           │           pass: 0 (raw)
                           │           fail: 0 (raw)
                           │           └☑─AllMerged_MjjGt500
                           │              pass: 0 (raw)
                           │              fail: 0 (raw)
                           │              └☑─AllMerged_detajjGt3
                           │                 pass: 0 (raw)
                           │                 fail: 0 (raw)
                           │                 └☑─AllMerged_XbbGt0p9
                           │                    pass: 0 (raw)
                           │                    fail: 0 (raw)
                           │                    └☑─AllMerged_XVqqGt0p9
                           │                       pass: 0 (raw)
                           │                       fail: 0 (raw)
                           │                       └☑─AllMerged_STGt1300
                           │                          pass: 0 (raw)
                           │                          fail: 0 (raw)
                           │                          └☑─AllMerged_HbbMSDLt150
                           │                             pass: 0 (raw)
                           │                             fail: 0 (raw)
                           │                             └☑─AllMerged_VqqMSDLt120
                           │                                pass: 0 (raw)
                           │                                fail: 0 (raw)
                           └☒─Exactly2FatJets
                              └☑─SemiMerged_SelectVVHFatJets
                                 pass: 1 (raw) 10.644 (wgt)
                                 fail: 0 (raw)
                                 └☑─SemiMerged_SelectJets
                                    pass: 1 (raw) 10.6183 (wgt)
                                    fail: 0 (raw)
                                    └☑─SemiMerged_Geq4Jets
                                       pass: 1 (raw) 10.6183 (wgt)
                                       fail: 0 (raw)
                                       └☑─SemiMerged_SelectVJets
                                          pass: 1 (raw) 10.6183 (wgt)
                                          fail: 0 (raw)
                                          └☑─SemiMerged_SelectVBSJets
                                             pass: 1 (raw) 10.6183 (wgt)
                                             fail: 0 (raw)
                                             └☑─SemiMerged_SaveVariables
                                                pass: 1 (raw) 10.6183 (wgt)
                                                fail: 0 (raw)
                                                └☑─Addition_Vqqjets
                                                   pass: 1 (raw) 10.6183 (wgt)
                                                   fail: 0 (raw)
                                                   └☑─Cut1
                                                      pass: 0 (raw)
                                                      fail: 1 (raw) 10.6183 (wgt)
                                                      └☑─Cut2
                                                         pass: 0 (raw)
                                                         fail: 0 (raw)
                                                         └☑─Cut3
                                                            pass: 0 (raw)
                                                            fail: 0 (raw)
                                                            └☑─SemiMerged_MjjGt500
                                                               pass: 0 (raw)
                                                               fail: 0 (raw)
                                                               └☑─SemiMerged_detajjGt3
                                                                  pass: 0 (raw)
                                                                  fail: 0 (raw)
                                                                  └☑─SemiMerged_XbbGt0p9
                                                                     pass: 0 (raw)
                                                                     fail: 0 (raw)
                                                                     └☑─SemiMerged_XVqqGt0p9
                                                                        pass: 0 (raw)
                                                                        fail: 0 (raw)
                                                                        └☑─SemiMerged_STGt1300
                                                                           pass: 0 (raw)
                                                                           fail: 0 (raw)
                                                                           └☑─SemiMerged_HbbMSDLt150
                                                                              pass: 0 (raw)
                                                                              fail: 0 (raw)
                                                                              └☑─SemiMerged_VqqMSDLt120
                                                                                 pass: 0 (raw)
                                                                                 fail: 0 (raw)
                                                                                 └☑─SemiMerged_VqqMjjLt120
                                                                                    pass: 0 (raw)
                                                                                    fail: 0 (raw)
