./bin/vbsvvhjets_semimerged --input_ttree=Events --output_dir=/home/users/eslam.zenhom/public_html/uf_work/vbs2/analysis/studies/vbsvvhjets_semimerged/output_abcdnet_v3/2018 --output_name=WJetsToQQ_HT-800toInf_1 --output_ttree=tree --variation=nominal --scale_factor=0.12665260718325133115769176583853550255298614501953125 /home/users/eslam.zenhom/public_html/skimdata/bkg_0lep_2ak4_2ak8_ttH/WJetsToQQ_HT-800toInf_TuneCP5_13TeV-madgraphMLM-pythia8_RunIISummer20UL18NanoAODv9-106X_upgrade2018_realistic_v16_L1v1-v2_NANOAODSIM_bkg_0lep_2ak4_2ak8_ttH/merged_1.root
Cutflow
└☑─Bookkeeping
   pass: 931172 (raw) 117907 (wgt)
   fail: 0 (raw)
   └☑─SaveSystWeights
      pass: 931172 (raw) 117907 (wgt)
      fail: 0 (raw)
      └☑─PassesEventFilters
         pass: 928380 (raw) 117554 (wgt)
         fail: 2792 (raw) 353.521 (wgt)
         └☑─PassesTriggers
            pass: 755408 (raw) 95631.6 (wgt)
            fail: 172972 (raw) 21921.9 (wgt)
            └☑─SelectLeptons
               pass: 755408 (raw) 95631.6 (wgt)
               fail: 0 (raw)
               └☑─NoLeptons
                  pass: 755408 (raw) 95631.6 (wgt)
                  fail: 0 (raw)
                  └☑─SelectFatJets
                     pass: 755408 (raw) 95631.6 (wgt)
                     fail: 0 (raw)
                     └☑─TriggerPlateauCuts
                        pass: 302675 (raw) 38324.8 (wgt)
                        fail: 452733 (raw) 57306.8 (wgt)
                        └☑─Geq3FatJets
                           pass: 11468 (raw) 1452.62 (wgt)
                           fail: 291207 (raw) 36872.1 (wgt)
                           ├☑─AllMerged_SelectVVHFatJets
                           │  pass: 11468 (raw) 1452.62 (wgt)
                           │  fail: 0 (raw)
                           │  └☑─AllMerged_SelectJets
                           │     pass: 11468 (raw) 1443.51 (wgt)
                           │     fail: 0 (raw)
                           │     └☑─AllMerged_SelectVBSJets
                           │        pass: 4634 (raw) 582.045 (wgt)
                           │        fail: 6834 (raw) 861.461 (wgt)
                           │        └☑─AllMerged_SaveVariables
                           │           pass: 4634 (raw) 582.045 (wgt)
                           │           fail: 0 (raw)
                           │           └☑─AllMerged_MjjGt500
                           │              pass: 1101 (raw) 138.487 (wgt)
                           │              fail: 3533 (raw) 443.558 (wgt)
                           │              └☑─AllMerged_detajjGt3
                           │                 pass: 882 (raw) 110.829 (wgt)
                           │                 fail: 219 (raw) 27.6584 (wgt)
                           │                 └☑─AllMerged_XbbGt0p9
                           │                    pass: 52 (raw) 6.53237 (wgt)
                           │                    fail: 830 (raw) 104.296 (wgt)
                           │                    └☑─AllMerged_XVqqGt0p9
                           │                       pass: 0 (raw)
                           │                       fail: 52 (raw) 6.53237 (wgt)
                           │                       └☑─AllMerged_STGt1300
                           │                          pass: 0 (raw)
                           │                          fail: 0 (raw)
                           │                          └☑─AllMerged_HbbMSDLt150
                           │                             pass: 0 (raw)
                           │                             fail: 0 (raw)
                           │                             └☑─AllMerged_VqqMSDLt120
                           │                                pass: 0 (raw)
                           │                                fail: 0 (raw)
                           └☒─Exactly2FatJets
                              └☑─SemiMerged_SelectVVHFatJets
                                 pass: 290911 (raw) 36834.6 (wgt)
                                 fail: 0 (raw)
                                 └☑─SemiMerged_SelectJets
                                    pass: 290911 (raw) 36605.5 (wgt)
                                    fail: 0 (raw)
                                    └☑─SemiMerged_Geq4Jets
                                       pass: 66170 (raw) 8326.2 (wgt)
                                       fail: 224741 (raw) 28279.3 (wgt)
                                       └☑─SemiMerged_SelectVJets
                                          pass: 66170 (raw) 8326.2 (wgt)
                                          fail: 0 (raw)
                                          └☑─SemiMerged_SelectVBSJets
                                             pass: 38360 (raw) 4816.92 (wgt)
                                             fail: 27810 (raw) 3509.28 (wgt)
                                             └☑─SemiMerged_SaveVariables
                                                pass: 38360 (raw) 4816.92 (wgt)
                                                fail: 0 (raw)
                                                └☑─Addition_Vqqjets
                                                   pass: 38360 (raw) 4816.92 (wgt)
                                                   fail: 0 (raw)
                                                   └☑─Cut1
                                                      pass: 10074 (raw) 1266.09 (wgt)
                                                      fail: 28286 (raw) 3550.84 (wgt)
                                                      └☑─Cut2
                                                         pass: 801 (raw) 100.782 (wgt)
                                                         fail: 9273 (raw) 1165.31 (wgt)
                                                         └☑─Cut3
                                                            pass: 756 (raw) 95.0912 (wgt)
                                                            fail: 45 (raw) 5.69073 (wgt)
                                                            └☑─SemiMerged_MjjGt500
                                                               pass: 207 (raw) 25.9495 (wgt)
                                                               fail: 549 (raw) 69.1417 (wgt)
                                                               └☑─SemiMerged_detajjGt3
                                                                  pass: 162 (raw) 20.1952 (wgt)
                                                                  fail: 45 (raw) 5.75421 (wgt)
                                                                  └☑─SemiMerged_XbbGt0p9
                                                                     pass: 91 (raw) 11.3241 (wgt)
                                                                     fail: 71 (raw) 8.87115 (wgt)
                                                                     └☑─SemiMerged_XVqqGt0p9
                                                                        pass: 24 (raw) 2.96385 (wgt)
                                                                        fail: 67 (raw) 8.36025 (wgt)
                                                                        └☑─SemiMerged_STGt1300
                                                                           pass: 12 (raw) 1.47233 (wgt)
                                                                           fail: 12 (raw) 1.49152 (wgt)
                                                                           └☑─SemiMerged_HbbMSDLt150
                                                                              pass: 10 (raw) 1.22532 (wgt)
                                                                              fail: 2 (raw) 0.247009 (wgt)
                                                                              └☑─SemiMerged_VqqMSDLt120
                                                                                 pass: 10 (raw) 1.22532 (wgt)
                                                                                 fail: 0 (raw)
                                                                                 └☑─SemiMerged_VqqMjjLt120
                                                                                    pass: 8 (raw) 0.976086 (wgt)
                                                                                    fail: 2 (raw) 0.249234 (wgt)
