./bin/vbsvvhjets_semimerged --input_ttree=Events --output_dir=/home/users/eslam.zenhom/public_html/uf_work/vbs2/analysis/studies/vbsvvhjets_semimerged/output_abcdnet_v3/2018 --output_name=WWTo4Q_4f --output_ttree=tree --variation=nominal --scale_factor=0.0009179851630743813238610950833162860362790524959564208984375 /home/users/eslam.zenhom/public_html/skimdata/bkg_0lep_2ak4_2ak8_ttH/WWTo4Q_4f_TuneCP5_13TeV-amcatnloFXFX-pythia8_RunIISummer20UL18NanoAODv9-106X_upgrade2018_realistic_v16_L1v1-v2_NANOAODSIM_bkg_0lep_2ak4_2ak8_ttH/merged.root
Cutflow
└☑─Bookkeeping
   pass: 148232 (raw) 9939.51 (wgt)
   fail: 0 (raw)
   └☑─SaveSystWeights
      pass: 148232 (raw) 9939.51 (wgt)
      fail: 0 (raw)
      └☑─PassesEventFilters
         pass: 147903 (raw) 9917.84 (wgt)
         fail: 329 (raw) 21.6738 (wgt)
         └☑─PassesTriggers
            pass: 80378 (raw) 5694.36 (wgt)
            fail: 67525 (raw) 4223.48 (wgt)
            └☑─SelectLeptons
               pass: 80378 (raw) 5694.36 (wgt)
               fail: 0 (raw)
               └☑─NoLeptons
                  pass: 80378 (raw) 5694.36 (wgt)
                  fail: 0 (raw)
                  └☑─SelectFatJets
                     pass: 80378 (raw) 5694.36 (wgt)
                     fail: 0 (raw)
                     └☑─TriggerPlateauCuts
                        pass: 30125 (raw) 2266.86 (wgt)
                        fail: 50253 (raw) 3427.5 (wgt)
                        └☑─Geq3FatJets
                           pass: 1353 (raw) 121.61 (wgt)
                           fail: 28772 (raw) 2145.25 (wgt)
                           ├☑─AllMerged_SelectVVHFatJets
                           │  pass: 1353 (raw) 121.61 (wgt)
                           │  fail: 0 (raw)
                           │  └☑─AllMerged_SelectJets
                           │     pass: 1353 (raw) 120.857 (wgt)
                           │     fail: 0 (raw)
                           │     └☑─AllMerged_SelectVBSJets
                           │        pass: 535 (raw) 47.5401 (wgt)
                           │        fail: 818 (raw) 73.3173 (wgt)
                           │        └☑─AllMerged_SaveVariables
                           │           pass: 535 (raw) 47.5401 (wgt)
                           │           fail: 0 (raw)
                           │           └☑─AllMerged_MjjGt500
                           │              pass: 121 (raw) 9.9744 (wgt)
                           │              fail: 414 (raw) 37.5656 (wgt)
                           │              └☑─AllMerged_detajjGt3
                           │                 pass: 99 (raw) 8.17854 (wgt)
                           │                 fail: 22 (raw) 1.79586 (wgt)
                           │                 └☑─AllMerged_XbbGt0p9
                           │                    pass: 4 (raw) 0.242748 (wgt)
                           │                    fail: 95 (raw) 7.93579 (wgt)
                           │                    └☑─AllMerged_XVqqGt0p9
                           │                       pass: 0 (raw)
                           │                       fail: 4 (raw) 0.242748 (wgt)
                           │                       └☑─AllMerged_STGt1300
                           │                          pass: 0 (raw)
                           │                          fail: 0 (raw)
                           │                          └☑─AllMerged_HbbMSDLt150
                           │                             pass: 0 (raw)
                           │                             fail: 0 (raw)
                           │                             └☑─AllMerged_VqqMSDLt120
                           │                                pass: 0 (raw)
                           │                                fail: 0 (raw)
                           └☒─Exactly2FatJets
                              └☑─SemiMerged_SelectVVHFatJets
                                 pass: 28748 (raw) 2143.13 (wgt)
                                 fail: 0 (raw)
                                 └☑─SemiMerged_SelectJets
                                    pass: 28748 (raw) 2128.7 (wgt)
                                    fail: 0 (raw)
                                    └☑─SemiMerged_Geq4Jets
                                       pass: 7334 (raw) 587.686 (wgt)
                                       fail: 21414 (raw) 1541.02 (wgt)
                                       └☑─SemiMerged_SelectVJets
                                          pass: 7334 (raw) 587.686 (wgt)
                                          fail: 0 (raw)
                                          └☑─SemiMerged_SelectVBSJets
                                             pass: 4303 (raw) 351.022 (wgt)
                                             fail: 3031 (raw) 236.664 (wgt)
                                             └☑─SemiMerged_SaveVariables
                                                pass: 4303 (raw) 351.022 (wgt)
                                                fail: 0 (raw)
                                                └☑─Addition_Vqqjets
                                                   pass: 4303 (raw) 351.022 (wgt)
                                                   fail: 0 (raw)
                                                   └☑─Cut1
                                                      pass: 1873 (raw) 140.11 (wgt)
                                                      fail: 2430 (raw) 210.913 (wgt)
                                                      └☑─Cut2
                                                         pass: 165 (raw) 11.3712 (wgt)
                                                         fail: 1708 (raw) 128.739 (wgt)
                                                         └☑─Cut3
                                                            pass: 161 (raw) 11.1203 (wgt)
                                                            fail: 4 (raw) 0.250928 (wgt)
                                                            └☑─SemiMerged_MjjGt500
                                                               pass: 45 (raw) 3.52157 (wgt)
                                                               fail: 116 (raw) 7.59873 (wgt)
                                                               └☑─SemiMerged_detajjGt3
                                                                  pass: 34 (raw) 2.6088 (wgt)
                                                                  fail: 11 (raw) 0.912772 (wgt)
                                                                  └☑─SemiMerged_XbbGt0p9
                                                                     pass: 23 (raw) 1.67934 (wgt)
                                                                     fail: 11 (raw) 0.929463 (wgt)
                                                                     └☑─SemiMerged_XVqqGt0p9
                                                                        pass: 9 (raw) 0.887655 (wgt)
                                                                        fail: 14 (raw) 0.791681 (wgt)
                                                                        └☑─SemiMerged_STGt1300
                                                                           pass: 3 (raw) 0.127924 (wgt)
                                                                           fail: 6 (raw) 0.759731 (wgt)
                                                                           └☑─SemiMerged_HbbMSDLt150
                                                                              pass: 2 (raw) 0.00715083 (wgt)
                                                                              fail: 1 (raw) 0.120773 (wgt)
                                                                              └☑─SemiMerged_VqqMSDLt120
                                                                                 pass: 2 (raw) 0.00715083 (wgt)
                                                                                 fail: 0 (raw)
                                                                                 └☑─SemiMerged_VqqMjjLt120
                                                                                    pass: 1 (raw) 0.133886 (wgt)
                                                                                    fail: 1 (raw) -0.126735 (wgt)
