./bin/vbsvvhjets_semimerged --input_ttree=Events --output_dir=/home/users/eslam.zenhom/public_html/uf_work/vbs2/analysis/studies/vbsvvhjets_semimerged/output_abcdnet_v3/2018 --output_name=ZJetsToQQ_HT-600to800 --output_ttree=tree --variation=nominal --scale_factor=0.126031116653408992167584301569149829447269439697265625 /home/users/eslam.zenhom/public_html/skimdata/bkg_0lep_2ak4_2ak8_ttH/ZJetsToQQ_HT-600to800_TuneCP5_13TeV-madgraphMLM-pythia8_RunIISummer20UL18NanoAODv9-106X_upgrade2018_realistic_v16_L1v1-v2_NANOAODSIM_bkg_0lep_2ak4_2ak8_ttH/merged.root
Cutflow
└☑─Bookkeeping
   pass: 378761 (raw) 47719.8 (wgt)
   fail: 0 (raw)
   └☑─SaveSystWeights
      pass: 378761 (raw) 47719.8 (wgt)
      fail: 0 (raw)
      └☑─PassesEventFilters
         pass: 378560 (raw) 47694.2 (wgt)
         fail: 201 (raw) 25.5618 (wgt)
         └☑─PassesTriggers
            pass: 16025 (raw) 2017.41 (wgt)
            fail: 362535 (raw) 45676.8 (wgt)
            └☑─SelectLeptons
               pass: 16025 (raw) 2017.41 (wgt)
               fail: 0 (raw)
               └☑─NoLeptons
                  pass: 16025 (raw) 2017.41 (wgt)
                  fail: 0 (raw)
                  └☑─SelectFatJets
                     pass: 16025 (raw) 2017.41 (wgt)
                     fail: 0 (raw)
                     └☑─TriggerPlateauCuts
                        pass: 86 (raw) 10.8275 (wgt)
                        fail: 15939 (raw) 2006.59 (wgt)
                        └☑─Geq3FatJets
                           pass: 0 (raw)
                           fail: 86 (raw) 10.8275 (wgt)
                           ├☑─AllMerged_SelectVVHFatJets
                           │  pass: 0 (raw)
                           │  fail: 0 (raw)
                           │  └☑─AllMerged_SelectJets
                           │     pass: 0 (raw)
                           │     fail: 0 (raw)
                           │     └☑─AllMerged_SelectVBSJets
                           │        pass: 0 (raw)
                           │        fail: 0 (raw)
                           │        └☑─AllMerged_SaveVariables
                           │           pass: 0 (raw)
                           │           fail: 0 (raw)
                           │           └☑─AllMerged_MjjGt500
                           │              pass: 0 (raw)
                           │              fail: 0 (raw)
                           │              └☑─AllMerged_detajjGt3
                           │                 pass: 0 (raw)
                           │                 fail: 0 (raw)
                           │                 └☑─AllMerged_XbbGt0p9
                           │                    pass: 0 (raw)
                           │                    fail: 0 (raw)
                           │                    └☑─AllMerged_XVqqGt0p9
                           │                       pass: 0 (raw)
                           │                       fail: 0 (raw)
                           │                       └☑─AllMerged_STGt1300
                           │                          pass: 0 (raw)
                           │                          fail: 0 (raw)
                           │                          └☑─AllMerged_HbbMSDLt150
                           │                             pass: 0 (raw)
                           │                             fail: 0 (raw)
                           │                             └☑─AllMerged_VqqMSDLt120
                           │                                pass: 0 (raw)
                           │                                fail: 0 (raw)
                           └☒─Exactly2FatJets
                              └☑─SemiMerged_SelectVVHFatJets
                                 pass: 84 (raw) 10.5661 (wgt)
                                 fail: 0 (raw)
                                 └☑─SemiMerged_SelectJets
                                    pass: 84 (raw) 10.4745 (wgt)
                                    fail: 0 (raw)
                                    └☑─SemiMerged_Geq4Jets
                                       pass: 35 (raw) 4.38033 (wgt)
                                       fail: 49 (raw) 6.0942 (wgt)
                                       └☑─SemiMerged_SelectVJets
                                          pass: 35 (raw) 4.38033 (wgt)
                                          fail: 0 (raw)
                                          └☑─SemiMerged_SelectVBSJets
                                             pass: 24 (raw) 3.00067 (wgt)
                                             fail: 11 (raw) 1.37966 (wgt)
                                             └☑─SemiMerged_SaveVariables
                                                pass: 24 (raw) 3.00067 (wgt)
                                                fail: 0 (raw)
                                                └☑─Addition_Vqqjets
                                                   pass: 24 (raw) 3.00067 (wgt)
                                                   fail: 0 (raw)
                                                   └☑─Cut1
                                                      pass: 7 (raw) 0.899488 (wgt)
                                                      fail: 17 (raw) 2.10118 (wgt)
                                                      └☑─Cut2
                                                         pass: 0 (raw)
                                                         fail: 7 (raw) 0.899488 (wgt)
                                                         └☑─Cut3
                                                            pass: 0 (raw)
                                                            fail: 0 (raw)
                                                            └☑─SemiMerged_MjjGt500
                                                               pass: 0 (raw)
                                                               fail: 0 (raw)
                                                               └☑─SemiMerged_detajjGt3
                                                                  pass: 0 (raw)
                                                                  fail: 0 (raw)
                                                                  └☑─SemiMerged_XbbGt0p9
                                                                     pass: 0 (raw)
                                                                     fail: 0 (raw)
                                                                     └☑─SemiMerged_XVqqGt0p9
                                                                        pass: 0 (raw)
                                                                        fail: 0 (raw)
                                                                        └☑─SemiMerged_STGt1300
                                                                           pass: 0 (raw)
                                                                           fail: 0 (raw)
                                                                           └☑─SemiMerged_HbbMSDLt150
                                                                              pass: 0 (raw)
                                                                              fail: 0 (raw)
                                                                              └☑─SemiMerged_VqqMSDLt120
                                                                                 pass: 0 (raw)
                                                                                 fail: 0 (raw)
                                                                                 └☑─SemiMerged_VqqMjjLt120
                                                                                    pass: 0 (raw)
                                                                                    fail: 0 (raw)
