./bin/vbsvvhjets_semimerged --input_ttree=Events --output_dir=/home/users/eslam.zenhom/public_html/uf_work/vbs2/analysis/studies/vbsvvhjets_semimerged/output_abcdnet_v3/2016postVFP --output_name=EWKWminus2Jets_WToQQ_dipoleRecoilOn --output_ttree=tree --variation=nominal --scale_factor=0.035885961349544727438942715025405050255358219146728515625 /home/users/eslam.zenhom/public_html/skimdata/bkg_0lep_2ak4_2ak8_ttH/EWKWminus2Jets_WToQQ_dipoleRecoilOn_TuneCP5_13TeV-madgraph-pythia8_RunIISummer20UL16NanoAODv9-106X_mcRun2_asymptotic_v17-v1_NANOAODSIM_bkg_0lep_2ak4_2ak8_ttH/merged.root
Cutflow
└☑─Bookkeeping
   pass: 29296 (raw) 1012.98 (wgt)
   fail: 0 (raw)
   └☑─SaveSystWeights
      pass: 29296 (raw) 1012.98 (wgt)
      fail: 0 (raw)
      └☑─PassesEventFilters
         pass: 29176 (raw) 1008.47 (wgt)
         fail: 120 (raw) 4.51573 (wgt)
         └☑─PassesTriggers
            pass: 27715 (raw) 956.429 (wgt)
            fail: 1461 (raw) 52.0388 (wgt)
            └☑─SelectLeptons
               pass: 27715 (raw) 956.429 (wgt)
               fail: 0 (raw)
               └☑─NoLeptons
                  pass: 27715 (raw) 956.429 (wgt)
                  fail: 0 (raw)
                  └☑─SelectFatJets
                     pass: 27715 (raw) 956.429 (wgt)
                     fail: 0 (raw)
                     └☑─TriggerPlateauCuts
                        pass: 10416 (raw) 357.159 (wgt)
                        fail: 17299 (raw) 599.269 (wgt)
                        └☑─Geq3FatJets
                           pass: 300 (raw) 10.2059 (wgt)
                           fail: 10116 (raw) 346.953 (wgt)
                           ├☑─AllMerged_SelectVVHFatJets
                           │  pass: 300 (raw) 10.2059 (wgt)
                           │  fail: 0 (raw)
                           │  └☑─AllMerged_SelectJets
                           │     pass: 300 (raw) 10.0991 (wgt)
                           │     fail: 0 (raw)
                           │     └☑─AllMerged_SelectVBSJets
                           │        pass: 113 (raw) 3.7368 (wgt)
                           │        fail: 187 (raw) 6.36231 (wgt)
                           │        └☑─AllMerged_SaveVariables
                           │           pass: 113 (raw) 3.7368 (wgt)
                           │           fail: 0 (raw)
                           │           └☑─AllMerged_MjjGt500
                           │              pass: 36 (raw) 1.15687 (wgt)
                           │              fail: 77 (raw) 2.57993 (wgt)
                           │              └☑─AllMerged_detajjGt3
                           │                 pass: 31 (raw) 1.00055 (wgt)
                           │                 fail: 5 (raw) 0.15632 (wgt)
                           │                 └☑─AllMerged_XbbGt0p9
                           │                    pass: 9 (raw) 0.254886 (wgt)
                           │                    fail: 22 (raw) 0.745667 (wgt)
                           │                    └☑─AllMerged_XVqqGt0p9
                           │                       pass: 0 (raw)
                           │                       fail: 9 (raw) 0.254886 (wgt)
                           │                       └☑─AllMerged_STGt1300
                           │                          pass: 0 (raw)
                           │                          fail: 0 (raw)
                           │                          └☑─AllMerged_HbbMSDLt150
                           │                             pass: 0 (raw)
                           │                             fail: 0 (raw)
                           │                             └☑─AllMerged_VqqMSDLt120
                           │                                pass: 0 (raw)
                           │                                fail: 0 (raw)
                           └☒─Exactly2FatJets
                              └☑─SemiMerged_SelectVVHFatJets
                                 pass: 10116 (raw) 346.953 (wgt)
                                 fail: 0 (raw)
                                 └☑─SemiMerged_SelectJets
                                    pass: 10116 (raw) 343.133 (wgt)
                                    fail: 0 (raw)
                                    └☑─SemiMerged_Geq4Jets
                                       pass: 1890 (raw) 65.0445 (wgt)
                                       fail: 8226 (raw) 278.088 (wgt)
                                       └☑─SemiMerged_SelectVJets
                                          pass: 1890 (raw) 65.0445 (wgt)
                                          fail: 0 (raw)
                                          └☑─SemiMerged_SelectVBSJets
                                             pass: 1168 (raw) 39.0559 (wgt)
                                             fail: 722 (raw) 25.9887 (wgt)
                                             └☑─SemiMerged_SaveVariables
                                                pass: 1168 (raw) 39.0559 (wgt)
                                                fail: 0 (raw)
                                                └☑─Addition_Vqqjets
                                                   pass: 1168 (raw) 39.0559 (wgt)
                                                   fail: 0 (raw)
                                                   └☑─Cut1
                                                      pass: 713 (raw) 23.8287 (wgt)
                                                      fail: 455 (raw) 15.2272 (wgt)
                                                      └☑─Cut2
                                                         pass: 270 (raw) 9.10286 (wgt)
                                                         fail: 443 (raw) 14.7258 (wgt)
                                                         └☑─Cut3
                                                            pass: 254 (raw) 8.58724 (wgt)
                                                            fail: 16 (raw) 0.515621 (wgt)
                                                            └☑─SemiMerged_MjjGt500
                                                               pass: 106 (raw) 3.68801 (wgt)
                                                               fail: 148 (raw) 4.89923 (wgt)
                                                               └☑─SemiMerged_detajjGt3
                                                                  pass: 96 (raw) 3.30268 (wgt)
                                                                  fail: 10 (raw) 0.385332 (wgt)
                                                                  └☑─SemiMerged_XbbGt0p9
                                                                     pass: 58 (raw) 2.04286 (wgt)
                                                                     fail: 38 (raw) 1.25982 (wgt)
                                                                     └☑─SemiMerged_XVqqGt0p9
                                                                        pass: 42 (raw) 1.47963 (wgt)
                                                                        fail: 16 (raw) 0.56323 (wgt)
                                                                        └☑─SemiMerged_STGt1300
                                                                           pass: 33 (raw) 1.15859 (wgt)
                                                                           fail: 9 (raw) 0.321041 (wgt)
                                                                           └☑─SemiMerged_HbbMSDLt150
                                                                              pass: 18 (raw) 0.651718 (wgt)
                                                                              fail: 15 (raw) 0.506868 (wgt)
                                                                              └☑─SemiMerged_VqqMSDLt120
                                                                                 pass: 18 (raw) 0.651718 (wgt)
                                                                                 fail: 0 (raw)
                                                                                 └☑─SemiMerged_VqqMjjLt120
                                                                                    pass: 11 (raw) 0.375596 (wgt)
                                                                                    fail: 7 (raw) 0.276121 (wgt)
