./bin/vbsvvhjets_semimerged --input_ttree=Events --output_dir=/home/users/eslam.zenhom/public_html/uf_work/vbs2/analysis/studies/vbsvvhjets_semimerged/output_abcdnet_v3/2016postVFP --output_name=QCD_HT2000toInf --output_ttree=tree --variation=nominal --scale_factor=0.1837674486316289712561911073862574994564056396484375 /home/users/eslam.zenhom/public_html/skimdata/bkg_0lep_2ak4_2ak8_ttH/QCD_HT2000toInf_TuneCP5_PSWeights_13TeV-madgraph-pythia8_RunIISummer20UL16NanoAODv9-106X_mcRun2_asymptotic_v17-v1_NANOAODSIM_bkg_0lep_2ak4_2ak8_ttH/merged.root
Cutflow
└☑─Bookkeeping
   pass: 480611 (raw) 86605.6 (wgt)
   fail: 0 (raw)
   └☑─SaveSystWeights
      pass: 480611 (raw) 86605.6 (wgt)
      fail: 0 (raw)
      └☑─PassesEventFilters
         pass: 473735 (raw) 85335.7 (wgt)
         fail: 6876 (raw) 1269.94 (wgt)
         └☑─PassesTriggers
            pass: 473735 (raw) 85335.7 (wgt)
            fail: 0 (raw)
            └☑─SelectLeptons
               pass: 473735 (raw) 85335.7 (wgt)
               fail: 0 (raw)
               └☑─NoLeptons
                  pass: 473735 (raw) 85335.7 (wgt)
                  fail: 0 (raw)
                  └☑─SelectFatJets
                     pass: 473735 (raw) 85335.7 (wgt)
                     fail: 0 (raw)
                     └☑─TriggerPlateauCuts
                        pass: 466489 (raw) 84055.5 (wgt)
                        fail: 7246 (raw) 1280.21 (wgt)
                        └☑─Geq3FatJets
                           pass: 43496 (raw) 7809.52 (wgt)
                           fail: 422993 (raw) 76246 (wgt)
                           ├☑─AllMerged_SelectVVHFatJets
                           │  pass: 43496 (raw) 7809.52 (wgt)
                           │  fail: 0 (raw)
                           │  └☑─AllMerged_SelectJets
                           │     pass: 43496 (raw) 7747.13 (wgt)
                           │     fail: 0 (raw)
                           │     └☑─AllMerged_SelectVBSJets
                           │        pass: 22624 (raw) 3972.83 (wgt)
                           │        fail: 20872 (raw) 3774.3 (wgt)
                           │        └☑─AllMerged_SaveVariables
                           │           pass: 22624 (raw) 3972.83 (wgt)
                           │           fail: 0 (raw)
                           │           └☑─AllMerged_MjjGt500
                           │              pass: 6746 (raw) 1152.55 (wgt)
                           │              fail: 15878 (raw) 2820.28 (wgt)
                           │              └☑─AllMerged_detajjGt3
                           │                 pass: 4769 (raw) 806.324 (wgt)
                           │                 fail: 1977 (raw) 346.227 (wgt)
                           │                 └☑─AllMerged_XbbGt0p9
                           │                    pass: 264 (raw) 46.2226 (wgt)
                           │                    fail: 4505 (raw) 760.101 (wgt)
                           │                    └☑─AllMerged_XVqqGt0p9
                           │                       pass: 1 (raw) 0.183848 (wgt)
                           │                       fail: 263 (raw) 46.0387 (wgt)
                           │                       └☑─AllMerged_STGt1300
                           │                          pass: 1 (raw) 0.183848 (wgt)
                           │                          fail: 0 (raw)
                           │                          └☑─AllMerged_HbbMSDLt150
                           │                             pass: 0 (raw)
                           │                             fail: 1 (raw) 0.183848 (wgt)
                           │                             └☑─AllMerged_VqqMSDLt120
                           │                                pass: 0 (raw)
                           │                                fail: 0 (raw)
                           └☒─Exactly2FatJets
                              └☑─SemiMerged_SelectVVHFatJets
                                 pass: 422993 (raw) 76246 (wgt)
                                 fail: 0 (raw)
                                 └☑─SemiMerged_SelectJets
                                    pass: 422993 (raw) 75669.5 (wgt)
                                    fail: 0 (raw)
                                    └☑─SemiMerged_Geq4Jets
                                       pass: 117251 (raw) 20965.3 (wgt)
                                       fail: 305742 (raw) 54704.2 (wgt)
                                       └☑─SemiMerged_SelectVJets
                                          pass: 117251 (raw) 20965.3 (wgt)
                                          fail: 0 (raw)
                                          └☑─SemiMerged_SelectVBSJets
                                             pass: 78413 (raw) 13809.9 (wgt)
                                             fail: 38838 (raw) 7155.36 (wgt)
                                             └☑─SemiMerged_SaveVariables
                                                pass: 78413 (raw) 13809.9 (wgt)
                                                fail: 0 (raw)
                                                └☑─Addition_Vqqjets
                                                   pass: 78413 (raw) 13809.9 (wgt)
                                                   fail: 0 (raw)
                                                   └☑─Cut1
                                                      pass: 9714 (raw) 1727.51 (wgt)
                                                      fail: 68699 (raw) 12082.4 (wgt)
                                                      └☑─Cut2
                                                         pass: 1018 (raw) 180.686 (wgt)
                                                         fail: 8696 (raw) 1546.83 (wgt)
                                                         └☑─Cut3
                                                            pass: 869 (raw) 154.934 (wgt)
                                                            fail: 149 (raw) 25.752 (wgt)
                                                            └☑─SemiMerged_MjjGt500
                                                               pass: 357 (raw) 63.367 (wgt)
                                                               fail: 512 (raw) 91.5667 (wgt)
                                                               └☑─SemiMerged_detajjGt3
                                                                  pass: 214 (raw) 34.6557 (wgt)
                                                                  fail: 143 (raw) 28.7113 (wgt)
                                                                  └☑─SemiMerged_XbbGt0p9
                                                                     pass: 127 (raw) 19.87 (wgt)
                                                                     fail: 87 (raw) 14.7856 (wgt)
                                                                     └☑─SemiMerged_XVqqGt0p9
                                                                        pass: 26 (raw) 3.54088 (wgt)
                                                                        fail: 101 (raw) 16.3291 (wgt)
                                                                        └☑─SemiMerged_STGt1300
                                                                           pass: 22 (raw) 2.91482 (wgt)
                                                                           fail: 4 (raw) 0.626057 (wgt)
                                                                           └☑─SemiMerged_HbbMSDLt150
                                                                              pass: 12 (raw) 1.71945 (wgt)
                                                                              fail: 10 (raw) 1.19537 (wgt)
                                                                              └☑─SemiMerged_VqqMSDLt120
                                                                                 pass: 5 (raw) 0.861845 (wgt)
                                                                                 fail: 7 (raw) 0.857607 (wgt)
                                                                                 └☑─SemiMerged_VqqMjjLt120
                                                                                    pass: 3 (raw) 0.433647 (wgt)
                                                                                    fail: 2 (raw) 0.428198 (wgt)
