./bin/vbsvvhjets_semimerged --input_ttree=Events --output_dir=/home/users/eslam.zenhom/public_html/uf_work/vbs2/analysis/studies/vbsvvhjets_semimerged/output_abcdnet_v3/2016postVFP --output_name=ttHTobb_M125 --output_ttree=tree --variation=nominal --scale_factor=0.000869231418792590164977551747682582572451792657375335693359375 /home/users/eslam.zenhom/public_html/skimdata/bkg_0lep_2ak4_2ak8_ttH/ttHTobb_M125_TuneCP5_13TeV-powheg-pythia8_RunIISummer20UL16NanoAODv9-106X_mcRun2_asymptotic_v17-v2_NANOAODSIM_bkg_0lep_2ak4_2ak8_ttH/merged.root
Cutflow
└☑─Bookkeeping
   pass: 180654 (raw) 70.3669 (wgt)
   fail: 0 (raw)
   └☑─SaveSystWeights
      pass: 180654 (raw) 70.3669 (wgt)
      fail: 0 (raw)
      └☑─PassesEventFilters
         pass: 180117 (raw) 70.1597 (wgt)
         fail: 537 (raw) 0.207229 (wgt)
         └☑─PassesTriggers
            pass: 176156 (raw) 68.5237 (wgt)
            fail: 3961 (raw) 1.63592 (wgt)
            └☑─SelectLeptons
               pass: 176156 (raw) 68.5237 (wgt)
               fail: 0 (raw)
               └☑─NoLeptons
                  pass: 176156 (raw) 68.5237 (wgt)
                  fail: 0 (raw)
                  └☑─SelectFatJets
                     pass: 176156 (raw) 68.5237 (wgt)
                     fail: 0 (raw)
                     └☑─TriggerPlateauCuts
                        pass: 59093 (raw) 21.7624 (wgt)
                        fail: 117063 (raw) 46.7614 (wgt)
                        └☑─Geq3FatJets
                           pass: 6281 (raw) 2.35474 (wgt)
                           fail: 52812 (raw) 19.4076 (wgt)
                           ├☑─AllMerged_SelectVVHFatJets
                           │  pass: 6281 (raw) 2.35474 (wgt)
                           │  fail: 0 (raw)
                           │  └☑─AllMerged_SelectJets
                           │     pass: 6281 (raw) 2.33139 (wgt)
                           │     fail: 0 (raw)
                           │     └☑─AllMerged_SelectVBSJets
                           │        pass: 3943 (raw) 1.5275 (wgt)
                           │        fail: 2338 (raw) 0.803891 (wgt)
                           │        └☑─AllMerged_SaveVariables
                           │           pass: 3943 (raw) 1.5275 (wgt)
                           │           fail: 0 (raw)
                           │           └☑─AllMerged_MjjGt500
                           │              pass: 931 (raw) 0.348736 (wgt)
                           │              fail: 3012 (raw) 1.17876 (wgt)
                           │              └☑─AllMerged_detajjGt3
                           │                 pass: 790 (raw) 0.291085 (wgt)
                           │                 fail: 141 (raw) 0.0576513 (wgt)
                           │                 └☑─AllMerged_XbbGt0p9
                           │                    pass: 546 (raw) 0.197195 (wgt)
                           │                    fail: 244 (raw) 0.0938893 (wgt)
                           │                    └☑─AllMerged_XVqqGt0p9
                           │                       pass: 8 (raw) 0.00302319 (wgt)
                           │                       fail: 538 (raw) 0.194172 (wgt)
                           │                       └☑─AllMerged_STGt1300
                           │                          pass: 7 (raw) 0.002638 (wgt)
                           │                          fail: 1 (raw) 0.00038519 (wgt)
                           │                          └☑─AllMerged_HbbMSDLt150
                           │                             pass: 4 (raw) 0.00153028 (wgt)
                           │                             fail: 3 (raw) 0.00110772 (wgt)
                           │                             └☑─AllMerged_VqqMSDLt120
                           │                                pass: 0 (raw)
                           │                                fail: 4 (raw) 0.00153028 (wgt)
                           └☒─Exactly2FatJets
                              └☑─SemiMerged_SelectVVHFatJets
                                 pass: 52812 (raw) 19.4076 (wgt)
                                 fail: 0 (raw)
                                 └☑─SemiMerged_SelectJets
                                    pass: 52812 (raw) 19.2064 (wgt)
                                    fail: 0 (raw)
                                    └☑─SemiMerged_Geq4Jets
                                       pass: 29105 (raw) 11.0004 (wgt)
                                       fail: 23707 (raw) 8.20599 (wgt)
                                       └☑─SemiMerged_SelectVJets
                                          pass: 29105 (raw) 11.0004 (wgt)
                                          fail: 0 (raw)
                                          └☑─SemiMerged_SelectVBSJets
                                             pass: 21968 (raw) 8.33186 (wgt)
                                             fail: 7137 (raw) 2.66852 (wgt)
                                             └☑─SemiMerged_SaveVariables
                                                pass: 21968 (raw) 8.33186 (wgt)
                                                fail: 0 (raw)
                                                └☑─Addition_Vqqjets
                                                   pass: 21968 (raw) 8.33186 (wgt)
                                                   fail: 0 (raw)
                                                   └☑─Cut1
                                                      pass: 13691 (raw) 5.02329 (wgt)
                                                      fail: 8277 (raw) 3.30857 (wgt)
                                                      └☑─Cut2
                                                         pass: 10556 (raw) 3.84222 (wgt)
                                                         fail: 3135 (raw) 1.18106 (wgt)
                                                         └☑─Cut3
                                                            pass: 6638 (raw) 2.44971 (wgt)
                                                            fail: 3918 (raw) 1.39252 (wgt)
                                                            └☑─SemiMerged_MjjGt500
                                                               pass: 1571 (raw) 0.564831 (wgt)
                                                               fail: 5067 (raw) 1.88487 (wgt)
                                                               └☑─SemiMerged_detajjGt3
                                                                  pass: 1362 (raw) 0.482195 (wgt)
                                                                  fail: 209 (raw) 0.0826363 (wgt)
                                                                  └☑─SemiMerged_XbbGt0p9
                                                                     pass: 1057 (raw) 0.368957 (wgt)
                                                                     fail: 305 (raw) 0.113237 (wgt)
                                                                     └☑─SemiMerged_XVqqGt0p9
                                                                        pass: 356 (raw) 0.121397 (wgt)
                                                                        fail: 701 (raw) 0.24756 (wgt)
                                                                        └☑─SemiMerged_STGt1300
                                                                           pass: 158 (raw) 0.0536739 (wgt)
                                                                           fail: 198 (raw) 0.0677234 (wgt)
                                                                           └☑─SemiMerged_HbbMSDLt150
                                                                              pass: 86 (raw) 0.0261973 (wgt)
                                                                              fail: 72 (raw) 0.0274766 (wgt)
                                                                              └☑─SemiMerged_VqqMSDLt120
                                                                                 pass: 35 (raw) 0.0118651 (wgt)
                                                                                 fail: 51 (raw) 0.0143322 (wgt)
                                                                                 └☑─SemiMerged_VqqMjjLt120
                                                                                    pass: 29 (raw) 0.00896271 (wgt)
                                                                                    fail: 6 (raw) 0.00290238 (wgt)
