./bin/vbsvvhjets_semimerged --input_ttree=Events --output_dir=/home/users/eslam.zenhom/public_html/uf_work/vbs2/analysis/studies/vbsvvhjets_semimerged/output_abcdnet_v3/2016postVFP --output_name=VBSWWH_SS_VBSCuts --output_ttree=tree --variation=nominal --is_signal --scale_factor=0.000475386799999999898509728257778306215186603367328643798828125 /home/users/eslam.zenhom/public_html/skimdata/sig_0lep_2ak4_2ak8_ttH/VBSWWH_SS_VBSCuts_TuneCP5_RunIISummer20UL16-106X_privateMC_NANOGEN_v2/merged.root
Cutflow
└☑─Bookkeeping
   pass: 100000 (raw) 44.4417 (wgt)
   fail: 0 (raw)
   └☑─SaveSystWeights
      pass: 100000 (raw) 44.4417 (wgt)
      fail: 0 (raw)
      └☑─PassesEventFilters
         pass: 99359 (raw) 44.1536 (wgt)
         fail: 641 (raw) 0.288126 (wgt)
         └☑─PassesTriggers
            pass: 64759 (raw) 28.9291 (wgt)
            fail: 34600 (raw) 15.2245 (wgt)
            └☑─SelectLeptons
               pass: 64759 (raw) 28.9291 (wgt)
               fail: 0 (raw)
               └☑─NoLeptons
                  pass: 34937 (raw) 15.6511 (wgt)
                  fail: 29822 (raw) 13.278 (wgt)
                  └☑─SelectFatJets
                     pass: 34937 (raw) 15.6511 (wgt)
                     fail: 0 (raw)
                     └☑─TriggerPlateauCuts
                        pass: 22175 (raw) 10.0799 (wgt)
                        fail: 12762 (raw) 5.57116 (wgt)
                        └☑─Geq3FatJets
                           pass: 4599 (raw) 2.09961 (wgt)
                           fail: 17576 (raw) 7.98029 (wgt)
                           ├☑─AllMerged_SelectVVHFatJets
                           │  pass: 4599 (raw) 2.09961 (wgt)
                           │  fail: 0 (raw)
                           │  └☑─AllMerged_SelectJets
                           │     pass: 4599 (raw) 2.06178 (wgt)
                           │     fail: 0 (raw)
                           │     └☑─AllMerged_SelectVBSJets
                           │        pass: 1934 (raw) 0.863341 (wgt)
                           │        fail: 2665 (raw) 1.19844 (wgt)
                           │        └☑─AllMerged_SaveVariables
                           │           pass: 1934 (raw) 0.863341 (wgt)
                           │           fail: 0 (raw)
                           │           └☑─AllMerged_MjjGt500
                           │              pass: 1693 (raw) 0.749064 (wgt)
                           │              fail: 241 (raw) 0.114277 (wgt)
                           │              └☑─AllMerged_detajjGt3
                           │                 pass: 1690 (raw) 0.747486 (wgt)
                           │                 fail: 3 (raw) 0.00157838 (wgt)
                           │                 └☑─AllMerged_XbbGt0p9
                           │                    pass: 1086 (raw) 0.477309 (wgt)
                           │                    fail: 604 (raw) 0.270177 (wgt)
                           │                    └☑─AllMerged_XVqqGt0p9
                           │                       pass: 441 (raw) 0.190752 (wgt)
                           │                       fail: 645 (raw) 0.286557 (wgt)
                           │                       └☑─AllMerged_STGt1300
                           │                          pass: 436 (raw) 0.189129 (wgt)
                           │                          fail: 5 (raw) 0.00162313 (wgt)
                           │                          └☑─AllMerged_HbbMSDLt150
                           │                             pass: 430 (raw) 0.186533 (wgt)
                           │                             fail: 6 (raw) 0.00259654 (wgt)
                           │                             └☑─AllMerged_VqqMSDLt120
                           │                                pass: 417 (raw) 0.180069 (wgt)
                           │                                fail: 13 (raw) 0.00646358 (wgt)
                           └☒─Exactly2FatJets
                              └☑─SemiMerged_SelectVVHFatJets
                                 pass: 12130 (raw) 5.53106 (wgt)
                                 fail: 0 (raw)
                                 └☑─SemiMerged_SelectJets
                                    pass: 12130 (raw) 5.4287 (wgt)
                                    fail: 0 (raw)
                                    └☑─SemiMerged_Geq4Jets
                                       pass: 4373 (raw) 1.96608 (wgt)
                                       fail: 7757 (raw) 3.46262 (wgt)
                                       └☑─SemiMerged_SelectVJets
                                          pass: 4373 (raw) 1.96608 (wgt)
                                          fail: 0 (raw)
                                          └☑─SemiMerged_SelectVBSJets
                                             pass: 2973 (raw) 1.31975 (wgt)
                                             fail: 1400 (raw) 0.646328 (wgt)
                                             └☑─SemiMerged_SaveVariables
                                                pass: 2973 (raw) 1.31975 (wgt)
                                                fail: 0 (raw)
                                                └☑─Addition_Vqqjets
                                                   pass: 2973 (raw) 1.31975 (wgt)
                                                   fail: 0 (raw)
                                                   └☑─Cut1
                                                      pass: 2500 (raw) 1.10472 (wgt)
                                                      fail: 473 (raw) 0.215029 (wgt)
                                                      └☑─Cut2
                                                         pass: 1206 (raw) 0.532428 (wgt)
                                                         fail: 1294 (raw) 0.572296 (wgt)
                                                         └☑─Cut3
                                                            pass: 1175 (raw) 0.519133 (wgt)
                                                            fail: 31 (raw) 0.0132954 (wgt)
                                                            └☑─SemiMerged_MjjGt500
                                                               pass: 897 (raw) 0.401055 (wgt)
                                                               fail: 278 (raw) 0.118078 (wgt)
                                                               └☑─SemiMerged_detajjGt3
                                                                  pass: 840 (raw) 0.374716 (wgt)
                                                                  fail: 57 (raw) 0.0263383 (wgt)
                                                                  └☑─SemiMerged_XbbGt0p9
                                                                     pass: 724 (raw) 0.32592 (wgt)
                                                                     fail: 116 (raw) 0.0487964 (wgt)
                                                                     └☑─SemiMerged_XVqqGt0p9
                                                                        pass: 527 (raw) 0.237961 (wgt)
                                                                        fail: 197 (raw) 0.0879589 (wgt)
                                                                        └☑─SemiMerged_STGt1300
                                                                           pass: 446 (raw) 0.202092 (wgt)
                                                                           fail: 81 (raw) 0.0358688 (wgt)
                                                                           └☑─SemiMerged_HbbMSDLt150
                                                                              pass: 432 (raw) 0.194836 (wgt)
                                                                              fail: 14 (raw) 0.00725647 (wgt)
                                                                              └☑─SemiMerged_VqqMSDLt120
                                                                                 pass: 420 (raw) 0.18891 (wgt)
                                                                                 fail: 12 (raw) 0.00592584 (wgt)
                                                                                 └☑─SemiMerged_VqqMjjLt120
                                                                                    pass: 374 (raw) 0.168444 (wgt)
                                                                                    fail: 46 (raw) 0.0204658 (wgt)
