./bin/vbsvvhjets_semimerged --input_ttree=Events --output_dir=/home/users/eslam.zenhom/public_html/uf_work/vbs2/analysis/studies/vbsvvhjets_semimerged/output_abcdnet_v3/2016postVFP --output_name=VBSZZH_VBSCuts --output_ttree=tree --variation=nominal --is_signal --scale_factor=0.0001902891999999999669661299162015666297520510852336883544921875 /home/users/eslam.zenhom/public_html/skimdata/sig_0lep_2ak4_2ak8_ttH/VBSZZH_VBSCuts_TuneCP5_RunIISummer20UL16-106X_privateMC_NANOGEN_v2/merged.root
Cutflow
└☑─Bookkeeping
   pass: 100000 (raw) 17.8842 (wgt)
   fail: 0 (raw)
   └☑─SaveSystWeights
      pass: 100000 (raw) 17.8842 (wgt)
      fail: 0 (raw)
      └☑─PassesEventFilters
         pass: 99382 (raw) 17.7715 (wgt)
         fail: 618 (raw) 0.11275 (wgt)
         └☑─PassesTriggers
            pass: 66566 (raw) 11.9262 (wgt)
            fail: 32816 (raw) 5.84529 (wgt)
            └☑─SelectLeptons
               pass: 66566 (raw) 11.9262 (wgt)
               fail: 0 (raw)
               └☑─NoLeptons
                  pass: 48608 (raw) 8.73924 (wgt)
                  fail: 17958 (raw) 3.18696 (wgt)
                  └☑─SelectFatJets
                     pass: 48608 (raw) 8.73924 (wgt)
                     fail: 0 (raw)
                     └☑─TriggerPlateauCuts
                        pass: 29253 (raw) 5.30943 (wgt)
                        fail: 19355 (raw) 3.42982 (wgt)
                        └☑─Geq3FatJets
                           pass: 4392 (raw) 0.806967 (wgt)
                           fail: 24861 (raw) 4.50246 (wgt)
                           ├☑─AllMerged_SelectVVHFatJets
                           │  pass: 4392 (raw) 0.806967 (wgt)
                           │  fail: 0 (raw)
                           │  └☑─AllMerged_SelectJets
                           │     pass: 4392 (raw) 0.792133 (wgt)
                           │     fail: 0 (raw)
                           │     └☑─AllMerged_SelectVBSJets
                           │        pass: 1842 (raw) 0.328129 (wgt)
                           │        fail: 2550 (raw) 0.464005 (wgt)
                           │        └☑─AllMerged_SaveVariables
                           │           pass: 1842 (raw) 0.328129 (wgt)
                           │           fail: 0 (raw)
                           │           └☑─AllMerged_MjjGt500
                           │              pass: 1602 (raw) 0.285664 (wgt)
                           │              fail: 240 (raw) 0.0424646 (wgt)
                           │              └☑─AllMerged_detajjGt3
                           │                 pass: 1595 (raw) 0.28438 (wgt)
                           │                 fail: 7 (raw) 0.00128463 (wgt)
                           │                 └☑─AllMerged_XbbGt0p9
                           │                    pass: 1207 (raw) 0.214347 (wgt)
                           │                    fail: 388 (raw) 0.0700322 (wgt)
                           │                    └☑─AllMerged_XVqqGt0p9
                           │                       pass: 348 (raw) 0.062686 (wgt)
                           │                       fail: 859 (raw) 0.151661 (wgt)
                           │                       └☑─AllMerged_STGt1300
                           │                          pass: 343 (raw) 0.0616363 (wgt)
                           │                          fail: 5 (raw) 0.00104972 (wgt)
                           │                          └☑─AllMerged_HbbMSDLt150
                           │                             pass: 337 (raw) 0.06039 (wgt)
                           │                             fail: 6 (raw) 0.00124631 (wgt)
                           │                             └☑─AllMerged_VqqMSDLt120
                           │                                pass: 293 (raw) 0.0524527 (wgt)
                           │                                fail: 44 (raw) 0.00793726 (wgt)
                           └☒─Exactly2FatJets
                              └☑─SemiMerged_SelectVVHFatJets
                                 pass: 15709 (raw) 2.84771 (wgt)
                                 fail: 0 (raw)
                                 └☑─SemiMerged_SelectJets
                                    pass: 15709 (raw) 2.79295 (wgt)
                                    fail: 0 (raw)
                                    └☑─SemiMerged_Geq4Jets
                                       pass: 5136 (raw) 0.916211 (wgt)
                                       fail: 10573 (raw) 1.87674 (wgt)
                                       └☑─SemiMerged_SelectVJets
                                          pass: 5136 (raw) 0.916211 (wgt)
                                          fail: 0 (raw)
                                          └☑─SemiMerged_SelectVBSJets
                                             pass: 3415 (raw) 0.602765 (wgt)
                                             fail: 1721 (raw) 0.313446 (wgt)
                                             └☑─SemiMerged_SaveVariables
                                                pass: 3415 (raw) 0.602765 (wgt)
                                                fail: 0 (raw)
                                                └☑─Addition_Vqqjets
                                                   pass: 3415 (raw) 0.602765 (wgt)
                                                   fail: 0 (raw)
                                                   └☑─Cut1
                                                      pass: 2894 (raw) 0.512255 (wgt)
                                                      fail: 521 (raw) 0.0905094 (wgt)
                                                      └☑─Cut2
                                                         pass: 1835 (raw) 0.323262 (wgt)
                                                         fail: 1059 (raw) 0.188994 (wgt)
                                                         └☑─Cut3
                                                            pass: 1630 (raw) 0.285785 (wgt)
                                                            fail: 205 (raw) 0.0374763 (wgt)
                                                            └☑─SemiMerged_MjjGt500
                                                               pass: 1231 (raw) 0.214319 (wgt)
                                                               fail: 399 (raw) 0.0714659 (wgt)
                                                               └☑─SemiMerged_detajjGt3
                                                                  pass: 1186 (raw) 0.20692 (wgt)
                                                                  fail: 45 (raw) 0.00739946 (wgt)
                                                                  └☑─SemiMerged_XbbGt0p9
                                                                     pass: 1085 (raw) 0.188352 (wgt)
                                                                     fail: 101 (raw) 0.0185682 (wgt)
                                                                     └☑─SemiMerged_XVqqGt0p9
                                                                        pass: 736 (raw) 0.127629 (wgt)
                                                                        fail: 349 (raw) 0.0607227 (wgt)
                                                                        └☑─SemiMerged_STGt1300
                                                                           pass: 615 (raw) 0.106414 (wgt)
                                                                           fail: 121 (raw) 0.0212154 (wgt)
                                                                           └☑─SemiMerged_HbbMSDLt150
                                                                              pass: 597 (raw) 0.102917 (wgt)
                                                                              fail: 18 (raw) 0.00349625 (wgt)
                                                                              └☑─SemiMerged_VqqMSDLt120
                                                                                 pass: 571 (raw) 0.0984508 (wgt)
                                                                                 fail: 26 (raw) 0.00446671 (wgt)
                                                                                 └☑─SemiMerged_VqqMjjLt120
                                                                                    pass: 502 (raw) 0.0860803 (wgt)
                                                                                    fail: 69 (raw) 0.0123705 (wgt)
