./bin/vbsvvhjets_semimerged --input_ttree=Events --output_dir=/home/users/eslam.zenhom/public_html/uf_work/vbs2/analysis/studies/vbsvvhjets_semimerged/output_abcdnet_v3/2016postVFP --output_name=WJetsToQQ_HT-400to600 --output_ttree=tree --variation=nominal --scale_factor=1.0431145282395986040313573539606295526027679443359375 /home/users/eslam.zenhom/public_html/skimdata/bkg_0lep_2ak4_2ak8_ttH/WJetsToQQ_HT-400to600_TuneCP5_13TeV-madgraphMLM-pythia8_RunIISummer20UL16NanoAODv9-106X_mcRun2_asymptotic_v17-v2_NANOAODSIM_bkg_0lep_2ak4_2ak8_ttH/merged.root
Cutflow
└☑─Bookkeeping
   pass: 2711 (raw) 2811.57 (wgt)
   fail: 0 (raw)
   └☑─SaveSystWeights
      pass: 2711 (raw) 2811.57 (wgt)
      fail: 0 (raw)
      └☑─PassesEventFilters
         pass: 2709 (raw) 2808.8 (wgt)
         fail: 2 (raw) 2.76552 (wgt)
         └☑─PassesTriggers
            pass: 710 (raw) 726.071 (wgt)
            fail: 1999 (raw) 2082.73 (wgt)
            └☑─SelectLeptons
               pass: 710 (raw) 726.071 (wgt)
               fail: 0 (raw)
               └☑─NoLeptons
                  pass: 710 (raw) 726.071 (wgt)
                  fail: 0 (raw)
                  └☑─SelectFatJets
                     pass: 710 (raw) 726.071 (wgt)
                     fail: 0 (raw)
                     └☑─TriggerPlateauCuts
                        pass: 7 (raw) 6.93725 (wgt)
                        fail: 703 (raw) 719.133 (wgt)
                        └☑─Geq3FatJets
                           pass: 0 (raw)
                           fail: 7 (raw) 6.93725 (wgt)
                           ├☑─AllMerged_SelectVVHFatJets
                           │  pass: 0 (raw)
                           │  fail: 0 (raw)
                           │  └☑─AllMerged_SelectJets
                           │     pass: 0 (raw)
                           │     fail: 0 (raw)
                           │     └☑─AllMerged_SelectVBSJets
                           │        pass: 0 (raw)
                           │        fail: 0 (raw)
                           │        └☑─AllMerged_SaveVariables
                           │           pass: 0 (raw)
                           │           fail: 0 (raw)
                           │           └☑─AllMerged_MjjGt500
                           │              pass: 0 (raw)
                           │              fail: 0 (raw)
                           │              └☑─AllMerged_detajjGt3
                           │                 pass: 0 (raw)
                           │                 fail: 0 (raw)
                           │                 └☑─AllMerged_XbbGt0p9
                           │                    pass: 0 (raw)
                           │                    fail: 0 (raw)
                           │                    └☑─AllMerged_XVqqGt0p9
                           │                       pass: 0 (raw)
                           │                       fail: 0 (raw)
                           │                       └☑─AllMerged_STGt1300
                           │                          pass: 0 (raw)
                           │                          fail: 0 (raw)
                           │                          └☑─AllMerged_HbbMSDLt150
                           │                             pass: 0 (raw)
                           │                             fail: 0 (raw)
                           │                             └☑─AllMerged_VqqMSDLt120
                           │                                pass: 0 (raw)
                           │                                fail: 0 (raw)
                           └☒─Exactly2FatJets
                              └☑─SemiMerged_SelectVVHFatJets
                                 pass: 7 (raw) 6.93725 (wgt)
                                 fail: 0 (raw)
                                 └☑─SemiMerged_SelectJets
                                    pass: 7 (raw) 6.76781 (wgt)
                                    fail: 0 (raw)
                                    └☑─SemiMerged_Geq4Jets
                                       pass: 5 (raw) 5.92829 (wgt)
                                       fail: 2 (raw) 0.839514 (wgt)
                                       └☑─SemiMerged_SelectVJets
                                          pass: 5 (raw) 5.92829 (wgt)
                                          fail: 0 (raw)
                                          └☑─SemiMerged_SelectVBSJets
                                             pass: 3 (raw) 3.85169 (wgt)
                                             fail: 2 (raw) 2.07661 (wgt)
                                             └☑─SemiMerged_SaveVariables
                                                pass: 3 (raw) 3.85169 (wgt)
                                                fail: 0 (raw)
                                                └☑─Addition_Vqqjets
                                                   pass: 3 (raw) 3.85169 (wgt)
                                                   fail: 0 (raw)
                                                   └☑─Cut1
                                                      pass: 2 (raw) 2.42457 (wgt)
                                                      fail: 1 (raw) 1.42711 (wgt)
                                                      └☑─Cut2
                                                         pass: 0 (raw)
                                                         fail: 2 (raw) 2.42457 (wgt)
                                                         └☑─Cut3
                                                            pass: 0 (raw)
                                                            fail: 0 (raw)
                                                            └☑─SemiMerged_MjjGt500
                                                               pass: 0 (raw)
                                                               fail: 0 (raw)
                                                               └☑─SemiMerged_detajjGt3
                                                                  pass: 0 (raw)
                                                                  fail: 0 (raw)
                                                                  └☑─SemiMerged_XbbGt0p9
                                                                     pass: 0 (raw)
                                                                     fail: 0 (raw)
                                                                     └☑─SemiMerged_XVqqGt0p9
                                                                        pass: 0 (raw)
                                                                        fail: 0 (raw)
                                                                        └☑─SemiMerged_STGt1300
                                                                           pass: 0 (raw)
                                                                           fail: 0 (raw)
                                                                           └☑─SemiMerged_HbbMSDLt150
                                                                              pass: 0 (raw)
                                                                              fail: 0 (raw)
                                                                              └☑─SemiMerged_VqqMSDLt120
                                                                                 pass: 0 (raw)
                                                                                 fail: 0 (raw)
                                                                                 └☑─SemiMerged_VqqMjjLt120
                                                                                    pass: 0 (raw)
                                                                                    fail: 0 (raw)
