./bin/vbsvvhjets_semimerged --input_ttree=Events --output_dir=/home/users/eslam.zenhom/public_html/uf_work/vbs2/analysis/studies/vbsvvhjets_semimerged/output_abcdnet_v3/2016postVFP --output_name=WWTo1L1Nu2Q_4f --output_ttree=tree --variation=nominal --scale_factor=0.00051553771787346091941273140690782383899204432964324951171875 /home/users/eslam.zenhom/public_html/skimdata/bkg_0lep_2ak4_2ak8_ttH/WWTo1L1Nu2Q_4f_TuneCP5_13TeV-amcatnloFXFX-pythia8_RunIISummer20UL16NanoAODv9-106X_mcRun2_asymptotic_v17-v1_NANOAODSIM_bkg_0lep_2ak4_2ak8_ttH/merged.root
Cutflow
└☑─Bookkeeping
   pass: 6153 (raw) 283.834 (wgt)
   fail: 0 (raw)
   └☑─SaveSystWeights
      pass: 6153 (raw) 283.834 (wgt)
      fail: 0 (raw)
      └☑─PassesEventFilters
         pass: 6133 (raw) 283.081 (wgt)
         fail: 20 (raw) 0.753292 (wgt)
         └☑─PassesTriggers
            pass: 5757 (raw) 264.75 (wgt)
            fail: 376 (raw) 18.3314 (wgt)
            └☑─SelectLeptons
               pass: 5757 (raw) 264.75 (wgt)
               fail: 0 (raw)
               └☑─NoLeptons
                  pass: 5757 (raw) 264.75 (wgt)
                  fail: 0 (raw)
                  └☑─SelectFatJets
                     pass: 5757 (raw) 264.75 (wgt)
                     fail: 0 (raw)
                     └☑─TriggerPlateauCuts
                        pass: 1783 (raw) 86.9714 (wgt)
                        fail: 3974 (raw) 177.778 (wgt)
                        └☑─Geq3FatJets
                           pass: 48 (raw) 2.69757 (wgt)
                           fail: 1735 (raw) 84.2738 (wgt)
                           ├☑─AllMerged_SelectVVHFatJets
                           │  pass: 48 (raw) 2.69757 (wgt)
                           │  fail: 0 (raw)
                           │  └☑─AllMerged_SelectJets
                           │     pass: 48 (raw) 2.64921 (wgt)
                           │     fail: 0 (raw)
                           │     └☑─AllMerged_SelectVBSJets
                           │        pass: 22 (raw) 1.26124 (wgt)
                           │        fail: 26 (raw) 1.38797 (wgt)
                           │        └☑─AllMerged_SaveVariables
                           │           pass: 22 (raw) 1.26124 (wgt)
                           │           fail: 0 (raw)
                           │           └☑─AllMerged_MjjGt500
                           │              pass: 6 (raw) 0.383487 (wgt)
                           │              fail: 16 (raw) 0.877751 (wgt)
                           │              └☑─AllMerged_detajjGt3
                           │                 pass: 5 (raw) 0.325459 (wgt)
                           │                 fail: 1 (raw) 0.0580271 (wgt)
                           │                 └☑─AllMerged_XbbGt0p9
                           │                    pass: 2 (raw) 0.226868 (wgt)
                           │                    fail: 3 (raw) 0.0985913 (wgt)
                           │                    └☑─AllMerged_XVqqGt0p9
                           │                       pass: 0 (raw)
                           │                       fail: 2 (raw) 0.226868 (wgt)
                           │                       └☑─AllMerged_STGt1300
                           │                          pass: 0 (raw)
                           │                          fail: 0 (raw)
                           │                          └☑─AllMerged_HbbMSDLt150
                           │                             pass: 0 (raw)
                           │                             fail: 0 (raw)
                           │                             └☑─AllMerged_VqqMSDLt120
                           │                                pass: 0 (raw)
                           │                                fail: 0 (raw)
                           └☒─Exactly2FatJets
                              └☑─SemiMerged_SelectVVHFatJets
                                 pass: 1735 (raw) 84.2738 (wgt)
                                 fail: 0 (raw)
                                 └☑─SemiMerged_SelectJets
                                    pass: 1735 (raw) 83.5357 (wgt)
                                    fail: 0 (raw)
                                    └☑─SemiMerged_Geq4Jets
                                       pass: 364 (raw) 17.9207 (wgt)
                                       fail: 1371 (raw) 65.615 (wgt)
                                       └☑─SemiMerged_SelectVJets
                                          pass: 364 (raw) 17.9207 (wgt)
                                          fail: 0 (raw)
                                          └☑─SemiMerged_SelectVBSJets
                                             pass: 209 (raw) 9.76059 (wgt)
                                             fail: 155 (raw) 8.1601 (wgt)
                                             └☑─SemiMerged_SaveVariables
                                                pass: 209 (raw) 9.76059 (wgt)
                                                fail: 0 (raw)
                                                └☑─Addition_Vqqjets
                                                   pass: 209 (raw) 9.76059 (wgt)
                                                   fail: 0 (raw)
                                                   └☑─Cut1
                                                      pass: 70 (raw) 3.2209 (wgt)
                                                      fail: 139 (raw) 6.53969 (wgt)
                                                      └☑─Cut2
                                                         pass: 7 (raw) 0.429807 (wgt)
                                                         fail: 63 (raw) 2.79109 (wgt)
                                                         └☑─Cut3
                                                            pass: 7 (raw) 0.429807 (wgt)
                                                            fail: 0 (raw)
                                                            └☑─SemiMerged_MjjGt500
                                                               pass: 0 (raw)
                                                               fail: 7 (raw) 0.429807 (wgt)
                                                               └☑─SemiMerged_detajjGt3
                                                                  pass: 0 (raw)
                                                                  fail: 0 (raw)
                                                                  └☑─SemiMerged_XbbGt0p9
                                                                     pass: 0 (raw)
                                                                     fail: 0 (raw)
                                                                     └☑─SemiMerged_XVqqGt0p9
                                                                        pass: 0 (raw)
                                                                        fail: 0 (raw)
                                                                        └☑─SemiMerged_STGt1300
                                                                           pass: 0 (raw)
                                                                           fail: 0 (raw)
                                                                           └☑─SemiMerged_HbbMSDLt150
                                                                              pass: 0 (raw)
                                                                              fail: 0 (raw)
                                                                              └☑─SemiMerged_VqqMSDLt120
                                                                                 pass: 0 (raw)
                                                                                 fail: 0 (raw)
                                                                                 └☑─SemiMerged_VqqMjjLt120
                                                                                    pass: 0 (raw)
                                                                                    fail: 0 (raw)
