./bin/vbsvvhjets_semimerged --input_ttree=Events --output_dir=/home/users/eslam.zenhom/public_html/uf_work/vbs2/analysis/studies/vbsvvhjets_semimerged/output_abcdnet_v3/2016postVFP --output_name=ZJetsToQQ_HT-600to800 --output_ttree=tree --variation=nominal --scale_factor=0.0770295499228195179597378228208981454372406005859375 /home/users/eslam.zenhom/public_html/skimdata/bkg_0lep_2ak4_2ak8_ttH/ZJetsToQQ_HT-600to800_TuneCP5_13TeV-madgraphMLM-pythia8_RunIISummer20UL16NanoAODv9-106X_mcRun2_asymptotic_v17-v2_NANOAODSIM_bkg_0lep_2ak4_2ak8_ttH/merged.root
Cutflow
└☑─Bookkeeping
   pass: 188601 (raw) 14240.1 (wgt)
   fail: 0 (raw)
   └☑─SaveSystWeights
      pass: 188601 (raw) 14240.1 (wgt)
      fail: 0 (raw)
      └☑─PassesEventFilters
         pass: 188436 (raw) 14227.2 (wgt)
         fail: 165 (raw) 12.8484 (wgt)
         └☑─PassesTriggers
            pass: 136364 (raw) 10272 (wgt)
            fail: 52072 (raw) 3955.23 (wgt)
            └☑─SelectLeptons
               pass: 136364 (raw) 10272 (wgt)
               fail: 0 (raw)
               └☑─NoLeptons
                  pass: 136364 (raw) 10272 (wgt)
                  fail: 0 (raw)
                  └☑─SelectFatJets
                     pass: 136364 (raw) 10272 (wgt)
                     fail: 0 (raw)
                     └☑─TriggerPlateauCuts
                        pass: 43 (raw) 2.99615 (wgt)
                        fail: 136321 (raw) 10269 (wgt)
                        └☑─Geq3FatJets
                           pass: 0 (raw)
                           fail: 43 (raw) 2.99615 (wgt)
                           ├☑─AllMerged_SelectVVHFatJets
                           │  pass: 0 (raw)
                           │  fail: 0 (raw)
                           │  └☑─AllMerged_SelectJets
                           │     pass: 0 (raw)
                           │     fail: 0 (raw)
                           │     └☑─AllMerged_SelectVBSJets
                           │        pass: 0 (raw)
                           │        fail: 0 (raw)
                           │        └☑─AllMerged_SaveVariables
                           │           pass: 0 (raw)
                           │           fail: 0 (raw)
                           │           └☑─AllMerged_MjjGt500
                           │              pass: 0 (raw)
                           │              fail: 0 (raw)
                           │              └☑─AllMerged_detajjGt3
                           │                 pass: 0 (raw)
                           │                 fail: 0 (raw)
                           │                 └☑─AllMerged_XbbGt0p9
                           │                    pass: 0 (raw)
                           │                    fail: 0 (raw)
                           │                    └☑─AllMerged_XVqqGt0p9
                           │                       pass: 0 (raw)
                           │                       fail: 0 (raw)
                           │                       └☑─AllMerged_STGt1300
                           │                          pass: 0 (raw)
                           │                          fail: 0 (raw)
                           │                          └☑─AllMerged_HbbMSDLt150
                           │                             pass: 0 (raw)
                           │                             fail: 0 (raw)
                           │                             └☑─AllMerged_VqqMSDLt120
                           │                                pass: 0 (raw)
                           │                                fail: 0 (raw)
                           └☒─Exactly2FatJets
                              └☑─SemiMerged_SelectVVHFatJets
                                 pass: 43 (raw) 2.99615 (wgt)
                                 fail: 0 (raw)
                                 └☑─SemiMerged_SelectJets
                                    pass: 43 (raw) 2.97264 (wgt)
                                    fail: 0 (raw)
                                    └☑─SemiMerged_Geq4Jets
                                       pass: 14 (raw) 1.08928 (wgt)
                                       fail: 29 (raw) 1.88336 (wgt)
                                       └☑─SemiMerged_SelectVJets
                                          pass: 14 (raw) 1.08928 (wgt)
                                          fail: 0 (raw)
                                          └☑─SemiMerged_SelectVBSJets
                                             pass: 9 (raw) 0.60808 (wgt)
                                             fail: 5 (raw) 0.4812 (wgt)
                                             └☑─SemiMerged_SaveVariables
                                                pass: 9 (raw) 0.60808 (wgt)
                                                fail: 0 (raw)
                                                └☑─Addition_Vqqjets
                                                   pass: 9 (raw) 0.60808 (wgt)
                                                   fail: 0 (raw)
                                                   └☑─Cut1
                                                      pass: 1 (raw) 0.0761069 (wgt)
                                                      fail: 8 (raw) 0.531973 (wgt)
                                                      └☑─Cut2
                                                         pass: 0 (raw)
                                                         fail: 1 (raw) 0.0761069 (wgt)
                                                         └☑─Cut3
                                                            pass: 0 (raw)
                                                            fail: 0 (raw)
                                                            └☑─SemiMerged_MjjGt500
                                                               pass: 0 (raw)
                                                               fail: 0 (raw)
                                                               └☑─SemiMerged_detajjGt3
                                                                  pass: 0 (raw)
                                                                  fail: 0 (raw)
                                                                  └☑─SemiMerged_XbbGt0p9
                                                                     pass: 0 (raw)
                                                                     fail: 0 (raw)
                                                                     └☑─SemiMerged_XVqqGt0p9
                                                                        pass: 0 (raw)
                                                                        fail: 0 (raw)
                                                                        └☑─SemiMerged_STGt1300
                                                                           pass: 0 (raw)
                                                                           fail: 0 (raw)
                                                                           └☑─SemiMerged_HbbMSDLt150
                                                                              pass: 0 (raw)
                                                                              fail: 0 (raw)
                                                                              └☑─SemiMerged_VqqMSDLt120
                                                                                 pass: 0 (raw)
                                                                                 fail: 0 (raw)
                                                                                 └☑─SemiMerged_VqqMjjLt120
                                                                                    pass: 0 (raw)
                                                                                    fail: 0 (raw)
