./bin/vbsvvhjets_semimerged --input_ttree=Events --output_dir=/home/users/eslam.zenhom/public_html/uf_work/vbs2/analysis/studies/vbsvvhjets_semimerged/output_abcdnet_v3/2016postVFP --output_name=ZZZ --output_ttree=tree --variation=nominal --scale_factor=0.0035107316330425177193508279316347397980280220508575439453125 /home/users/eslam.zenhom/public_html/skimdata/bkg_0lep_2ak4_2ak8_ttH/ZZZ_TuneCP5_13TeV-amcatnlo-pythia8_RunIISummer20UL16NanoAODv9-106X_mcRun2_asymptotic_v17_ext1-v1_NANOAODSIM_bkg_0lep_2ak4_2ak8_ttH/merged.root
Cutflow
└☑─Bookkeeping
   pass: 46802 (raw) 2.29733 (wgt)
   fail: 0 (raw)
   └☑─SaveSystWeights
      pass: 46802 (raw) 2.29733 (wgt)
      fail: 0 (raw)
      └☑─PassesEventFilters
         pass: 46651 (raw) 2.29002 (wgt)
         fail: 151 (raw) 0.00730896 (wgt)
         └☑─PassesTriggers
            pass: 44043 (raw) 2.16288 (wgt)
            fail: 2608 (raw) 0.12714 (wgt)
            └☑─SelectLeptons
               pass: 44043 (raw) 2.16288 (wgt)
               fail: 0 (raw)
               └☑─NoLeptons
                  pass: 44043 (raw) 2.16288 (wgt)
                  fail: 0 (raw)
                  └☑─SelectFatJets
                     pass: 44043 (raw) 2.16288 (wgt)
                     fail: 0 (raw)
                     └☑─TriggerPlateauCuts
                        pass: 12623 (raw) 0.634874 (wgt)
                        fail: 31420 (raw) 1.52801 (wgt)
                        └☑─Geq3FatJets
                           pass: 881 (raw) 0.0444329 (wgt)
                           fail: 11742 (raw) 0.590441 (wgt)
                           ├☑─AllMerged_SelectVVHFatJets
                           │  pass: 881 (raw) 0.0444329 (wgt)
                           │  fail: 0 (raw)
                           │  └☑─AllMerged_SelectJets
                           │     pass: 881 (raw) 0.0441635 (wgt)
                           │     fail: 0 (raw)
                           │     └☑─AllMerged_SelectVBSJets
                           │        pass: 299 (raw) 0.0156309 (wgt)
                           │        fail: 582 (raw) 0.0285326 (wgt)
                           │        └☑─AllMerged_SaveVariables
                           │           pass: 299 (raw) 0.0156309 (wgt)
                           │           fail: 0 (raw)
                           │           └☑─AllMerged_MjjGt500
                           │              pass: 57 (raw) 0.00322296 (wgt)
                           │              fail: 242 (raw) 0.0124079 (wgt)
                           │              └☑─AllMerged_detajjGt3
                           │                 pass: 43 (raw) 0.00241137 (wgt)
                           │                 fail: 14 (raw) 0.00081159 (wgt)
                           │                 └☑─AllMerged_XbbGt0p9
                           │                    pass: 12 (raw) 0.000764626 (wgt)
                           │                    fail: 31 (raw) 0.00164675 (wgt)
                           │                    └☑─AllMerged_XVqqGt0p9
                           │                       pass: 0 (raw)
                           │                       fail: 12 (raw) 0.000764626 (wgt)
                           │                       └☑─AllMerged_STGt1300
                           │                          pass: 0 (raw)
                           │                          fail: 0 (raw)
                           │                          └☑─AllMerged_HbbMSDLt150
                           │                             pass: 0 (raw)
                           │                             fail: 0 (raw)
                           │                             └☑─AllMerged_VqqMSDLt120
                           │                                pass: 0 (raw)
                           │                                fail: 0 (raw)
                           └☒─Exactly2FatJets
                              └☑─SemiMerged_SelectVVHFatJets
                                 pass: 11742 (raw) 0.590441 (wgt)
                                 fail: 0 (raw)
                                 └☑─SemiMerged_SelectJets
                                    pass: 11742 (raw) 0.586244 (wgt)
                                    fail: 0 (raw)
                                    └☑─SemiMerged_Geq4Jets
                                       pass: 2815 (raw) 0.147097 (wgt)
                                       fail: 8927 (raw) 0.439147 (wgt)
                                       └☑─SemiMerged_SelectVJets
                                          pass: 2815 (raw) 0.147097 (wgt)
                                          fail: 0 (raw)
                                          └☑─SemiMerged_SelectVBSJets
                                             pass: 1757 (raw) 0.0919326 (wgt)
                                             fail: 1058 (raw) 0.0551649 (wgt)
                                             └☑─SemiMerged_SaveVariables
                                                pass: 1757 (raw) 0.0919326 (wgt)
                                                fail: 0 (raw)
                                                └☑─Addition_Vqqjets
                                                   pass: 1757 (raw) 0.0919326 (wgt)
                                                   fail: 0 (raw)
                                                   └☑─Cut1
                                                      pass: 1173 (raw) 0.0608249 (wgt)
                                                      fail: 584 (raw) 0.0311077 (wgt)
                                                      └☑─Cut2
                                                         pass: 456 (raw) 0.0232598 (wgt)
                                                         fail: 717 (raw) 0.0375651 (wgt)
                                                         └☑─Cut3
                                                            pass: 407 (raw) 0.0205811 (wgt)
                                                            fail: 49 (raw) 0.00267873 (wgt)
                                                            └☑─SemiMerged_MjjGt500
                                                               pass: 85 (raw) 0.00409103 (wgt)
                                                               fail: 322 (raw) 0.0164901 (wgt)
                                                               └☑─SemiMerged_detajjGt3
                                                                  pass: 74 (raw) 0.00357463 (wgt)
                                                                  fail: 11 (raw) 0.000516403 (wgt)
                                                                  └☑─SemiMerged_XbbGt0p9
                                                                     pass: 59 (raw) 0.00281212 (wgt)
                                                                     fail: 15 (raw) 0.000762511 (wgt)
                                                                     └☑─SemiMerged_XVqqGt0p9
                                                                        pass: 33 (raw) 0.00162996 (wgt)
                                                                        fail: 26 (raw) 0.00118216 (wgt)
                                                                        └☑─SemiMerged_STGt1300
                                                                           pass: 20 (raw) 0.000829053 (wgt)
                                                                           fail: 13 (raw) 0.00080091 (wgt)
                                                                           └☑─SemiMerged_HbbMSDLt150
                                                                              pass: 17 (raw) 0.000777235 (wgt)
                                                                              fail: 3 (raw) 5.18174e-05 (wgt)
                                                                              └☑─SemiMerged_VqqMSDLt120
                                                                                 pass: 15 (raw) 0.000697595 (wgt)
                                                                                 fail: 2 (raw) 7.96405e-05 (wgt)
                                                                                 └☑─SemiMerged_VqqMjjLt120
                                                                                    pass: 10 (raw) 0.000387798 (wgt)
                                                                                    fail: 5 (raw) 0.000309797 (wgt)
