./bin/vbsvvhjets_semimerged --input_ttree=Events --output_dir=/home/users/eslam.zenhom/public_html/uf_work/vbs2/analysis/studies/vbsvvhjets_semimerged/output_abcdnet_v3/2017 --output_name=EWKWminus2Jets_WToQQ_dipoleRecoilOn --output_ttree=tree --variation=nominal --scale_factor=0.05620924561849123535228756054493715055286884307861328125 /home/users/eslam.zenhom/public_html/skimdata/bkg_0lep_2ak4_2ak8_ttH/EWKWminus2Jets_WToQQ_dipoleRecoilOn_TuneCP5_13TeV-madgraph-pythia8_RunIISummer20UL17NanoAODv9-106X_mc2017_realistic_v9-v1_NANOAODSIM_bkg_0lep_2ak4_2ak8_ttH/merged.root
Cutflow
└☑─Bookkeeping
   pass: 48113 (raw) 2573.95 (wgt)
   fail: 0 (raw)
   └☑─SaveSystWeights
      pass: 48113 (raw) 2573.95 (wgt)
      fail: 0 (raw)
      └☑─PassesEventFilters
         pass: 47871 (raw) 2561.25 (wgt)
         fail: 242 (raw) 12.6915 (wgt)
         └☑─PassesTriggers
            pass: 44392 (raw) 2376.4 (wgt)
            fail: 3479 (raw) 184.855 (wgt)
            └☑─SelectLeptons
               pass: 44392 (raw) 2376.4 (wgt)
               fail: 0 (raw)
               └☑─NoLeptons
                  pass: 44392 (raw) 2376.4 (wgt)
                  fail: 0 (raw)
                  └☑─SelectFatJets
                     pass: 44392 (raw) 2376.4 (wgt)
                     fail: 0 (raw)
                     └☑─TriggerPlateauCuts
                        pass: 17706 (raw) 950.881 (wgt)
                        fail: 26686 (raw) 1425.52 (wgt)
                        └☑─Geq3FatJets
                           pass: 513 (raw) 27.5069 (wgt)
                           fail: 17193 (raw) 923.374 (wgt)
                           ├☑─AllMerged_SelectVVHFatJets
                           │  pass: 513 (raw) 27.5069 (wgt)
                           │  fail: 0 (raw)
                           │  └☑─AllMerged_SelectJets
                           │     pass: 513 (raw) 27.3374 (wgt)
                           │     fail: 0 (raw)
                           │     └☑─AllMerged_SelectVBSJets
                           │        pass: 214 (raw) 11.2402 (wgt)
                           │        fail: 299 (raw) 16.0972 (wgt)
                           │        └☑─AllMerged_SaveVariables
                           │           pass: 214 (raw) 11.2402 (wgt)
                           │           fail: 0 (raw)
                           │           └☑─AllMerged_MjjGt500
                           │              pass: 78 (raw) 3.98866 (wgt)
                           │              fail: 136 (raw) 7.25158 (wgt)
                           │              └☑─AllMerged_detajjGt3
                           │                 pass: 69 (raw) 3.5343 (wgt)
                           │                 fail: 9 (raw) 0.454365 (wgt)
                           │                 └☑─AllMerged_XbbGt0p9
                           │                    pass: 19 (raw) 0.994314 (wgt)
                           │                    fail: 50 (raw) 2.53998 (wgt)
                           │                    └☑─AllMerged_XVqqGt0p9
                           │                       pass: 0 (raw)
                           │                       fail: 19 (raw) 0.994314 (wgt)
                           │                       └☑─AllMerged_STGt1300
                           │                          pass: 0 (raw)
                           │                          fail: 0 (raw)
                           │                          └☑─AllMerged_HbbMSDLt150
                           │                             pass: 0 (raw)
                           │                             fail: 0 (raw)
                           │                             └☑─AllMerged_VqqMSDLt120
                           │                                pass: 0 (raw)
                           │                                fail: 0 (raw)
                           └☒─Exactly2FatJets
                              └☑─SemiMerged_SelectVVHFatJets
                                 pass: 17193 (raw) 923.374 (wgt)
                                 fail: 0 (raw)
                                 └☑─SemiMerged_SelectJets
                                    pass: 17193 (raw) 916.22 (wgt)
                                    fail: 0 (raw)
                                    └☑─SemiMerged_Geq4Jets
                                       pass: 4047 (raw) 213.226 (wgt)
                                       fail: 13146 (raw) 702.994 (wgt)
                                       └☑─SemiMerged_SelectVJets
                                          pass: 4047 (raw) 213.226 (wgt)
                                          fail: 0 (raw)
                                          └☑─SemiMerged_SelectVBSJets
                                             pass: 2387 (raw) 124.663 (wgt)
                                             fail: 1660 (raw) 88.5629 (wgt)
                                             └☑─SemiMerged_SaveVariables
                                                pass: 2387 (raw) 124.663 (wgt)
                                                fail: 0 (raw)
                                                └☑─Addition_Vqqjets
                                                   pass: 2387 (raw) 124.663 (wgt)
                                                   fail: 0 (raw)
                                                   └☑─Cut1
                                                      pass: 1451 (raw) 76.3032 (wgt)
                                                      fail: 936 (raw) 48.3596 (wgt)
                                                      └☑─Cut2
                                                         pass: 511 (raw) 26.965 (wgt)
                                                         fail: 940 (raw) 49.3382 (wgt)
                                                         └☑─Cut3
                                                            pass: 459 (raw) 24.4416 (wgt)
                                                            fail: 52 (raw) 2.52337 (wgt)
                                                            └☑─SemiMerged_MjjGt500
                                                               pass: 204 (raw) 10.8321 (wgt)
                                                               fail: 255 (raw) 13.6095 (wgt)
                                                               └☑─SemiMerged_detajjGt3
                                                                  pass: 196 (raw) 10.432 (wgt)
                                                                  fail: 8 (raw) 0.400153 (wgt)
                                                                  └☑─SemiMerged_XbbGt0p9
                                                                     pass: 110 (raw) 5.79348 (wgt)
                                                                     fail: 86 (raw) 4.63848 (wgt)
                                                                     └☑─SemiMerged_XVqqGt0p9
                                                                        pass: 70 (raw) 3.62663 (wgt)
                                                                        fail: 40 (raw) 2.16685 (wgt)
                                                                        └☑─SemiMerged_STGt1300
                                                                           pass: 43 (raw) 2.19461 (wgt)
                                                                           fail: 27 (raw) 1.43202 (wgt)
                                                                           └☑─SemiMerged_HbbMSDLt150
                                                                              pass: 21 (raw) 1.1121 (wgt)
                                                                              fail: 22 (raw) 1.08251 (wgt)
                                                                              └☑─SemiMerged_VqqMSDLt120
                                                                                 pass: 19 (raw) 1.0194 (wgt)
                                                                                 fail: 2 (raw) 0.0927024 (wgt)
                                                                                 └☑─SemiMerged_VqqMjjLt120
                                                                                    pass: 14 (raw) 0.761289 (wgt)
                                                                                    fail: 5 (raw) 0.258108 (wgt)
