./bin/vbsvvhjets_semimerged --input_ttree=Events --output_dir=/home/users/eslam.zenhom/public_html/uf_work/vbs2/analysis/studies/vbsvvhjets_semimerged/output_abcdnet_v3/2017 --output_name=EWKZ2Jets_ZToNuNu_M-50 --output_ttree=tree --variation=nominal --scale_factor=0.1494172043010752737313140414698864333331584930419921875 /home/users/eslam.zenhom/public_html/skimdata/bkg_0lep_2ak4_2ak8_ttH/EWKZ2Jets_ZToNuNu_M-50_TuneCP5_withDipoleRecoil_13TeV-madgraph-pythia8_RunIISummer20UL17NanoAODv9-106X_mc2017_realistic_v9-v2_NANOAODSIM_bkg_0lep_2ak4_2ak8_ttH/merged.root
Cutflow
└☑─Bookkeeping
   pass: 1626 (raw) 234.202 (wgt)
   fail: 0 (raw)
   └☑─SaveSystWeights
      pass: 1626 (raw) 234.202 (wgt)
      fail: 0 (raw)
      └☑─PassesEventFilters
         pass: 1621 (raw) 233.452 (wgt)
         fail: 5 (raw) 0.750358 (wgt)
         └☑─PassesTriggers
            pass: 1478 (raw) 213.496 (wgt)
            fail: 143 (raw) 19.9558 (wgt)
            └☑─SelectLeptons
               pass: 1478 (raw) 213.496 (wgt)
               fail: 0 (raw)
               └☑─NoLeptons
                  pass: 1478 (raw) 213.496 (wgt)
                  fail: 0 (raw)
                  └☑─SelectFatJets
                     pass: 1478 (raw) 213.496 (wgt)
                     fail: 0 (raw)
                     └☑─TriggerPlateauCuts
                        pass: 567 (raw) 82.4788 (wgt)
                        fail: 911 (raw) 131.017 (wgt)
                        └☑─Geq3FatJets
                           pass: 8 (raw) 1.08062 (wgt)
                           fail: 559 (raw) 81.3982 (wgt)
                           ├☑─AllMerged_SelectVVHFatJets
                           │  pass: 8 (raw) 1.08062 (wgt)
                           │  fail: 0 (raw)
                           │  └☑─AllMerged_SelectJets
                           │     pass: 8 (raw) 1.07343 (wgt)
                           │     fail: 0 (raw)
                           │     └☑─AllMerged_SelectVBSJets
                           │        pass: 2 (raw) 0.280269 (wgt)
                           │        fail: 6 (raw) 0.79316 (wgt)
                           │        └☑─AllMerged_SaveVariables
                           │           pass: 2 (raw) 0.280269 (wgt)
                           │           fail: 0 (raw)
                           │           └☑─AllMerged_MjjGt500
                           │              pass: 0 (raw)
                           │              fail: 2 (raw) 0.280269 (wgt)
                           │              └☑─AllMerged_detajjGt3
                           │                 pass: 0 (raw)
                           │                 fail: 0 (raw)
                           │                 └☑─AllMerged_XbbGt0p9
                           │                    pass: 0 (raw)
                           │                    fail: 0 (raw)
                           │                    └☑─AllMerged_XVqqGt0p9
                           │                       pass: 0 (raw)
                           │                       fail: 0 (raw)
                           │                       └☑─AllMerged_STGt1300
                           │                          pass: 0 (raw)
                           │                          fail: 0 (raw)
                           │                          └☑─AllMerged_HbbMSDLt150
                           │                             pass: 0 (raw)
                           │                             fail: 0 (raw)
                           │                             └☑─AllMerged_VqqMSDLt120
                           │                                pass: 0 (raw)
                           │                                fail: 0 (raw)
                           └☒─Exactly2FatJets
                              └☑─SemiMerged_SelectVVHFatJets
                                 pass: 559 (raw) 81.3982 (wgt)
                                 fail: 0 (raw)
                                 └☑─SemiMerged_SelectJets
                                    pass: 559 (raw) 81.1132 (wgt)
                                    fail: 0 (raw)
                                    └☑─SemiMerged_Geq4Jets
                                       pass: 48 (raw) 6.97102 (wgt)
                                       fail: 511 (raw) 74.1422 (wgt)
                                       └☑─SemiMerged_SelectVJets
                                          pass: 48 (raw) 6.97102 (wgt)
                                          fail: 0 (raw)
                                          └☑─SemiMerged_SelectVBSJets
                                             pass: 22 (raw) 3.14491 (wgt)
                                             fail: 26 (raw) 3.82611 (wgt)
                                             └☑─SemiMerged_SaveVariables
                                                pass: 22 (raw) 3.14491 (wgt)
                                                fail: 0 (raw)
                                                └☑─Addition_Vqqjets
                                                   pass: 22 (raw) 3.14491 (wgt)
                                                   fail: 0 (raw)
                                                   └☑─Cut1
                                                      pass: 4 (raw) 0.51965 (wgt)
                                                      fail: 18 (raw) 2.62526 (wgt)
                                                      └☑─Cut2
                                                         pass: 0 (raw)
                                                         fail: 4 (raw) 0.51965 (wgt)
                                                         └☑─Cut3
                                                            pass: 0 (raw)
                                                            fail: 0 (raw)
                                                            └☑─SemiMerged_MjjGt500
                                                               pass: 0 (raw)
                                                               fail: 0 (raw)
                                                               └☑─SemiMerged_detajjGt3
                                                                  pass: 0 (raw)
                                                                  fail: 0 (raw)
                                                                  └☑─SemiMerged_XbbGt0p9
                                                                     pass: 0 (raw)
                                                                     fail: 0 (raw)
                                                                     └☑─SemiMerged_XVqqGt0p9
                                                                        pass: 0 (raw)
                                                                        fail: 0 (raw)
                                                                        └☑─SemiMerged_STGt1300
                                                                           pass: 0 (raw)
                                                                           fail: 0 (raw)
                                                                           └☑─SemiMerged_HbbMSDLt150
                                                                              pass: 0 (raw)
                                                                              fail: 0 (raw)
                                                                              └☑─SemiMerged_VqqMSDLt120
                                                                                 pass: 0 (raw)
                                                                                 fail: 0 (raw)
                                                                                 └☑─SemiMerged_VqqMjjLt120
                                                                                    pass: 0 (raw)
                                                                                    fail: 0 (raw)
