./bin/vbsvvhjets_semimerged --input_ttree=Events --output_dir=/home/users/eslam.zenhom/public_html/uf_work/vbs2/analysis/studies/vbsvvhjets_semimerged/output_abcdnet_v3/2017 --output_name=QCD_HT500to700 --output_ttree=tree --variation=nominal --scale_factor=36.2485833623890272292555891908705234527587890625 /home/users/eslam.zenhom/public_html/skimdata/bkg_0lep_2ak4_2ak8_ttH/QCD_HT500to700_TuneCP5_PSWeights_13TeV-madgraph-pythia8_RunIISummer20UL17NanoAODv9-106X_mc2017_realistic_v9-v1_NANOAODSIM_bkg_0lep_2ak4_2ak8_ttH/merged.root
Cutflow
└☑─Bookkeeping
   pass: 347239 (raw) 1.22948e+07 (wgt)
   fail: 0 (raw)
   └☑─SaveSystWeights
      pass: 347239 (raw) 1.22948e+07 (wgt)
      fail: 0 (raw)
      └☑─PassesEventFilters
         pass: 347021 (raw) 1.22869e+07 (wgt)
         fail: 218 (raw) 7861.18 (wgt)
         └☑─PassesTriggers
            pass: 156853 (raw) 5.58933e+06 (wgt)
            fail: 190168 (raw) 6.6976e+06 (wgt)
            └☑─SelectLeptons
               pass: 156853 (raw) 5.58933e+06 (wgt)
               fail: 0 (raw)
               └☑─NoLeptons
                  pass: 156853 (raw) 5.58933e+06 (wgt)
                  fail: 0 (raw)
                  └☑─SelectFatJets
                     pass: 156853 (raw) 5.58933e+06 (wgt)
                     fail: 0 (raw)
                     └☑─TriggerPlateauCuts
                        pass: 41 (raw) 1458.15 (wgt)
                        fail: 156812 (raw) 5.58787e+06 (wgt)
                        └☑─Geq3FatJets
                           pass: 0 (raw)
                           fail: 41 (raw) 1458.15 (wgt)
                           ├☑─AllMerged_SelectVVHFatJets
                           │  pass: 0 (raw)
                           │  fail: 0 (raw)
                           │  └☑─AllMerged_SelectJets
                           │     pass: 0 (raw)
                           │     fail: 0 (raw)
                           │     └☑─AllMerged_SelectVBSJets
                           │        pass: 0 (raw)
                           │        fail: 0 (raw)
                           │        └☑─AllMerged_SaveVariables
                           │           pass: 0 (raw)
                           │           fail: 0 (raw)
                           │           └☑─AllMerged_MjjGt500
                           │              pass: 0 (raw)
                           │              fail: 0 (raw)
                           │              └☑─AllMerged_detajjGt3
                           │                 pass: 0 (raw)
                           │                 fail: 0 (raw)
                           │                 └☑─AllMerged_XbbGt0p9
                           │                    pass: 0 (raw)
                           │                    fail: 0 (raw)
                           │                    └☑─AllMerged_XVqqGt0p9
                           │                       pass: 0 (raw)
                           │                       fail: 0 (raw)
                           │                       └☑─AllMerged_STGt1300
                           │                          pass: 0 (raw)
                           │                          fail: 0 (raw)
                           │                          └☑─AllMerged_HbbMSDLt150
                           │                             pass: 0 (raw)
                           │                             fail: 0 (raw)
                           │                             └☑─AllMerged_VqqMSDLt120
                           │                                pass: 0 (raw)
                           │                                fail: 0 (raw)
                           └☒─Exactly2FatJets
                              └☑─SemiMerged_SelectVVHFatJets
                                 pass: 41 (raw) 1458.15 (wgt)
                                 fail: 0 (raw)
                                 └☑─SemiMerged_SelectJets
                                    pass: 41 (raw) 1447.95 (wgt)
                                    fail: 0 (raw)
                                    └☑─SemiMerged_Geq4Jets
                                       pass: 13 (raw) 463.872 (wgt)
                                       fail: 28 (raw) 984.081 (wgt)
                                       └☑─SemiMerged_SelectVJets
                                          pass: 13 (raw) 463.872 (wgt)
                                          fail: 0 (raw)
                                          └☑─SemiMerged_SelectVBSJets
                                             pass: 6 (raw) 201.474 (wgt)
                                             fail: 7 (raw) 262.398 (wgt)
                                             └☑─SemiMerged_SaveVariables
                                                pass: 6 (raw) 201.474 (wgt)
                                                fail: 0 (raw)
                                                └☑─Addition_Vqqjets
                                                   pass: 6 (raw) 201.474 (wgt)
                                                   fail: 0 (raw)
                                                   └☑─Cut1
                                                      pass: 1 (raw) 33.1481 (wgt)
                                                      fail: 5 (raw) 168.326 (wgt)
                                                      └☑─Cut2
                                                         pass: 0 (raw)
                                                         fail: 1 (raw) 33.1481 (wgt)
                                                         └☑─Cut3
                                                            pass: 0 (raw)
                                                            fail: 0 (raw)
                                                            └☑─SemiMerged_MjjGt500
                                                               pass: 0 (raw)
                                                               fail: 0 (raw)
                                                               └☑─SemiMerged_detajjGt3
                                                                  pass: 0 (raw)
                                                                  fail: 0 (raw)
                                                                  └☑─SemiMerged_XbbGt0p9
                                                                     pass: 0 (raw)
                                                                     fail: 0 (raw)
                                                                     └☑─SemiMerged_XVqqGt0p9
                                                                        pass: 0 (raw)
                                                                        fail: 0 (raw)
                                                                        └☑─SemiMerged_STGt1300
                                                                           pass: 0 (raw)
                                                                           fail: 0 (raw)
                                                                           └☑─SemiMerged_HbbMSDLt150
                                                                              pass: 0 (raw)
                                                                              fail: 0 (raw)
                                                                              └☑─SemiMerged_VqqMSDLt120
                                                                                 pass: 0 (raw)
                                                                                 fail: 0 (raw)
                                                                                 └☑─SemiMerged_VqqMjjLt120
                                                                                    pass: 0 (raw)
                                                                                    fail: 0 (raw)
