./bin/vbsvvhjets_semimerged --input_ttree=Events --output_dir=/home/users/eslam.zenhom/public_html/uf_work/vbs2/analysis/studies/vbsvvhjets_semimerged/output_abcdnet_v3/2017 --output_name=VBSZZH_VBSCuts_tthfix --output_ttree=tree --variation=nominal --is_signal --scale_factor=0.00023477679999999996433845961263386925566010177135467529296875 /home/users/eslam.zenhom/public_html/skimdata/sig_0lep_2ak4_2ak8_ttH/VBSZZH_VBSCuts_TuneCP5_RunIISummer20UL17-106X_privateMC_NANOGEN_v2/merged_tthfix.root
Cutflow
└☑─Bookkeeping
   pass: 100000 (raw) 21.8877 (wgt)
   fail: 0 (raw)
   └☑─SaveSystWeights
      pass: 100000 (raw) 21.8877 (wgt)
      fail: 0 (raw)
      └☑─PassesEventFilters
         pass: 99273 (raw) 21.7321 (wgt)
         fail: 727 (raw) 0.155573 (wgt)
         └☑─PassesTriggers
            pass: 68146 (raw) 15.0053 (wgt)
            fail: 31127 (raw) 6.72674 (wgt)
            └☑─SelectLeptons
               pass: 68146 (raw) 15.0053 (wgt)
               fail: 0 (raw)
               └☑─NoLeptons
                  pass: 50635 (raw) 11.1588 (wgt)
                  fail: 17511 (raw) 3.8465 (wgt)
                  └☑─SelectFatJets
                     pass: 50635 (raw) 11.1588 (wgt)
                     fail: 0 (raw)
                     └☑─TriggerPlateauCuts
                        pass: 29984 (raw) 6.65811 (wgt)
                        fail: 20651 (raw) 4.50072 (wgt)
                        └☑─Geq3FatJets
                           pass: 4427 (raw) 0.988959 (wgt)
                           fail: 25557 (raw) 5.66915 (wgt)
                           ├☑─AllMerged_SelectVVHFatJets
                           │  pass: 4427 (raw) 0.988959 (wgt)
                           │  fail: 0 (raw)
                           │  └☑─AllMerged_SelectJets
                           │     pass: 4427 (raw) 0.976444 (wgt)
                           │     fail: 0 (raw)
                           │     └☑─AllMerged_SelectVBSJets
                           │        pass: 1987 (raw) 0.429116 (wgt)
                           │        fail: 2440 (raw) 0.547327 (wgt)
                           │        └☑─AllMerged_SaveVariables
                           │           pass: 1987 (raw) 0.429116 (wgt)
                           │           fail: 0 (raw)
                           │           └☑─AllMerged_MjjGt500
                           │              pass: 1728 (raw) 0.37177 (wgt)
                           │              fail: 259 (raw) 0.057346 (wgt)
                           │              └☑─AllMerged_detajjGt3
                           │                 pass: 1718 (raw) 0.369502 (wgt)
                           │                 fail: 10 (raw) 0.00226842 (wgt)
                           │                 └☑─AllMerged_XbbGt0p9
                           │                    pass: 1303 (raw) 0.279761 (wgt)
                           │                    fail: 415 (raw) 0.089741 (wgt)
                           │                    └☑─AllMerged_XVqqGt0p9
                           │                       pass: 327 (raw) 0.0710285 (wgt)
                           │                       fail: 976 (raw) 0.208732 (wgt)
                           │                       └☑─AllMerged_STGt1300
                           │                          pass: 325 (raw) 0.0705857 (wgt)
                           │                          fail: 2 (raw) 0.000442851 (wgt)
                           │                          └☑─AllMerged_HbbMSDLt150
                           │                             pass: 321 (raw) 0.0697232 (wgt)
                           │                             fail: 4 (raw) 0.000862404 (wgt)
                           │                             └☑─AllMerged_VqqMSDLt120
                           │                                pass: 298 (raw) 0.0650293 (wgt)
                           │                                fail: 23 (raw) 0.00469396 (wgt)
                           └☒─Exactly2FatJets
                              └☑─SemiMerged_SelectVVHFatJets
                                 pass: 15993 (raw) 3.54838 (wgt)
                                 fail: 0 (raw)
                                 └☑─SemiMerged_SelectJets
                                    pass: 15993 (raw) 3.5018 (wgt)
                                    fail: 0 (raw)
                                    └☑─SemiMerged_Geq4Jets
                                       pass: 5820 (raw) 1.25829 (wgt)
                                       fail: 10173 (raw) 2.24351 (wgt)
                                       └☑─SemiMerged_SelectVJets
                                          pass: 5820 (raw) 1.25829 (wgt)
                                          fail: 0 (raw)
                                          └☑─SemiMerged_SelectVBSJets
                                             pass: 3771 (raw) 0.808515 (wgt)
                                             fail: 2049 (raw) 0.449777 (wgt)
                                             └☑─SemiMerged_SaveVariables
                                                pass: 3771 (raw) 0.808515 (wgt)
                                                fail: 0 (raw)
                                                └☑─Addition_Vqqjets
                                                   pass: 3771 (raw) 0.808515 (wgt)
                                                   fail: 0 (raw)
                                                   └☑─Cut1
                                                      pass: 3060 (raw) 0.657421 (wgt)
                                                      fail: 711 (raw) 0.151094 (wgt)
                                                      └☑─Cut2
                                                         pass: 1923 (raw) 0.413719 (wgt)
                                                         fail: 1137 (raw) 0.243702 (wgt)
                                                         └☑─Cut3
                                                            pass: 1662 (raw) 0.357997 (wgt)
                                                            fail: 261 (raw) 0.055722 (wgt)
                                                            └☑─SemiMerged_MjjGt500
                                                               pass: 1242 (raw) 0.266745 (wgt)
                                                               fail: 420 (raw) 0.0912521 (wgt)
                                                               └☑─SemiMerged_detajjGt3
                                                                  pass: 1184 (raw) 0.254619 (wgt)
                                                                  fail: 58 (raw) 0.0121262 (wgt)
                                                                  └☑─SemiMerged_XbbGt0p9
                                                                     pass: 1065 (raw) 0.229062 (wgt)
                                                                     fail: 119 (raw) 0.0255567 (wgt)
                                                                     └☑─SemiMerged_XVqqGt0p9
                                                                        pass: 679 (raw) 0.145996 (wgt)
                                                                        fail: 386 (raw) 0.0830663 (wgt)
                                                                        └☑─SemiMerged_STGt1300
                                                                           pass: 553 (raw) 0.118821 (wgt)
                                                                           fail: 126 (raw) 0.0271748 (wgt)
                                                                           └☑─SemiMerged_HbbMSDLt150
                                                                              pass: 535 (raw) 0.114821 (wgt)
                                                                              fail: 18 (raw) 0.00399989 (wgt)
                                                                              └☑─SemiMerged_VqqMSDLt120
                                                                                 pass: 506 (raw) 0.108458 (wgt)
                                                                                 fail: 29 (raw) 0.00636246 (wgt)
                                                                                 └☑─SemiMerged_VqqMjjLt120
                                                                                    pass: 440 (raw) 0.0937544 (wgt)
                                                                                    fail: 66 (raw) 0.0147041 (wgt)
