./bin/vbsvvhjets_semimerged --input_ttree=Events --output_dir=/home/users/eslam.zenhom/public_html/uf_work/vbs2/analysis/studies/vbsvvhjets_semimerged/output_abcdnet_v3/2017 --output_name=WJetsToQQ_HT-400to600 --output_ttree=tree --variation=nominal --scale_factor=1.155263813417544138673065390321426093578338623046875 /home/users/eslam.zenhom/public_html/skimdata/bkg_0lep_2ak4_2ak8_ttH/WJetsToQQ_HT-400to600_TuneCP5_13TeV-madgraphMLM-pythia8_RunIISummer20UL17NanoAODv9-106X_mc2017_realistic_v9-v2_NANOAODSIM_bkg_0lep_2ak4_2ak8_ttH/merged.root
Cutflow
└☑─Bookkeeping
   pass: 7193 (raw) 8100.12 (wgt)
   fail: 0 (raw)
   └☑─SaveSystWeights
      pass: 7193 (raw) 8100.12 (wgt)
      fail: 0 (raw)
      └☑─PassesEventFilters
         pass: 7186 (raw) 8091.72 (wgt)
         fail: 7 (raw) 8.40454 (wgt)
         └☑─PassesTriggers
            pass: 1492 (raw) 1687.07 (wgt)
            fail: 5694 (raw) 6404.64 (wgt)
            └☑─SelectLeptons
               pass: 1492 (raw) 1687.07 (wgt)
               fail: 0 (raw)
               └☑─NoLeptons
                  pass: 1492 (raw) 1687.07 (wgt)
                  fail: 0 (raw)
                  └☑─SelectFatJets
                     pass: 1492 (raw) 1687.07 (wgt)
                     fail: 0 (raw)
                     └☑─TriggerPlateauCuts
                        pass: 8 (raw) 8.50164 (wgt)
                        fail: 1484 (raw) 1678.57 (wgt)
                        └☑─Geq3FatJets
                           pass: 0 (raw)
                           fail: 8 (raw) 8.50164 (wgt)
                           ├☑─AllMerged_SelectVVHFatJets
                           │  pass: 0 (raw)
                           │  fail: 0 (raw)
                           │  └☑─AllMerged_SelectJets
                           │     pass: 0 (raw)
                           │     fail: 0 (raw)
                           │     └☑─AllMerged_SelectVBSJets
                           │        pass: 0 (raw)
                           │        fail: 0 (raw)
                           │        └☑─AllMerged_SaveVariables
                           │           pass: 0 (raw)
                           │           fail: 0 (raw)
                           │           └☑─AllMerged_MjjGt500
                           │              pass: 0 (raw)
                           │              fail: 0 (raw)
                           │              └☑─AllMerged_detajjGt3
                           │                 pass: 0 (raw)
                           │                 fail: 0 (raw)
                           │                 └☑─AllMerged_XbbGt0p9
                           │                    pass: 0 (raw)
                           │                    fail: 0 (raw)
                           │                    └☑─AllMerged_XVqqGt0p9
                           │                       pass: 0 (raw)
                           │                       fail: 0 (raw)
                           │                       └☑─AllMerged_STGt1300
                           │                          pass: 0 (raw)
                           │                          fail: 0 (raw)
                           │                          └☑─AllMerged_HbbMSDLt150
                           │                             pass: 0 (raw)
                           │                             fail: 0 (raw)
                           │                             └☑─AllMerged_VqqMSDLt120
                           │                                pass: 0 (raw)
                           │                                fail: 0 (raw)
                           └☒─Exactly2FatJets
                              └☑─SemiMerged_SelectVVHFatJets
                                 pass: 8 (raw) 8.50164 (wgt)
                                 fail: 0 (raw)
                                 └☑─SemiMerged_SelectJets
                                    pass: 8 (raw) 8.47116 (wgt)
                                    fail: 0 (raw)
                                    └☑─SemiMerged_Geq4Jets
                                       pass: 4 (raw) 4.056 (wgt)
                                       fail: 4 (raw) 4.41517 (wgt)
                                       └☑─SemiMerged_SelectVJets
                                          pass: 4 (raw) 4.056 (wgt)
                                          fail: 0 (raw)
                                          └☑─SemiMerged_SelectVBSJets
                                             pass: 3 (raw) 3.05001 (wgt)
                                             fail: 1 (raw) 1.00599 (wgt)
                                             └☑─SemiMerged_SaveVariables
                                                pass: 3 (raw) 3.05001 (wgt)
                                                fail: 0 (raw)
                                                └☑─Addition_Vqqjets
                                                   pass: 3 (raw) 3.05001 (wgt)
                                                   fail: 0 (raw)
                                                   └☑─Cut1
                                                      pass: 0 (raw)
                                                      fail: 3 (raw) 3.05001 (wgt)
                                                      └☑─Cut2
                                                         pass: 0 (raw)
                                                         fail: 0 (raw)
                                                         └☑─Cut3
                                                            pass: 0 (raw)
                                                            fail: 0 (raw)
                                                            └☑─SemiMerged_MjjGt500
                                                               pass: 0 (raw)
                                                               fail: 0 (raw)
                                                               └☑─SemiMerged_detajjGt3
                                                                  pass: 0 (raw)
                                                                  fail: 0 (raw)
                                                                  └☑─SemiMerged_XbbGt0p9
                                                                     pass: 0 (raw)
                                                                     fail: 0 (raw)
                                                                     └☑─SemiMerged_XVqqGt0p9
                                                                        pass: 0 (raw)
                                                                        fail: 0 (raw)
                                                                        └☑─SemiMerged_STGt1300
                                                                           pass: 0 (raw)
                                                                           fail: 0 (raw)
                                                                           └☑─SemiMerged_HbbMSDLt150
                                                                              pass: 0 (raw)
                                                                              fail: 0 (raw)
                                                                              └☑─SemiMerged_VqqMSDLt120
                                                                                 pass: 0 (raw)
                                                                                 fail: 0 (raw)
                                                                                 └☑─SemiMerged_VqqMjjLt120
                                                                                    pass: 0 (raw)
                                                                                    fail: 0 (raw)
