./bin/vbsvvhjets_semimerged --input_ttree=Events --output_dir=/home/users/eslam.zenhom/public_html/uf_work/vbs2/analysis/studies/vbsvvhjets_semimerged/output_abcdnet_v3/2017 --output_name=WplusH_HToBB_WToLNu_M-125 --output_ttree=tree --variation=nominal --scale_factor=0.0025529211120367315511481276502081527723930776119232177734375 /home/users/eslam.zenhom/public_html/skimdata/bkg_0lep_2ak4_2ak8_ttH/WplusH_HToBB_WToLNu_M-125_TuneCP5_13TeV-powheg-pythia8_RunIISummer20UL17NanoAODv9-106X_mc2017_realistic_v9-v1_NANOAODSIM_bkg_0lep_2ak4_2ak8_ttH/merged.root
Cutflow
└☑─Bookkeeping
   pass: 1338 (raw) 0.988203 (wgt)
   fail: 0 (raw)
   └☑─SaveSystWeights
      pass: 1338 (raw) 0.988203 (wgt)
      fail: 0 (raw)
      └☑─PassesEventFilters
         pass: 1333 (raw) 0.984469 (wgt)
         fail: 5 (raw) 0.00373436 (wgt)
         └☑─PassesTriggers
            pass: 1247 (raw) 0.922628 (wgt)
            fail: 86 (raw) 0.0618415 (wgt)
            └☑─SelectLeptons
               pass: 1247 (raw) 0.922628 (wgt)
               fail: 0 (raw)
               └☑─NoLeptons
                  pass: 1247 (raw) 0.922628 (wgt)
                  fail: 0 (raw)
                  └☑─SelectFatJets
                     pass: 1247 (raw) 0.922628 (wgt)
                     fail: 0 (raw)
                     └☑─TriggerPlateauCuts
                        pass: 500 (raw) 0.372057 (wgt)
                        fail: 747 (raw) 0.550571 (wgt)
                        └☑─Geq3FatJets
                           pass: 28 (raw) 0.021021 (wgt)
                           fail: 472 (raw) 0.351036 (wgt)
                           ├☑─AllMerged_SelectVVHFatJets
                           │  pass: 28 (raw) 0.021021 (wgt)
                           │  fail: 0 (raw)
                           │  └☑─AllMerged_SelectJets
                           │     pass: 28 (raw) 0.0208787 (wgt)
                           │     fail: 0 (raw)
                           │     └☑─AllMerged_SelectVBSJets
                           │        pass: 17 (raw) 0.0127392 (wgt)
                           │        fail: 11 (raw) 0.0081395 (wgt)
                           │        └☑─AllMerged_SaveVariables
                           │           pass: 17 (raw) 0.0127392 (wgt)
                           │           fail: 0 (raw)
                           │           └☑─AllMerged_MjjGt500
                           │              pass: 4 (raw) 0.00302747 (wgt)
                           │              fail: 13 (raw) 0.00971169 (wgt)
                           │              └☑─AllMerged_detajjGt3
                           │                 pass: 3 (raw) 0.00227045 (wgt)
                           │                 fail: 1 (raw) 0.000757025 (wgt)
                           │                 └☑─AllMerged_XbbGt0p9
                           │                    pass: 2 (raw) 0.00150113 (wgt)
                           │                    fail: 1 (raw) 0.000769313 (wgt)
                           │                    └☑─AllMerged_XVqqGt0p9
                           │                       pass: 0 (raw)
                           │                       fail: 2 (raw) 0.00150113 (wgt)
                           │                       └☑─AllMerged_STGt1300
                           │                          pass: 0 (raw)
                           │                          fail: 0 (raw)
                           │                          └☑─AllMerged_HbbMSDLt150
                           │                             pass: 0 (raw)
                           │                             fail: 0 (raw)
                           │                             └☑─AllMerged_VqqMSDLt120
                           │                                pass: 0 (raw)
                           │                                fail: 0 (raw)
                           └☒─Exactly2FatJets
                              └☑─SemiMerged_SelectVVHFatJets
                                 pass: 472 (raw) 0.351036 (wgt)
                                 fail: 0 (raw)
                                 └☑─SemiMerged_SelectJets
                                    pass: 472 (raw) 0.349331 (wgt)
                                    fail: 0 (raw)
                                    └☑─SemiMerged_Geq4Jets
                                       pass: 144 (raw) 0.106787 (wgt)
                                       fail: 328 (raw) 0.242545 (wgt)
                                       └☑─SemiMerged_SelectVJets
                                          pass: 144 (raw) 0.106787 (wgt)
                                          fail: 0 (raw)
                                          └☑─SemiMerged_SelectVBSJets
                                             pass: 99 (raw) 0.0720279 (wgt)
                                             fail: 45 (raw) 0.0347587 (wgt)
                                             └☑─SemiMerged_SaveVariables
                                                pass: 99 (raw) 0.0720279 (wgt)
                                                fail: 0 (raw)
                                                └☑─Addition_Vqqjets
                                                   pass: 99 (raw) 0.0720279 (wgt)
                                                   fail: 0 (raw)
                                                   └☑─Cut1
                                                      pass: 27 (raw) 0.0199524 (wgt)
                                                      fail: 72 (raw) 0.0520754 (wgt)
                                                      └☑─Cut2
                                                         pass: 14 (raw) 0.0104723 (wgt)
                                                         fail: 13 (raw) 0.00948013 (wgt)
                                                         └☑─Cut3
                                                            pass: 12 (raw) 0.0090024 (wgt)
                                                            fail: 2 (raw) 0.00146989 (wgt)
                                                            └☑─SemiMerged_MjjGt500
                                                               pass: 6 (raw) 0.00435663 (wgt)
                                                               fail: 6 (raw) 0.00464577 (wgt)
                                                               └☑─SemiMerged_detajjGt3
                                                                  pass: 5 (raw) 0.00360967 (wgt)
                                                                  fail: 1 (raw) 0.000746955 (wgt)
                                                                  └☑─SemiMerged_XbbGt0p9
                                                                     pass: 5 (raw) 0.00360967 (wgt)
                                                                     fail: 0 (raw)
                                                                     └☑─SemiMerged_XVqqGt0p9
                                                                        pass: 2 (raw) 0.00138922 (wgt)
                                                                        fail: 3 (raw) 0.00222046 (wgt)
                                                                        └☑─SemiMerged_STGt1300
                                                                           pass: 1 (raw) 0.000767817 (wgt)
                                                                           fail: 1 (raw) 0.0006214 (wgt)
                                                                           └☑─SemiMerged_HbbMSDLt150
                                                                              pass: 1 (raw) 0.000767817 (wgt)
                                                                              fail: 0 (raw)
                                                                              └☑─SemiMerged_VqqMSDLt120
                                                                                 pass: 0 (raw)
                                                                                 fail: 1 (raw) 0.000767817 (wgt)
                                                                                 └☑─SemiMerged_VqqMjjLt120
                                                                                    pass: 0 (raw)
                                                                                    fail: 0 (raw)
