./bin/vbsvvhjets_semimerged --input_ttree=Events --output_dir=/home/users/eslam.zenhom/public_html/uf_work/vbs2/analysis/studies/vbsvvhjets_semimerged/output_abcdnet_v3/2017 --output_name=WZTo1L1Nu2Q_4f --output_ttree=tree --variation=nominal --scale_factor=0.0187074891328572710802458090029176673851907253265380859375 /home/users/eslam.zenhom/public_html/skimdata/bkg_0lep_2ak4_2ak8_ttH/WZTo1L1Nu2Q_4f_TuneCP5_13TeV-amcatnloFXFX-pythia8_RunIISummer20UL17NanoAODv9-106X_mc2017_realistic_v9-v1_NANOAODSIM_bkg_0lep_2ak4_2ak8_ttH/merged.root
Cutflow
└☑─Bookkeeping
   pass: 4675 (raw) 1479.59 (wgt)
   fail: 0 (raw)
   └☑─SaveSystWeights
      pass: 4675 (raw) 1479.59 (wgt)
      fail: 0 (raw)
      └☑─PassesEventFilters
         pass: 4647 (raw) 1472.98 (wgt)
         fail: 28 (raw) 6.60914 (wgt)
         └☑─PassesTriggers
            pass: 4230 (raw) 1351.55 (wgt)
            fail: 417 (raw) 121.43 (wgt)
            └☑─SelectLeptons
               pass: 4230 (raw) 1351.55 (wgt)
               fail: 0 (raw)
               └☑─NoLeptons
                  pass: 4230 (raw) 1351.55 (wgt)
                  fail: 0 (raw)
                  └☑─SelectFatJets
                     pass: 4230 (raw) 1351.55 (wgt)
                     fail: 0 (raw)
                     └☑─TriggerPlateauCuts
                        pass: 1450 (raw) 476.273 (wgt)
                        fail: 2780 (raw) 875.274 (wgt)
                        └☑─Geq3FatJets
                           pass: 39 (raw) 10.4455 (wgt)
                           fail: 1411 (raw) 465.828 (wgt)
                           ├☑─AllMerged_SelectVVHFatJets
                           │  pass: 39 (raw) 10.4455 (wgt)
                           │  fail: 0 (raw)
                           │  └☑─AllMerged_SelectJets
                           │     pass: 39 (raw) 10.3799 (wgt)
                           │     fail: 0 (raw)
                           │     └☑─AllMerged_SelectVBSJets
                           │        pass: 16 (raw) 3.8591 (wgt)
                           │        fail: 23 (raw) 6.52075 (wgt)
                           │        └☑─AllMerged_SaveVariables
                           │           pass: 16 (raw) 3.8591 (wgt)
                           │           fail: 0 (raw)
                           │           └☑─AllMerged_MjjGt500
                           │              pass: 7 (raw) 1.4533 (wgt)
                           │              fail: 9 (raw) 2.4058 (wgt)
                           │              └☑─AllMerged_detajjGt3
                           │                 pass: 5 (raw) 1.37883 (wgt)
                           │                 fail: 2 (raw) 0.0744695 (wgt)
                           │                 └☑─AllMerged_XbbGt0p9
                           │                    pass: 0 (raw)
                           │                    fail: 5 (raw) 1.37883 (wgt)
                           │                    └☑─AllMerged_XVqqGt0p9
                           │                       pass: 0 (raw)
                           │                       fail: 0 (raw)
                           │                       └☑─AllMerged_STGt1300
                           │                          pass: 0 (raw)
                           │                          fail: 0 (raw)
                           │                          └☑─AllMerged_HbbMSDLt150
                           │                             pass: 0 (raw)
                           │                             fail: 0 (raw)
                           │                             └☑─AllMerged_VqqMSDLt120
                           │                                pass: 0 (raw)
                           │                                fail: 0 (raw)
                           └☒─Exactly2FatJets
                              └☑─SemiMerged_SelectVVHFatJets
                                 pass: 1411 (raw) 465.828 (wgt)
                                 fail: 0 (raw)
                                 └☑─SemiMerged_SelectJets
                                    pass: 1411 (raw) 462.855 (wgt)
                                    fail: 0 (raw)
                                    └☑─SemiMerged_Geq4Jets
                                       pass: 356 (raw) 119.467 (wgt)
                                       fail: 1055 (raw) 343.388 (wgt)
                                       └☑─SemiMerged_SelectVJets
                                          pass: 356 (raw) 119.467 (wgt)
                                          fail: 0 (raw)
                                          └☑─SemiMerged_SelectVBSJets
                                             pass: 201 (raw) 65.4695 (wgt)
                                             fail: 155 (raw) 53.9978 (wgt)
                                             └☑─SemiMerged_SaveVariables
                                                pass: 201 (raw) 65.4695 (wgt)
                                                fail: 0 (raw)
                                                └☑─Addition_Vqqjets
                                                   pass: 201 (raw) 65.4695 (wgt)
                                                   fail: 0 (raw)
                                                   └☑─Cut1
                                                      pass: 80 (raw) 26.4586 (wgt)
                                                      fail: 121 (raw) 39.0108 (wgt)
                                                      └☑─Cut2
                                                         pass: 3 (raw) 1.42143 (wgt)
                                                         fail: 77 (raw) 25.0372 (wgt)
                                                         └☑─Cut3
                                                            pass: 3 (raw) 1.42143 (wgt)
                                                            fail: 0 (raw)
                                                            └☑─SemiMerged_MjjGt500
                                                               pass: 1 (raw) 0.48525 (wgt)
                                                               fail: 2 (raw) 0.936184 (wgt)
                                                               └☑─SemiMerged_detajjGt3
                                                                  pass: 1 (raw) 0.48525 (wgt)
                                                                  fail: 0 (raw)
                                                                  └☑─SemiMerged_XbbGt0p9
                                                                     pass: 0 (raw)
                                                                     fail: 1 (raw) 0.48525 (wgt)
                                                                     └☑─SemiMerged_XVqqGt0p9
                                                                        pass: 0 (raw)
                                                                        fail: 0 (raw)
                                                                        └☑─SemiMerged_STGt1300
                                                                           pass: 0 (raw)
                                                                           fail: 0 (raw)
                                                                           └☑─SemiMerged_HbbMSDLt150
                                                                              pass: 0 (raw)
                                                                              fail: 0 (raw)
                                                                              └☑─SemiMerged_VqqMSDLt120
                                                                                 pass: 0 (raw)
                                                                                 fail: 0 (raw)
                                                                                 └☑─SemiMerged_VqqMjjLt120
                                                                                    pass: 0 (raw)
                                                                                    fail: 0 (raw)
