INFO [05-18-2024 19:26:42 PM]: QCD_HT2000toInf (2017) sf = (20.2)*1000*(41.48)/4112573.0 = 0.20374009166524215
INFO [05-18-2024 19:26:42 PM]: WJetsToQQ_HT-800toInf (2016preVFP) sf = (28.75)*1000*(19.52)/7758476.0 = 0.07233379338932028
INFO [05-18-2024 19:26:42 PM]: QCD_HT700to1000 (2016preVFP) sf = (6802)*1000*(19.52)/15808790.0 = 8.398811041199231
INFO [05-18-2024 19:26:42 PM]: WJetsToQQ_HT-800toInf (2016postVFP) sf = (28.75)*1000*(16.81)/6769101.0 = 0.07139611301412106
INFO [05-18-2024 19:26:43 PM]: QCD_HT1000to1500_0 (2018) sf = (1206)*1000*(59.83)/14394786.0 = 5.012577470759204
INFO [05-18-2024 19:26:43 PM]: QCD_HT2000toInf_0 (2018) sf = (20.2)*1000*(59.83)/5374711.0 = 0.22486157860394726
INFO [05-18-2024 19:26:43 PM]: QCD_HT700to1000_0 (2017) sf = (6802)*1000*(41.48)/32934816.0 = 8.566829703861105
INFO [05-18-2024 19:26:43 PM]: QCD_HT1000to1500_1 (2018) sf = (1206)*1000*(59.83)/14394786.0 = 5.012577470759204
INFO [05-18-2024 19:26:43 PM]: WJetsToQQ_HT-800toInf_2 (2017) sf = (28.75)*1000*(41.48)/14722417.0 = 0.08100232455037784
INFO [05-18-2024 19:26:43 PM]: ZJetsToQQ_HT-800toInf_0 (2017) sf = (12.99)*1000*(41.48)/9400574.0 = 0.057318329710504906
INFO [05-18-2024 19:26:43 PM]: QCD_HT1500to2000 (2016preVFP) sf = (98.71)*1000*(19.52)/3503675.0 = 0.5499423319799924
INFO [05-18-2024 19:26:43 PM]: QCD_HT1500to2000_1 (2018) sf = (98.71)*1000*(59.83)/10411831.0 = 0.5672219708521968
INFO [05-18-2024 19:26:43 PM]: WJetsToQQ_HT-800toInf_0 (2018) sf = (28.75)*1000*(59.83)/13581343.0 = 0.12665260718325133
INFO [05-18-2024 19:26:43 PM]: QCD_HT1500to2000_0 (2017) sf = (98.71)*1000*(41.48)/7701876.0 = 0.5316225293681694
INFO [05-18-2024 19:26:43 PM]: QCD_HT700to1000 (2016postVFP) sf = (6802)*1000*(16.81)/13750537.0 = 8.31542942650167
INFO [05-18-2024 19:26:43 PM]: WJetsToQQ_HT-800toInf_1 (2018) sf = (28.75)*1000*(59.83)/13581343.0 = 0.12665260718325133
INFO [05-18-2024 19:26:44 PM]: QCD_HT1500to2000_0 (2018) sf = (98.71)*1000*(59.83)/10411831.0 = 0.5672219708521968
INFO [05-18-2024 19:26:44 PM]: TTToHadronic_1 (2016postVFP) sf = (377.96)*1000*(16.81)/33608820216.924007 = 0.00018904286312319398
INFO [05-18-2024 19:26:44 PM]: QCD_HT1500to2000_1 (2017) sf = (98.71)*1000*(41.48)/7701876.0 = 0.5316225293681694
INFO [05-18-2024 19:26:44 PM]: TTToHadronic_0 (2016preVFP) sf = (377.96)*1000*(19.52)/30530922535.484005 = 0.00024164940287753545
INFO [05-18-2024 19:26:44 PM]: QCD_HT700to1000_1 (2017) sf = (6802)*1000*(41.48)/32934816.0 = 8.566829703861105
INFO [05-18-2024 19:26:44 PM]: ZJetsToQQ_HT-800toInf_1 (2018) sf = (12.99)*1000*(59.83)/9681521.0 = 0.08027578517879576
INFO [05-18-2024 19:26:44 PM]: QCD_HT1000to1500_0 (2017) sf = (1206)*1000*(41.48)/10186734.0 = 4.910786911683371
INFO [05-18-2024 19:26:44 PM]: QCD_HT1000to1500_1 (2017) sf = (1206)*1000*(41.48)/10186734.0 = 4.910786911683371
INFO [05-18-2024 19:26:44 PM]: ZJetsToQQ_HT-800toInf_0 (2018) sf = (12.99)*1000*(59.83)/9681521.0 = 0.08027578517879576
INFO [05-18-2024 19:26:45 PM]: TTToHadronic_0 (2016postVFP) sf = (377.96)*1000*(16.81)/33608820216.924007 = 0.00018904286312319398
INFO [05-18-2024 19:26:46 PM]: QCD_HT700to1000_1 (2018) sf = (6802)*1000*(59.83)/48506751.0 = 8.389835468469121
INFO [05-18-2024 19:26:46 PM]: QCD_HT700to1000_3 (2018) sf = (6802)*1000*(59.83)/48506751.0 = 8.389835468469121
INFO [05-18-2024 19:26:46 PM]: QCD_HT700to1000_2 (2018) sf = (6802)*1000*(59.83)/48506751.0 = 8.389835468469121
INFO [05-18-2024 19:26:46 PM]: ZJetsToQQ_HT-800toInf (2016postVFP) sf = (12.99)*1000*(16.81)/4388402.0 = 0.04975886438844937
INFO [05-18-2024 19:26:46 PM]: WJetsToQQ_HT-800toInf_0 (2017) sf = (28.75)*1000*(41.48)/14722417.0 = 0.08100232455037784
INFO [05-18-2024 19:26:46 PM]: TTToHadronic_1 (2017) sf = (377.96)*1000*(41.48)/73140765879.47005 = 0.00021435078798375846
INFO [05-18-2024 19:26:46 PM]: QCD_HT1000to1500 (2016preVFP) sf = (1206)*1000*(19.52)/4773503.0 = 4.931623589636374
INFO [05-18-2024 19:26:47 PM]: TTToHadronic_0 (2017) sf = (377.96)*1000*(41.48)/73140765879.47005 = 0.00021435078798375846
INFO [05-18-2024 19:26:47 PM]: TTToHadronic_3 (2017) sf = (377.96)*1000*(41.48)/73140765879.47005 = 0.00021435078798375846
INFO [05-18-2024 19:26:47 PM]: TTToSemiLeptonic (2018) sf = (365.34)*1000*(59.83)/143354137521.54004 = 0.00015247758158857204
INFO [05-18-2024 19:26:47 PM]: QCD_HT1500to2000 (2016postVFP) sf = (98.71)*1000*(16.81)/3003707.0 = 0.5524224233588695
INFO [05-18-2024 19:26:47 PM]: QCD_HT1000to1500 (2016postVFP) sf = (1206)*1000*(16.81)/4365993.0 = 4.643356047524584
INFO [05-18-2024 19:26:47 PM]: QCD_HT2000toInf (2016postVFP) sf = (20.2)*1000*(16.81)/1847781.0 = 0.18376744863162897
INFO [05-18-2024 19:26:47 PM]: ZJetsToQQ_HT-800toInf (2016preVFP) sf = (12.99)*1000*(19.52)/3726992.0 = 0.0680347046626341
INFO [05-18-2024 19:26:47 PM]: TTToHadronic_1 (2016preVFP) sf = (377.96)*1000*(19.52)/30530922535.484005 = 0.00024164940287753545
INFO [05-18-2024 19:26:47 PM]: WJetsToQQ_HT-800toInf_1 (2017) sf = (28.75)*1000*(41.48)/14722417.0 = 0.08100232455037784
INFO [05-18-2024 19:26:47 PM]: QCD_HT2000toInf_1 (2018) sf = (20.2)*1000*(59.83)/5374711.0 = 0.22486157860394726
INFO [05-18-2024 19:26:47 PM]: ZJetsToQQ_HT-800toInf_1 (2017) sf = (12.99)*1000*(41.48)/9400574.0 = 0.057318329710504906
INFO [05-18-2024 19:26:47 PM]: WJetsToQQ_HT-600to800 (2017) sf = (59.25)*1000*(41.48)/14510253.0 = 0.16937609564767755
INFO [05-18-2024 19:26:48 PM]: QCD_HT700to1000_0 (2018) sf = (6802)*1000*(59.83)/48506751.0 = 8.389835468469121
INFO [05-18-2024 19:26:48 PM]: WJetsToQQ_HT-600to800 (2018) sf = (59.25)*1000*(59.83)/13633226.0 = 0.26002117913984557
INFO [05-18-2024 19:26:48 PM]: TTToHadronic_2 (2017) sf = (377.96)*1000*(41.48)/73140765879.47005 = 0.00021435078798375846
INFO [05-18-2024 19:26:48 PM]: ttHTobb_M125 (2018) sf = (0.1279)*1000*(59.83)/4843451.756051999 = 0.0015799180802076411
INFO [05-18-2024 19:26:48 PM]: ttHTobb_M125 (2017) sf = (0.1279)*1000*(41.48)/3919780.948356 = 0.0013534664487374222
INFO [05-18-2024 19:26:48 PM]: QCD_HT700to1000_2 (2017) sf = (6802)*1000*(41.48)/32934816.0 = 8.566829703861105
INFO [05-18-2024 19:26:48 PM]: QCD_HT2000toInf (2016preVFP) sf = (20.2)*1000*(19.52)/1629000.0 = 0.24205279312461633
INFO [05-18-2024 19:26:48 PM]: ZJetsToQQ_HT-600to800 (2017) sf = (25.34)*1000*(41.48)/11702567.0 = 0.08981817408095163
INFO [05-18-2024 19:26:49 PM]: TTToHadronic_6 (2018) sf = (377.96)*1000*(59.83)/104004534378.64801 = 0.00021742654717025962
INFO [05-18-2024 19:26:49 PM]: QCD_HT500to700 (2018) sf = (31630)*1000*(59.83)/49184771.0 = 38.47578958942393
INFO [05-18-2024 19:26:49 PM]: ZJetsToQQ_HT-600to800 (2018) sf = (25.34)*1000*(59.83)/12029507.0 = 0.126031116653409
INFO [05-18-2024 19:26:49 PM]: WJetsToQQ_HT-600to800 (2016postVFP) sf = (59.25)*1000*(16.81)/6804490.0 = 0.14637283617141034
INFO [05-18-2024 19:26:49 PM]: TTToSemiLeptonic (2017) sf = (365.34)*1000*(41.48)/104129959042.42807 = 0.00014553259541593916
INFO [05-18-2024 19:26:49 PM]: TTToHadronic_2 (2018) sf = (377.96)*1000*(59.83)/104004534378.648 = 0.00021742654717025965
INFO [05-18-2024 19:26:49 PM]: TTToHadronic_4 (2017) sf = (377.96)*1000*(41.48)/73140765879.47005 = 0.00021435078798375846
INFO [05-18-2024 19:26:49 PM]: WJetsToQQ_HT-800toInf_2 (2018) sf = (28.75)*1000*(59.83)/13581343.0 = 0.12665260718325133
INFO [05-18-2024 19:26:49 PM]: TTToHadronic_1 (2018) sf = (377.96)*1000*(59.83)/104004534378.64801 = 0.00021742654717025962
INFO [05-18-2024 19:26:49 PM]: QCD_HT1500to2000_2 (2018) sf = (98.71)*1000*(59.83)/10411831.0 = 0.5672219708521968
INFO [05-18-2024 19:26:50 PM]: TTToHadronic_5 (2018) sf = (377.96)*1000*(59.83)/104004534378.64801 = 0.00021742654717025962
INFO [05-18-2024 19:26:50 PM]: WWZ_4F (2018) sf = (0.1651)*1000*(59.83)/1701326.7746178003 = 0.005806017484336045
INFO [05-18-2024 19:26:50 PM]: TTToSemiLeptonic (2016preVFP) sf = (365.34)*1000*(19.52)/39772305735.14002 = 0.0001793065970952537
INFO [05-18-2024 19:26:50 PM]: WJetsToQQ_HT-600to800 (2016preVFP) sf = (59.25)*1000*(19.52)/7673043.0 = 0.1507302904466976
INFO [05-18-2024 19:26:50 PM]: ttHTobb_M125 (2016postVFP) sf = (0.1279)*1000*(16.81)/2473448.328624 = 0.0008692314187925902
INFO [05-18-2024 19:26:50 PM]: TTToSemiLeptonic (2016postVFP) sf = (365.34)*1000*(16.81)/43548253725.28402 = 0.00014102437812412984
INFO [05-18-2024 19:26:50 PM]: QCD_HT500to700 (2017) sf = (31630)*1000*(41.48)/36194860.0 = 36.24858336238903
INFO [05-18-2024 19:26:50 PM]: ttHToNonbb_M125 (2018) sf = (0.215)*1000*(59.83)/3671562.401598 = 0.0035035357139514634
INFO [05-18-2024 19:26:50 PM]: ttHTobb_M125 (2016preVFP) sf = (0.1279)*1000*(19.52)/2315362.28742 = 0.0010782796340619168
INFO [05-18-2024 19:26:50 PM]: TTToHadronic_3 (2018) sf = (377.96)*1000*(59.83)/104004534378.64801 = 0.00021742654717025962
INFO [05-18-2024 19:26:50 PM]: TTToHadronic_4 (2018) sf = (377.96)*1000*(59.83)/104004534378.64801 = 0.00021742654717025962
INFO [05-18-2024 19:26:51 PM]: TTToHadronic_0 (2018) sf = (377.96)*1000*(59.83)/104004534378.64801 = 0.00021742654717025962
INFO [05-18-2024 19:26:51 PM]: WZZ (2018) sf = (0.05565)*1000*(59.83)/571468.6796678341 = 0.0058262851814298786
INFO [05-18-2024 19:26:51 PM]: WZZ (2017) sf = (0.05565)*1000*(41.48)/565804.415915076 = 0.004079787882649667
INFO [05-18-2024 19:26:52 PM]: ttHToNonbb_M125 (2017) sf = (0.215)*1000*(41.48)/2540302.943178 = 0.003510683646590216
INFO [05-18-2024 19:26:52 PM]: ZJetsToQQ_HT-600to800 (2016preVFP) sf = (25.34)*1000*(19.52)/6093849.0 = 0.08116984848164108
INFO [05-18-2024 19:26:52 PM]: WWTo4Q_4f (2017) sf = (51.79)*1000*(41.48)/3366860424.163279 = 0.0006380571004911425
INFO [05-18-2024 19:26:52 PM]: ZJetsToQQ_HT-600to800 (2016postVFP) sf = (25.34)*1000*(16.81)/5529896.0 = 0.07702954992281952
INFO [05-18-2024 19:26:52 PM]: VBSWWH_SS_VBSCuts (2018) sf = (0.002828)*1000*(59.83)/100000.0 = 0.0016919923999999997
INFO [05-18-2024 19:26:53 PM]: ST_t-channel_top_4f_InclusiveDecays (2018) sf = (136.02)*1000*(59.83)/18955983507.893997 = 0.00042931439545782434
INFO [05-18-2024 19:26:53 PM]: VBSWZH_VBSCuts (2018) sf = (0.001637)*1000*(59.83)/100000.0 = 0.0009794171
INFO [05-18-2024 19:26:53 PM]: VBSZZH_VBSCuts (2018) sf = (0.001132)*1000*(59.83)/100000.0 = 0.0006772756
INFO [05-18-2024 19:26:53 PM]: VBSWWH_OS_VBSCuts (2018) sf = (0.001526)*1000*(59.83)/100000.0 = 0.0009130058
INFO [05-18-2024 19:26:53 PM]: VBSWZH_VBSCuts (2017) sf = (0.001637)*1000*(41.48)/100000.0 = 0.0006790276
INFO [05-18-2024 19:26:53 PM]: WWTo4Q_4f (2018) sf = (51.79)*1000*(59.83)/3375431134.00944 = 0.0009179851630743813
INFO [05-18-2024 19:26:53 PM]: WWZ_4F (2016preVFP) sf = (0.1651)*1000*(19.52)/866227.8943972801 = 0.0037204435701558487
INFO [05-18-2024 19:26:53 PM]: VBSWWH_SS_VBSCuts (2017) sf = (0.002828)*1000*(41.48)/100000.0 = 0.0011730544
INFO [05-18-2024 19:26:53 PM]: WWW_4F (2017) sf = (0.2086)*1000*(41.48)/2127100.3534672004 = 0.004067851329109105
INFO [05-18-2024 19:26:53 PM]: VBSWWH_SS_VBSCuts (2016postVFP) sf = (0.002828)*1000*(16.81)/100000.0 = 0.0004753867999999999
INFO [05-18-2024 19:26:53 PM]: VBSZZH_VBSCuts (2016postVFP) sf = (0.001132)*1000*(16.81)/100000.0 = 0.00019028919999999997
INFO [05-18-2024 19:26:53 PM]: WWZ_4F (2016postVFP) sf = (0.1651)*1000*(16.81)/784713.6799941598 = 0.003536743490977059
INFO [05-18-2024 19:26:53 PM]: VBSWWH_OS_VBSCuts (2017) sf = (0.001526)*1000*(41.48)/100000.0 = 0.0006329848
INFO [05-18-2024 19:26:53 PM]: WWW_4F (2018) sf = (0.2086)*1000*(59.83)/2135751.021314641 = 0.0058436296531969925
INFO [05-18-2024 19:26:53 PM]: ST_t-channel_top_4f_InclusiveDecays (2017) sf = (136.02)*1000*(41.48)/13808000809.116 = 0.00040861162147927285
INFO [05-18-2024 19:26:53 PM]: VBSZZH_VBSCuts (2016preVFP) sf = (0.001132)*1000*(19.52)/100000.0 = 0.00022096639999999996
INFO [05-18-2024 19:26:53 PM]: QCD_HT500to700 (2016preVFP) sf = (31630)*1000*(19.52)/15775001.0 = 39.138989594992736
INFO [05-18-2024 19:26:53 PM]: VBSWZH_VBSCuts (2016preVFP) sf = (0.001637)*1000*(19.52)/100000.0 = 0.0003195424
INFO [05-18-2024 19:26:53 PM]: VBSZZH_VBSCuts (2017) sf = (0.001132)*1000*(41.48)/100000.0 = 0.00046955359999999993
INFO [05-18-2024 19:26:53 PM]: VBSWWH_OS_VBSCuts (2016postVFP) sf = (0.001526)*1000*(16.81)/100000.0 = 0.0002565206
INFO [05-18-2024 19:26:54 PM]: VBSWZH_VBSCuts (2016postVFP) sf = (0.001637)*1000*(16.81)/100000.0 = 0.0002751797
INFO [05-18-2024 19:26:54 PM]: VBSWWH_SS_VBSCuts (2016preVFP) sf = (0.002828)*1000*(19.52)/100000.0 = 0.0005520256
INFO [05-18-2024 19:26:54 PM]: VBSWWH_OS_VBSCuts (2016preVFP) sf = (0.001526)*1000*(19.52)/100000.0 = 0.00029787520000000003
INFO [05-18-2024 19:26:55 PM]: QCD_HT500to700 (2016postVFP) sf = (31630)*1000*(16.81)/14212819.0 = 37.40991143277065
INFO [05-18-2024 19:26:55 PM]: WZZ (2016preVFP) sf = (0.05565)*1000*(19.52)/308416.900468794 = 0.0035221416152903464
INFO [05-18-2024 19:26:55 PM]: ZZZ (2018) sf = (0.01398)*1000*(59.83)/146027.50457004804 = 0.005727848342424939
INFO [05-18-2024 19:26:56 PM]: ZZZ (2017) sf = (0.01398)*1000*(41.48)/140629.40326271203 = 0.004123535950136242
INFO [05-18-2024 19:26:56 PM]: VBSWWH_SS_VBSCuts_tthfix (2017) sf = (0.002828)*1000*(41.48)/200000.0 = 0.0005865272
INFO [05-18-2024 19:26:56 PM]: VBSWWH_SS_VBSCuts_tthfix (2018) sf = (0.002828)*1000*(59.83)/200000.0 = 0.0008459961999999999
INFO [05-18-2024 19:26:56 PM]: ttHToNonbb_M125 (2016postVFP) sf = (0.215)*1000*(16.81)/1122813.9326040002 = 0.00321883251984428
INFO [05-18-2024 19:26:56 PM]: ttHToNonbb_M125 (2016preVFP) sf = (0.215)*1000*(19.52)/990602.6741519999 = 0.004236612831267237
INFO [05-18-2024 19:26:56 PM]: EWKWplus2Jets_WToQQ_dipoleRecoilOn (2018) sf = (10.67)*1000*(59.83)/9991000.0 = 0.06389611650485437
INFO [05-18-2024 19:26:56 PM]: WZZ (2016postVFP) sf = (0.05565)*1000*(16.81)/260326.39308171603 = 0.0035934754402960414
INFO [05-18-2024 19:26:56 PM]: ZH_HToBB_ZToQQ_M-125 (2018) sf = (0.1713336282)*1000*(59.83)/5611322.638808 = 0.001826822593359838
INFO [05-18-2024 19:26:56 PM]: WWTo4Q_4f (2016postVFP) sf = (51.79)*1000*(16.81)/1691051698.51794 = 0.0005148215756874828
INFO [05-18-2024 19:26:56 PM]: VBSWWH_OS_VBSCuts_tthfix (2017) sf = (0.001526)*1000*(41.48)/200000.0 = 0.0003164924
INFO [05-18-2024 19:26:56 PM]: WWW_4F (2016preVFP) sf = (0.2086)*1000*(19.52)/1120296.25274606 = 0.0036346385967274855
INFO [05-18-2024 19:26:56 PM]: VBSZZH_VBSCuts_tthfix (2017) sf = (0.001132)*1000*(41.48)/200000.0 = 0.00023477679999999996
INFO [05-18-2024 19:26:56 PM]: VBSZZH_VBSCuts_tthfix (2018) sf = (0.001132)*1000*(59.83)/200000.0 = 0.0003386378
INFO [05-18-2024 19:26:56 PM]: TTWW (2018) sf = (0.0115)*1000*(59.83)/944000.0 = 0.0007288612288135593
INFO [05-18-2024 19:26:56 PM]: VBSWWH_SS_VBSCuts_tthfix (2016preVFP) sf = (0.002828)*1000*(19.52)/200000.0 = 0.0002760128
INFO [05-18-2024 19:26:56 PM]: EWKWplus2Jets_WToQQ_dipoleRecoilOn (2017) sf = (10.67)*1000*(41.48)/7994000.0 = 0.05536547410557918
INFO [05-18-2024 19:26:56 PM]: WWTo4Q_4f (2016preVFP) sf = (51.79)*1000*(19.52)/1672345627.94354 = 0.0006045047047141443
INFO [05-18-2024 19:26:56 PM]: VBSWWH_OS_VBSCuts_tthfix (2018) sf = (0.001526)*1000*(59.83)/200000.0 = 0.0004565029
INFO [05-18-2024 19:26:56 PM]: VBSWZH_VBSCuts_tthfix (2017) sf = (0.001637)*1000*(41.48)/200000.0 = 0.0003395138
INFO [05-18-2024 19:26:56 PM]: VBSZZH_VBSCuts_tthfix (2016preVFP) sf = (0.001132)*1000*(19.52)/200000.0 = 0.00011048319999999998
INFO [05-18-2024 19:26:57 PM]: ST_t-channel_antitop_4f_InclusiveDecays (2018) sf = (80.95)*1000*(59.83)/6114949908.582957 = 0.0007920324078537454
INFO [05-18-2024 19:26:57 PM]: TTWJetsToQQ (2018) sf = (0.4377)*1000*(59.83)/656374.2728368 = 0.039897345285669426
INFO [05-18-2024 19:26:57 PM]: VBSWZH_VBSCuts_tthfix (2016preVFP) sf = (0.001637)*1000*(19.52)/200000.0 = 0.0001597712
INFO [05-18-2024 19:26:57 PM]: ST_t-channel_top_4f_InclusiveDecays (2016postVFP) sf = (136.02)*1000*(16.81)/6703802049.125999 = 0.00034107453997662404
INFO [05-18-2024 19:26:57 PM]: EWKWminus2Jets_WToQQ_dipoleRecoilOn (2018) sf = (10.67)*1000*(59.83)/9655000.0 = 0.06611974106680477
INFO [05-18-2024 19:26:57 PM]: VBSZZH_VBSCuts_tthfix (2016postVFP) sf = (0.001132)*1000*(16.81)/200000.0 = 9.514459999999998e-05
INFO [05-18-2024 19:26:57 PM]: ZH_HToBB_ZToQQ_M-125 (2017) sf = (0.1713336282)*1000*(41.48)/5523315.584057998 = 0.0012867124446498714
INFO [05-18-2024 19:26:57 PM]: VBSWZH_VBSCuts_tthfix (2018) sf = (0.001637)*1000*(59.83)/200000.0 = 0.00048970855
INFO [05-18-2024 19:26:57 PM]: ST_t-channel_top_4f_InclusiveDecays (2016preVFP) sf = (136.02)*1000*(19.52)/5948135224.056 = 0.00044637693999658183
INFO [05-18-2024 19:26:57 PM]: WWW_4F (2016postVFP) sf = (0.2086)*1000*(16.81)/897983.0426319 = 0.003904935654155116
INFO [05-18-2024 19:26:57 PM]: ZZZ (2016preVFP) sf = (0.01398)*1000*(19.52)/78317.0634226 = 0.0034844207389069706
INFO [05-18-2024 19:26:57 PM]: ST_tW_top_5f_inclusiveDecays (2018) sf = (19.559)*1000*(59.83)/258137398.58080003 = 0.0045333027156609735
INFO [05-18-2024 19:26:57 PM]: ST_t-channel_antitop_4f_InclusiveDecays (2017) sf = (80.95)*1000*(41.48)/4462869081.826046 = 0.0007523872958034668
INFO [05-18-2024 19:26:57 PM]: EWKZ2Jets_ZToQQ_dipoleRecoilOn (2018) sf = (10.67)*1000*(59.83)/9985000.0 = 0.06393451176765147
INFO [05-18-2024 19:26:57 PM]: VBSWWH_SS_VBSCuts_tthfix (2016postVFP) sf = (0.002828)*1000*(16.81)/200000.0 = 0.00023769339999999995
INFO [05-18-2024 19:26:57 PM]: ST_tW_antitop_5f_inclusiveDecays (2018) sf = (19.559)*1000*(59.83)/251902163.21000007 = 0.004645513778396741
INFO [05-18-2024 19:26:57 PM]: VBSWWH_OS_VBSCuts_tthfix (2016postVFP) sf = (0.001526)*1000*(16.81)/200000.0 = 0.0001282603
INFO [05-18-2024 19:26:57 PM]: TTWW (2017) sf = (0.0115)*1000*(41.48)/698000.0 = 0.0006834097421203439
INFO [05-18-2024 19:26:57 PM]: ZZZ (2016postVFP) sf = (0.01398)*1000*(16.81)/66938.696705888 = 0.0035107316330425177
INFO [05-18-2024 19:26:57 PM]: EWKZ2Jets_ZToQQ_dipoleRecoilOn (2017) sf = (10.67)*1000*(41.48)/8000000.0 = 0.05532395
INFO [05-18-2024 19:26:58 PM]: VBSWWH_OS_VBSCuts_tthfix (2016preVFP) sf = (0.001526)*1000*(19.52)/200000.0 = 0.00014893760000000002
INFO [05-18-2024 19:26:58 PM]: VBSWZH_VBSCuts_tthfix (2016postVFP) sf = (0.001637)*1000*(16.81)/200000.0 = 0.00013758985
INFO [05-18-2024 19:26:58 PM]: EWKWminus2Jets_WToQQ_dipoleRecoilOn (2017) sf = (10.67)*1000*(41.48)/7874000.0 = 0.056209245618491235
INFO [05-18-2024 19:26:58 PM]: EWKWplus2Jets_WToQQ_dipoleRecoilOn (2016postVFP) sf = (10.67)*1000*(16.81)/4998122.0 = 0.03588601878865701
INFO [05-18-2024 19:26:58 PM]: TTWJetsToQQ (2017) sf = (0.4377)*1000*(41.48)/444333.9716704 = 0.04086069748785196
INFO [05-18-2024 19:26:58 PM]: ST_tW_top_5f_inclusiveDecays (2017) sf = (19.559)*1000*(41.48)/183284888.00640005 = 0.004426482340277122
INFO [05-18-2024 19:26:58 PM]: ZH_HToBB_ZToQQ_M-125 (2016preVFP) sf = (0.1713336282)*1000*(19.52)/3031835.5652499995 = 0.0011031048190069716
INFO [05-18-2024 19:26:58 PM]: TTWZ (2018) sf = (0.003884)*1000*(59.83)/498000.0 = 0.00046662594377510036
INFO [05-18-2024 19:26:59 PM]: ST_tW_antitop_5f_inclusiveDecays (2017) sf = (19.559)*1000*(41.48)/184446313.3 = 0.004398609576329222
INFO [05-18-2024 19:26:59 PM]: EWKZ2Jets_ZToQQ_dipoleRecoilOn (2016preVFP) sf = (10.67)*1000*(19.52)/4979000.0 = 0.04183137176139787
INFO [05-18-2024 19:26:59 PM]: EWKWplus2Jets_WToQQ_dipoleRecoilOn (2016preVFP) sf = (10.67)*1000*(19.52)/4943000.0 = 0.042136030750556344
INFO [05-18-2024 19:26:59 PM]: EWKWminus2Jets_WToQQ_dipoleRecoilOn (2016postVFP) sf = (10.67)*1000*(16.81)/4998130.0 = 0.03588596134954473
INFO [05-18-2024 19:26:59 PM]: EWKWminus2Jets_WToQQ_dipoleRecoilOn (2016preVFP) sf = (10.67)*1000*(19.52)/4999000.0 = 0.04166401280256051
INFO [05-18-2024 19:26:59 PM]: TTWW (2016preVFP) sf = (0.0115)*1000*(19.52)/278000.0 = 0.0008074820143884892
INFO [05-18-2024 19:26:59 PM]: EWKZ2Jets_ZToQQ_dipoleRecoilOn (2016postVFP) sf = (10.67)*1000*(16.81)/4928082.0 = 0.036396046169686294
INFO [05-18-2024 19:26:59 PM]: TTWZ (2017) sf = (0.003884)*1000*(41.48)/350000.0 = 0.0004603094857142857
INFO [05-18-2024 19:26:59 PM]: ZH_HToBB_ZToQQ_M-125 (2016postVFP) sf = (0.1713336282)*1000*(16.81)/2574972.2668240005 = 0.001118504586301572
INFO [05-18-2024 19:26:59 PM]: ST_tW_top_5f_inclusiveDecays (2016postVFP) sf = (19.559)*1000*(16.81)/80821432.59200004 = 0.004068064366784614
INFO [05-18-2024 19:26:59 PM]: ST_t-channel_antitop_4f_InclusiveDecays (2016postVFP) sf = (80.95)*1000*(16.81)/1957283270.7582042 = 0.0006952338071498822
INFO [05-18-2024 19:26:59 PM]: ST_t-channel_antitop_4f_InclusiveDecays (2016preVFP) sf = (80.95)*1000*(19.52)/1983864521.5964816 = 0.000796497937635583
INFO [05-18-2024 19:26:59 PM]: TTWJetsToQQ (2016postVFP) sf = (0.4377)*1000*(16.81)/209107.0033584 = 0.035186468563126835
INFO [05-18-2024 19:26:59 PM]: TTWW (2016postVFP) sf = (0.0115)*1000*(16.81)/309000.0 = 0.0006256148867313916
INFO [05-18-2024 19:26:59 PM]: TTWJetsToQQ (2016preVFP) sf = (0.4377)*1000*(19.52)/184218.52841280002 = 0.046379178433423776
INFO [05-18-2024 19:27:00 PM]: ST_tW_top_5f_inclusiveDecays (2016preVFP) sf = (19.559)*1000*(19.52)/74624666.33600001 = 0.005116159290829796
INFO [05-18-2024 19:27:00 PM]: ST_tW_antitop_5f_inclusiveDecays (2016postVFP) sf = (19.559)*1000*(16.81)/83024149.93800002 = 0.003960134373498894
INFO [05-18-2024 19:27:00 PM]: WZTo2Q2L_mllmin4p0 (2018) sf = (5.6)*1000*(59.83)/274146243.4568561 = 0.0012221506148514063
INFO [05-18-2024 19:27:00 PM]: ST_tW_antitop_5f_inclusiveDecays (2016preVFP) sf = (19.559)*1000*(19.52)/74766343.79400003 = 0.005106464494932794
INFO [05-18-2024 19:27:00 PM]: WZTo2Q2L_mllmin4p0 (2017) sf = (5.6)*1000*(41.48)/279011957.777992 = 0.0008325377946160645
INFO [05-18-2024 19:27:00 PM]: TTWZ (2016postVFP) sf = (0.003884)*1000*(16.81)/159000.0 = 0.00041062918238993706
INFO [05-18-2024 19:27:00 PM]: TTWZ (2016preVFP) sf = (0.003884)*1000*(19.52)/140000.0 = 0.0005415405714285714
INFO [05-18-2024 19:27:00 PM]: ZZTo4Q_5f (2018) sf = (3.451)*1000*(59.83)/14508182.721835006 = 0.014231508794637313
INFO [05-18-2024 19:27:00 PM]: ZZTo2Q2L_mllmin4p0 (2018) sf = (3.28)*1000*(59.83)/161924457.81939876 = 0.0012119379780099527
INFO [05-18-2024 19:27:00 PM]: ZZTo4Q_5f (2017) sf = (3.451)*1000*(41.48)/14363539.312917005 = 0.009966031134907585
INFO [05-18-2024 19:27:00 PM]: WWTo1L1Nu2Q_4f (2017) sf = (51.65)*1000*(41.48)/3364342782.312649 = 0.0006368084760160158
INFO [05-18-2024 19:27:00 PM]: WZTo2Q2L_mllmin4p0 (2016preVFP) sf = (5.6)*1000*(19.52)/150461589.64956802 = 0.0007265110002798235
INFO [05-18-2024 19:27:00 PM]: ZZTo2Q2L_mllmin4p0 (2017) sf = (3.28)*1000*(41.48)/162895522.45623606 = 0.0008352249217688149
INFO [05-18-2024 19:27:00 PM]: WWTo1L1Nu2Q_4f (2016preVFP) sf = (51.65)*1000*(19.52)/1691013737.80942 = 0.0005962151444766243
INFO [05-18-2024 19:27:00 PM]: WWTo1L1Nu2Q_4f (2018) sf = (51.65)*1000*(59.83)/3393645436.4198303 = 0.0009105899711373698
INFO [05-18-2024 19:27:00 PM]: ZZTo4Q_5f (2016preVFP) sf = (3.451)*1000*(19.52)/7087208.439165003 = 0.009504944094453162
INFO [05-18-2024 19:27:00 PM]: ZZTo4Q_5f (2016postVFP) sf = (3.451)*1000*(16.81)/7271593.462734001 = 0.007977798854859068
INFO [05-18-2024 19:27:00 PM]: WZTo2Q2L_mllmin4p0 (2016postVFP) sf = (5.6)*1000*(16.81)/129756627.88206398 = 0.0007254812454401972
INFO [05-18-2024 19:27:01 PM]: WZTo1L1Nu2Q_4f (2017) sf = (49.997)*1000*(41.48)/110858039.00628798 = 0.01870748913285727
INFO [05-18-2024 19:27:01 PM]: WWTo1L1Nu2Q_4f (2016postVFP) sf = (51.65)*1000*(16.81)/1684137687.5030298 = 0.0005155377178734609
INFO [05-18-2024 19:27:01 PM]: WJetsToQQ_HT-400to600 (2017) sf = (276.5)*1000*(41.48)/9927793.0 = 1.1552638134175441
INFO [05-18-2024 19:27:01 PM]: ZZTo2Q2L_mllmin4p0 (2016postVFP) sf = (3.28)*1000*(16.81)/75775135.8073346 = 0.0007276370990636096
INFO [05-18-2024 19:27:01 PM]: VHToNonbb_M125 (2018) sf = (2.207)*1000*(59.83)/7023767.516864001 = 0.018799712502294764
INFO [05-18-2024 19:27:01 PM]: WWZ_4F (2017) sf = (0.1651)*1000*(41.48)/30386.291709359997 = 0.22537623430668502
INFO [05-18-2024 19:27:01 PM]: WJetsToQQ_HT-400to600 (2018) sf = (276.5)*1000*(59.83)/9335298.0 = 1.772090724902408
INFO [05-18-2024 19:27:01 PM]: WJetsToQQ_HT-400to600 (2016postVFP) sf = (276.5)*1000*(16.81)/4455853.0 = 1.0431145282395986
INFO [05-18-2024 19:27:01 PM]: ZJetsToQQ_HT-400to600 (2018) sf = (114.2)*1000*(59.83)/13930474.0 = 0.4904776391671956
INFO [05-18-2024 19:27:01 PM]: ZZTo2Q2L_mllmin4p0 (2016preVFP) sf = (3.28)*1000*(19.52)/88594639.63439178 = 0.0007226802915415408
INFO [05-18-2024 19:27:01 PM]: ZJetsToQQ_HT-400to600 (2017) sf = (114.2)*1000*(41.48)/14884962.0 = 0.3182417261125692
INFO [05-18-2024 19:27:01 PM]: WZTo1L1Nu2Q_4f (2016postVFP) sf = (49.997)*1000*(16.81)/55731090.928036995 = 0.015080443537077607
INFO [05-18-2024 19:27:01 PM]: WZTo1L1Nu2Q_4f (2018) sf = (49.997)*1000*(59.83)/111635546.181173 = 0.02679541250369658
INFO [05-18-2024 19:27:01 PM]: VHToNonbb_M125 (2017) sf = (2.207)*1000*(41.48)/5066302.999085 = 0.01806965750302217
INFO [05-18-2024 19:27:01 PM]: WJetsToQQ_HT-400to600 (2016preVFP) sf = (276.5)*1000*(19.52)/5153588.0 = 1.047285890917163
INFO [05-18-2024 19:27:02 PM]: WZTo1L1Nu2Q_4f (2016preVFP) sf = (49.997)*1000*(19.52)/55837849.198033005 = 0.01747813452733024
INFO [05-18-2024 19:27:02 PM]: ZJetsToQQ_HT-400to600 (2016preVFP) sf = (114.2)*1000*(19.52)/7709128.0 = 0.2891616276185841
INFO [05-18-2024 19:27:02 PM]: WZJJ_EWK_InclusivePolarization (2018) sf = (0.01701)*1000*(59.83)/29237.155659680004 = 0.03480873145958886
INFO [05-18-2024 19:27:02 PM]: VHToNonbb_M125 (2016preVFP) sf = (2.207)*1000*(19.52)/2561276.2952920003 = 0.016819989346400662
INFO [05-18-2024 19:27:02 PM]: EWKZ2Jets_ZToNuNu_M-50 (2017) sf = (10.72)*1000*(41.48)/2976000.0 = 0.14941720430107527
INFO [05-18-2024 19:27:02 PM]: ZJetsToQQ_HT-400to600 (2016postVFP) sf = (114.2)*1000*(16.81)/6942718.0 = 0.27650582956127556
INFO [05-18-2024 19:27:02 PM]: WplusH_HToBB_WToLNu_M-125 (2017) sf = (0.08487599411)*1000*(41.48)/1379069.7327400004 = 0.0025529211120367316
INFO [05-18-2024 19:27:02 PM]: ZZTo2Nu2Q_5f (2017) sf = (4.58725)*1000*(41.48)/37461109.65704401 = 0.005079377833224991
INFO [05-18-2024 19:27:02 PM]: ZZTo2Nu2Q_5f (2018) sf = (4.58725)*1000*(59.83)/37590250.764148004 = 0.007301232684559895
INFO [05-18-2024 19:27:02 PM]: EWKZ2Jets_ZToNuNu_M-50 (2018) sf = (10.72)*1000*(59.83)/2969000.0 = 0.21602478949141124
INFO [05-18-2024 19:27:02 PM]: WminusH_HToBB_WToLNu_M-125 (2017) sf = (0.04901236122)*1000*(41.48)/838429.3056330001 = 0.0024248111674373004
INFO [05-18-2024 19:27:02 PM]: WplusH_HToBB_WToLNu_M-125 (2018) sf = (0.08487599411)*1000*(59.83)/1377077.4378200006 = 0.0036876145001985493
INFO [05-18-2024 19:27:02 PM]: ZZTo2Nu2Q_5f (2016postVFP) sf = (4.58725)*1000*(16.81)/18744054.077794 = 0.004113927124834422
INFO [05-18-2024 19:27:02 PM]: ZZTo2Nu2Q_5f (2016preVFP) sf = (4.58725)*1000*(19.52)/18741128.384985995 = 0.0047778937404716415
INFO [05-18-2024 19:27:02 PM]: WZJJ_EWK_InclusivePolarization (2016preVFP) sf = (0.01701)*1000*(19.52)/30747.70926882 = 0.010798697135357117
INFO [05-18-2024 19:27:02 PM]: WminusH_HToBB_WToLNu_M-125 (2018) sf = (0.04901236122)*1000*(59.83)/862915.6701139999 = 0.0033982574118803515
INFO [05-18-2024 19:27:02 PM]: QCD_HT300to500 (2018) sf = (351302)*1000*(59.83)/61609663.0 = 341.15425464995644
INFO [05-18-2024 19:27:02 PM]: VHToNonbb_M125 (2016postVFP) sf = (2.207)*1000*(16.81)/1917613.6729720002 = 0.019346790504732547
INFO [05-18-2024 19:27:02 PM]: QCD_HT300to500 (2016preVFP) sf = (351302)*1000*(19.52)/15341307.0 = 446.99027533964346
INFO [05-18-2024 19:27:02 PM]: WZJJ_EWK_InclusivePolarization (2017) sf = (0.01701)*1000*(41.48)/31195.062866480002 = 0.02261815605309007
INFO [05-18-2024 19:27:02 PM]: WplusH_HToBB_WToLNu_M-125 (2016postVFP) sf = (0.08487599411)*1000*(16.81)/630589.0213000003 = 0.0022625916608058454
INFO [05-18-2024 19:27:02 PM]: WminusH_HToBB_WToLNu_M-125 (2016preVFP) sf = (0.04901236122)*1000*(19.52)/456328.808984 = 0.0020965612343093265
INFO [05-18-2024 19:27:02 PM]: EWKZ2Jets_ZToNuNu_M-50 (2016preVFP) sf = (10.72)*1000*(19.52)/1450000.0 = 0.14431337931034482
INFO [05-18-2024 19:27:02 PM]: QCD_HT300to500 (2017) sf = (351302)*1000*(41.48)/43429979.0 = 335.5287590629505
INFO [05-18-2024 19:27:02 PM]: EWKZ2Jets_ZToNuNu_M-50 (2016postVFP) sf = (10.72)*1000*(16.81)/1500000.0 = 0.12013546666666665
INFO [05-18-2024 19:27:02 PM]: WminusH_HToBB_WToLNu_M-125 (2016postVFP) sf = (0.04901236122)*1000*(16.81)/396666.034612 = 0.002077056567028982
INFO [05-18-2024 19:27:03 PM]: QCD_HT100to200 (2017) sf = (27849880)*1000*(41.48)/54381393.0 = 21242.799396477396
INFO [05-18-2024 19:27:03 PM]: WplusH_HToBB_WToLNu_M-125 (2016preVFP) sf = (0.08487599411)*1000*(19.52)/745714.0028800002 = 0.002221735676986889
INFO [05-18-2024 19:27:03 PM]: EWKZ2Jets_ZToLL_M-50 (2017) sf = (6.22)*1000*(41.48)/579000.0 = 0.4456055267702936
INFO [05-18-2024 19:27:03 PM]: WZJJ_EWK_InclusivePolarization (2016postVFP) sf = (0.01701)*1000*(16.81)/28529.2964949 = 0.01002261307253459
INFO [05-18-2024 19:27:03 PM]: QCD_HT200to300 (2018) sf = (1716997)*1000*(59.83)/57336623.0 = 1791.6634279280802
INFO [05-18-2024 19:27:03 PM]: QCD_HT100to200 (2018) sf = (27849880)*1000*(59.83)/84434559.0 = 19734.316613177314
INFO [05-18-2024 19:27:03 PM]: QCD_HT200to300 (2017) sf = (1716997)*1000*(41.48)/42714435.0 = 1667.3762759591693
INFO [05-18-2024 19:27:03 PM]: WJetsToQQ_HT-200to400 (2018) sf = (2549.0)*1000*(59.83)/14494966.0 = 10.521354103210728
INFO [05-18-2024 19:27:03 PM]: QCD_HT100to200 (2016postVFP) sf = (27849880)*1000*(16.81)/23717410.0 = 19738.937885713487
INFO [05-18-2024 19:27:03 PM]: ZJetsToQQ_HT-200to400 (2018) sf = (1012.0)*1000*(59.83)/15002757.0 = 4.03578888866893
INFO [05-18-2024 19:27:03 PM]: QCD_HT300to500 (2016postVFP) sf = (351302)*1000*(16.81)/16747056.0 = 352.62237255312215
INFO [05-18-2024 19:27:03 PM]: EWKZ2Jets_ZToLL_M-50 (2016preVFP) sf = (6.22)*1000*(19.52)/500000.0 = 0.24282879999999998
INFO [05-18-2024 19:27:03 PM]: EWKZ2Jets_ZToLL_M-50 (2016postVFP) sf = (6.22)*1000*(16.81)/453000.0 = 0.23081280353200884
INFO [05-18-2024 19:27:03 PM]: ZJetsToQQ_HT-200to400 (2017) sf = (1012.0)*1000*(41.48)/15256299.0 = 2.7515034937372427
INFO [05-18-2024 19:27:03 PM]: WJetsToQQ_HT-200to400 (2016postVFP) sf = (2549.0)*1000*(16.81)/7065076.0 = 6.064859033363548
INFO [05-18-2024 19:27:03 PM]: EWKZ2Jets_ZToLL_M-50 (2018) sf = (6.22)*1000*(59.83)/1000000.0 = 0.3721426
INFO [05-18-2024 19:27:03 PM]: WJetsToQQ_HT-200to400 (2017) sf = (2549.0)*1000*(41.48)/15968057.0 = 6.621501914728886
INFO [05-18-2024 19:27:03 PM]: QCD_HT100to200 (2016preVFP) sf = (27849880)*1000*(19.52)/26312661.0 = 20660.38313646803
INFO [05-18-2024 19:27:03 PM]: WJetsToQQ_HT-200to400 (2016preVFP) sf = (2549.0)*1000*(19.52)/8000572.0 = 6.219115333253672
INFO [05-18-2024 19:27:04 PM]: QCD_HT200to300 (2016postVFP) sf = (1716997)*1000*(16.81)/17569141.0 = 1642.8076688552956
INFO [05-18-2024 19:27:04 PM]: QCD_HT200to300 (2016preVFP) sf = (1716997)*1000*(19.52)/16524587.0 = 2028.2371619938217
INFO [05-18-2024 19:27:04 PM]: ZJetsToQQ_HT-200to400 (2016postVFP) sf = (1012.0)*1000*(16.81)/5324487.0 = 3.194997001589073
INFO [05-18-2024 19:27:04 PM]: ZJetsToQQ_HT-200to400 (2016preVFP) sf = (1012.0)*1000*(19.52)/6370396.0 = 3.1009438031795824
